 * * * * * * * * * * * * * * * * * * * * * * * * * * * * * * * * * * * *
 *    janpa: A cross-platform open-source implementation of NPA        * 
 *    and other electronic structure analysis methods with Java        * 
 *        A part of JANPA package,   http://janpa.sourceforge.net      * 
 *                    Version:    2.02 (13-01-2019)                    * 
 * * * * * * * * * * * * * * * * * * * * * * * * * * * * * * * * * * * *

 (c) Tymofii Nikolaienko, 2014-2019

 If any results obtained with this program are published,
 or for any other reasons, please, cite this work as: 
 1) T.Y.Nikolaienko, L.A.Bulavin; Int. J. Quantum Chem. (2019), 
    Vol.119, page e25798, DOI: 10.1002/qua.25798
 2) T.Y.Nikolaienko, L.A.Bulavin, D.M.Hovorun; Comput.Theor.Chem.(2014),
    Vol.1050, pages 15-22, DOI: 10.1016/j.comptc.2014.10.002

                          * * *                                         

Settings used in this run:

 -i: 4nitroaniline_3_janpa.molden
 -npacharges: (empty)
 -NAO_Molden_File: (empty)
 -LHO_Molden_File: (empty)
 -CLPO_Molden_File: (empty)
 -PrintGeom: false
 -WibergBondOrders_File: (empty)
 -D_Matrix_File: (empty)
 -S_Matrix_File: (empty)
 -SDS_Matrix_File: (empty)
 -PNAO_OverlapMatrix_File: (empty)
 -PNAO_SDS_Matrix_File: (empty)
 -NMB_old_Overlap_Matrix_File: (empty)
 -NMB_old_SDS_Matrix_File: (empty)
 -NRB_old_Overlap_Matrix_File: (empty)
 -NRB_new_Overlap_Matrix_File: (empty)
 -S_Matrix_after_ON2_File: (empty)
 -SDS_Matrix_after_ON2_File: (empty)
 -NRB_Overlap_after_OW_heavy_File: (empty)
 -NRB_Overlap_after_Schmidt2_File: (empty)
 -NRB_Overlap_after_OW2_final_File: (empty)
 -OW2_File: (empty)
 -S_Matrix_after_OW2_File: (empty)
 -SDS_Matrix_after_OW2_File: (empty)
 -SDS_NAO_File: (empty)
 -NAO2AO_File: (empty)
 -PNAO2AO_File: (empty)
 -CLPO2LHO_File: (empty)
 -LHO2NAO_File: (empty)
 -LPO2AHO_File: (empty)
 -AHO2NAO_File: (empty)
 -doFock: false
 -Fock_AO_File: (empty)
 -Fock_NAO_File: (empty)
 -printnmbfock: false
 -PNAO_Molden_File: (empty)
 -AHO_Molden_File: (empty)
 -LPO_Molden_File: (empty)
 -MatrixMaxValuesPerLine: 0
 -MatrixFloatNumberFormat: %.5f
 -maximumBondIonicity: 9.00E-01
 -RyOccPrintThreshold: 1.00E-03
 -HybrOptOccConvThresh: 1.00E-05
 -HybrOptMaxIter: 1000
 -verboseprint: false
 -directNRBwsw: false
 -heavyNRBthreshold: 1.00E-04
 -overlap_straightforward: false
 -p: (empty)

                          * * *                                         

Loading MOLDEN from 4nitroaniline_3_janpa.molden
Basis functions are spherical: true
Total number of basis functions: 170
Total number of different contractions (radial parts): 78
Highest angular momentum: d (Lmax = 2)
Total number of MO: 170

Data loaded successfully
 Number of basis functions: 170; number of molecular orbitals: 170 

Building overlap S and dipole matrices...
Overlap & dipole integrals evaluated in 0.030 seconds
Checking whether the basis functions are unity-normalized...
 Maximum deviation of the basis function norm2 from unity: BFN 62 (0-based num.), max|norm2-1| = 6.000E-10 
Checking for the eigenvalues (linear (in)dependency) of the basis function overlap matrix...
The smallest eigenvalue of the basis function overlap matrix: 2.592E-04 
Checking whether the orbitals are unity-normalized...
Checking MO overlap matrix...
 Maximum of MO |norm2-1|: 1.272E-09 (MO  108)
 Maximum absolute value of off-diagonal MO overlap element: 2.701E-09 (< MO   16 | MO  104 >)
First-order reduced density matrix is OK.

Building density matrix D... done.
Building D.S... done.
Total number of electrons: 72.000000
Sum of electrons charges and the nuclei charges: 0.00000 

Performing Mulliken and Lowdin population analyses...
   Atom	Mulliken  	Lowdin    	Mulliken	Lowdin
       	Population	Population	Charge  	Charge
     O1	 8.25884	 8.22385	-0.25884	-0.22385
     O2	 8.25884	 8.22385	-0.25884	-0.22385
     N3	 6.76406	 6.72311	 0.23594	 0.27689
     N4	 7.05483	 6.99697	-0.05483	 0.00303
     C5	 5.83824	 6.06241	 0.16176	-0.06241
     C6	 5.89459	 5.95222	 0.10541	 0.04778
     C7	 6.01878	 5.99018	-0.01878	 0.00982
     C8	 6.01879	 5.99019	-0.01879	 0.00981
     C9	 6.03302	 6.06421	-0.03302	-0.06421
    C10	 6.03302	 6.06421	-0.03302	-0.06421
    H11	 0.99706	 0.95935	 0.00294	 0.04065
    H12	 0.99706	 0.95935	 0.00294	 0.04065
    H13	 1.03298	 0.97393	-0.03298	 0.02607
    H14	 1.03298	 0.97393	-0.03298	 0.02607
    H15	 0.88345	 0.92112	 0.11655	 0.07888
    H16	 0.88345	 0.92112	 0.11655	 0.07888

Building S.D.S... done.

                          * * *                                         

Creating NAOs


STEP 1. Produce PNAOs

 Total number of natural functions produced: 170
Sorting PNAOs...

STEP 2. Split PNAOs into NMB / NRB sets

 Number of basis functions in teh Natural Minimal Basis (NMB) set for each center: 
center   1:   2 of s |  3 of p |  0 of d |  0 of f |  0 of g |
center   2:   2 of s |  3 of p |  0 of d |  0 of f |  0 of g |
center   3:   2 of s |  3 of p |  0 of d |  0 of f |  0 of g |
center   4:   2 of s |  3 of p |  0 of d |  0 of f |  0 of g |
center   5:   2 of s |  3 of p |  0 of d |  0 of f |  0 of g |
center   6:   2 of s |  3 of p |  0 of d |  0 of f |  0 of g |
center   7:   2 of s |  3 of p |  0 of d |  0 of f |  0 of g |
center   8:   2 of s |  3 of p |  0 of d |  0 of f |  0 of g |
center   9:   2 of s |  3 of p |  0 of d |  0 of f |  0 of g |
center  10:   2 of s |  3 of p |  0 of d |  0 of f |  0 of g |
center  11:   1 of s |  0 of p |  0 of d |  0 of f |  0 of g |
center  12:   1 of s |  0 of p |  0 of d |  0 of f |  0 of g |
center  13:   1 of s |  0 of p |  0 of d |  0 of f |  0 of g |
center  14:   1 of s |  0 of p |  0 of d |  0 of f |  0 of g |
center  15:   1 of s |  0 of p |  0 of d |  0 of f |  0 of g |
center  16:   1 of s |  0 of p |  0 of d |  0 of f |  0 of g |
In total: NMB set has 56 functions, NRB set has 114 functions; 

Trace of the PNAO overlap matrix: 170.0000000 (should be equal to 170, the total number of PNAOs)
 The trace of SDS matrix in PNAO basis = 121.08162280473191

STEP 3. Weighted orthogonalization of NMB PNAOs

 min weight of NMB PNAO = 1.5002201934991006

STEP 4. Schmidt orthogonalization of NRBs to new NMBs


STEP 5. Intracenter naturalization of new NRBs

 Total number of natural functions produced: 114

STEP 6. Weighted orthogonalization of naturalized NRBs

Maximum weight of NRB function = 9.82889E-02
 min weight = 0.003587415055652635
 |S_NRB - 1| = 1.17901E-12 (Should be VERY close to zero!)

STEP 7. Final Intracenter Natural Transformation withing the full set of functions

 Total number of natural functions produced: 170
 SQRT{ SUM[(NaoOverlap_ij - delta_ij)^2] } = 1.24e-12 (should be VERY close to zero) 
 max_offdiag = 4.78e-13 (should be VERY close to zero) 
                          * * *                                         

 Final NAO occupancies and leading AO terms:

NAO #                 Name  Occupancy                             Leading term
    1         A1*: R1*s(0)  0.0024836              (-6.79)*BF[3 = A1: R3*s(0)]
    2          A1: R2*s(0)  1.7335776               (0.80)*BF[2 = A1: R2*s(0)]
    3          A1: R3*s(0)  1.9997588              (-1.01)*BF[1 = A1: R1*s(0)]
    4         A1*: R4*p(0)  0.0019742             (2.09)*BF[36 = A3: R17*p(1)]
    5         A1*: R4*p(1)  0.0016280              (-2.94)*BF[3 = A1: R3*s(0)]
    6        A1*: R4*p(-1)  0.0018011              (1.31)*BF[9 = A1: R5*p(-1)]
    7          A1: R5*p(0)  1.7722439               (0.72)*BF[4 = A1: R4*p(0)]
    8          A1: R5*p(1)  1.4284465               (0.76)*BF[5 = A1: R4*p(1)]
    9         A1: R5*p(-1)  1.4539397              (0.70)*BF[6 = A1: R4*p(-1)]
   10         A1*: R6*d(0)  0.0006440              (1.06)*BF[10 = A1: R6*d(0)]
   11         A1*: R6*d(1)  0.0005952              (1.01)*BF[11 = A1: R6*d(1)]
   12        A1*: R6*d(-1)  0.0016819             (1.04)*BF[12 = A1: R6*d(-1)]
   13         A1*: R6*d(2)  0.0020416              (1.10)*BF[13 = A1: R6*d(2)]
   14        A1*: R6*d(-2)  0.0019642               (1.53)*BF[3 = A1: R3*s(0)]
   15         A2*: R7*s(0)  0.0024836             (-6.79)*BF[17 = A2: R9*s(0)]
   16          A2: R8*s(0)  1.7335583              (0.80)*BF[16 = A2: R8*s(0)]
   17          A2: R9*s(0)  1.9997588             (-1.01)*BF[15 = A2: R7*s(0)]
   18        A2*: R10*p(0)  0.0019744            (-2.09)*BF[36 = A3: R17*p(1)]
   19        A2*: R10*p(1)  0.0016281              (2.94)*BF[17 = A2: R9*s(0)]
   20       A2*: R10*p(-1)  0.0018014            (1.31)*BF[23 = A2: R11*p(-1)]
   21         A2: R11*p(0)  1.7722210             (0.72)*BF[18 = A2: R10*p(0)]
   22         A2: R11*p(1)  1.4284817             (0.76)*BF[19 = A2: R10*p(1)]
   23        A2: R11*p(-1)  1.4539404            (0.70)*BF[20 = A2: R10*p(-1)]
   24        A2*: R12*d(0)  0.0006441             (1.06)*BF[24 = A2: R12*d(0)]
   25        A2*: R12*d(1)  0.0005953             (1.01)*BF[25 = A2: R12*d(1)]
   26       A2*: R12*d(-1)  0.0016820            (1.04)*BF[26 = A2: R12*d(-1)]
   27        A2*: R12*d(2)  0.0020418             (1.10)*BF[27 = A2: R12*d(2)]
   28       A2*: R12*d(-2)  0.0019644             (-1.53)*BF[17 = A2: R9*s(0)]
   29        A3*: R13*s(0)  0.0061487            (-8.80)*BF[31 = A3: R15*s(0)]
   30         A3: R14*s(0)  1.0463278             (1.28)*BF[30 = A3: R14*s(0)]
   31         A3: R15*s(0)  1.9992652            (-1.01)*BF[29 = A3: R13*s(0)]
   32        A3*: R16*p(0)  0.0119823             (3.52)*BF[35 = A3: R17*p(0)]
   33        A3*: R16*p(1)  0.0179049             (4.69)*BF[36 = A3: R17*p(1)]
   34       A3*: R16*p(-1)  0.0008349            (1.65)*BF[37 = A3: R17*p(-1)]
   35         A3: R17*p(0)  1.2113352            (-0.93)*BF[32 = A3: R16*p(0)]
   36         A3: R17*p(1)  0.9972970            (-0.96)*BF[33 = A3: R16*p(1)]
   37        A3: R17*p(-1)  1.1833904           (-0.79)*BF[34 = A3: R16*p(-1)]
   38        A3*: R18*d(0)  0.0007818            (-2.95)*BF[31 = A3: R15*s(0)]
   39        A3*: R18*d(1)  0.0012889             (1.05)*BF[39 = A3: R18*d(1)]
   40       A3*: R18*d(-1)  0.0049477            (1.08)*BF[40 = A3: R18*d(-1)]
   41        A3*: R18*d(2)  0.0059781             (1.24)*BF[41 = A3: R18*d(2)]
   42       A3*: R18*d(-2)  0.0042896             (2.37)*BF[36 = A3: R17*p(1)]
   43        A4*: R19*s(0)  0.0001523            (-8.68)*BF[45 = A4: R21*s(0)]
   44         A4: R20*s(0)  1.2803089             (1.10)*BF[44 = A4: R20*s(0)]
   45         A4: R21*s(0)  1.9992592            (-1.01)*BF[43 = A4: R19*s(0)]
   46        A4*: R22*p(0)  0.0020962             (4.14)*BF[77 = A6: R35*p(0)]
   47        A4*: R22*p(1)  0.0020808            (-5.00)*BF[78 = A6: R35*p(1)]
   48       A4*: R22*p(-1)  0.0036059            (1.36)*BF[51 = A4: R23*p(-1)]
   49         A4: R23*p(0)  1.3294281            (-0.83)*BF[46 = A4: R22*p(0)]
   50         A4: R23*p(1)  1.3960558            (-0.83)*BF[47 = A4: R22*p(1)]
   51        A4: R23*p(-1)  1.7696401           (-0.68)*BF[48 = A4: R22*p(-1)]
   52        A4*: R24*d(0)  0.0007932            (-1.84)*BF[45 = A4: R21*s(0)]
   53        A4*: R24*d(1)  0.0003110             (1.06)*BF[53 = A4: R24*d(1)]
   54       A4*: R24*d(-1)  0.0000101            (1.06)*BF[54 = A4: R24*d(-1)]
   55        A4*: R24*d(2)  0.0007692             (1.26)*BF[55 = A4: R24*d(2)]
   56       A4*: R24*d(-2)  0.0008193            (1.31)*BF[56 = A4: R24*d(-2)]
   57        A5*: R25*s(0)  0.0020596           (-15.96)*BF[59 = A5: R27*s(0)]
   58         A5: R26*s(0)  0.8448744             (1.44)*BF[58 = A5: R26*s(0)]
   59         A5: R27*s(0)  1.9986898            (-1.01)*BF[57 = A5: R25*s(0)]
   60        A5*: R28*p(0)  0.0065401            (-8.36)*BF[63 = A5: R29*p(0)]
   61        A5*: R28*p(1)  0.0078337           (-10.95)*BF[64 = A5: R29*p(1)]
   62       A5*: R28*p(-1)  0.0017764           (-2.00)*BF[65 = A5: R29*p(-1)]
   63         A5: R29*p(0)  0.8669315             (0.98)*BF[60 = A5: R28*p(0)]
   64         A5: R29*p(1)  1.1117237            (-1.27)*BF[64 = A5: R29*p(1)]
   65        A5: R29*p(-1)  1.1278146            (0.78)*BF[62 = A5: R28*p(-1)]
   66        A5*: R30*d(0)  0.0007082            (-4.29)*BF[59 = A5: R27*s(0)]
   67        A5*: R30*d(1)  0.0004456             (1.07)*BF[67 = A5: R30*d(1)]
   68       A5*: R30*d(-1)  0.0006929            (1.09)*BF[68 = A5: R30*d(-1)]
   69        A5*: R30*d(2)  0.0016818             (2.43)*BF[63 = A5: R29*p(0)]
   70       A5*: R30*d(-2)  0.0008842            (-1.54)*BF[64 = A5: R29*p(1)]
   71        A6*: R31*s(0)  0.0017503           (-14.74)*BF[73 = A6: R33*s(0)]
   72         A6: R32*s(0)  0.8185857             (1.51)*BF[72 = A6: R32*s(0)]
   73         A6: R33*s(0)  1.9988397            (-1.01)*BF[71 = A6: R31*s(0)]
   74        A6*: R34*p(0)  0.0064848            (-8.29)*BF[77 = A6: R35*p(0)]
   75        A6*: R34*p(1)  0.0042713            (-9.54)*BF[78 = A6: R35*p(1)]
   76       A6*: R34*p(-1)  0.0003890           (-1.96)*BF[79 = A6: R35*p(-1)]
   77         A6: R35*p(0)  0.9053557           (1.04)*BF[129 = A10: R57*s(0)]
   78         A6: R35*p(1)  1.1073947            (-1.21)*BF[78 = A6: R35*p(1)]
   79        A6: R35*p(-1)  0.9326234            (0.80)*BF[76 = A6: R34*p(-1)]
   80        A6*: R36*d(0)  0.0007293            (-4.15)*BF[73 = A6: R33*s(0)]
   81        A6*: R36*d(1)  0.0019354             (1.08)*BF[81 = A6: R36*d(1)]
   82       A6*: R36*d(-1)  0.0006668            (1.08)*BF[82 = A6: R36*d(-1)]
   83        A6*: R36*d(2)  0.0014517            (-2.45)*BF[77 = A6: R35*p(0)]
   84       A6*: R36*d(-2)  0.0010022             (2.41)*BF[78 = A6: R35*p(1)]
   85        A7*: R37*s(0)  0.0013805           (-18.37)*BF[87 = A7: R39*s(0)]
   86         A7: R38*s(0)  0.9420293            (-1.62)*BF[87 = A7: R39*s(0)]
   87         A7: R39*s(0)  1.9989143            (-1.01)*BF[85 = A7: R37*s(0)]
   88        A7*: R40*p(0)  0.0056199            (-7.63)*BF[91 = A7: R41*p(0)]
   89        A7*: R40*p(1)  0.0056656            (-7.32)*BF[92 = A7: R41*p(1)]
   90       A7*: R40*p(-1)  0.0008645           (-1.77)*BF[93 = A7: R41*p(-1)]
   91         A7: R41*p(0)  1.1122510             (0.99)*BF[88 = A7: R40*p(0)]
   92         A7: R41*p(1)  1.1714266             (1.13)*BF[87 = A7: R39*s(0)]
   93        A7: R41*p(-1)  0.9403656            (0.76)*BF[90 = A7: R40*p(-1)]
   94        A7*: R42*d(0)  0.0006602            (-4.21)*BF[87 = A7: R39*s(0)]
   95        A7*: R42*d(1)  0.0007404             (1.09)*BF[95 = A7: R42*d(1)]
   96       A7*: R42*d(-1)  0.0004793            (1.08)*BF[96 = A7: R42*d(-1)]
   97        A7*: R42*d(2)  0.0008108           (-1.40)*BF[115 = A9: R51*s(0)]
   98       A7*: R42*d(-2)  0.0009255            (1.38)*BF[98 = A7: R42*d(-2)]
   99        A8*: R43*s(0)  0.0013806          (-18.37)*BF[101 = A8: R45*s(0)]
  100         A8: R44*s(0)  0.9420294           (-1.62)*BF[101 = A8: R45*s(0)]
  101         A8: R45*s(0)  1.9989143            (-1.01)*BF[99 = A8: R43*s(0)]
  102        A8*: R46*p(0)  0.0056199           (-7.63)*BF[105 = A8: R47*p(0)]
  103        A8*: R46*p(1)  0.0056655           (-7.32)*BF[106 = A8: R47*p(1)]
  104       A8*: R46*p(-1)  0.0008645          (-1.77)*BF[107 = A8: R47*p(-1)]
  105         A8: R47*p(0)  1.1122522            (0.99)*BF[102 = A8: R46*p(0)]
  106         A8: R47*p(1)  1.1714265           (-1.13)*BF[101 = A8: R45*s(0)]
  107        A8: R47*p(-1)  0.9403687           (0.76)*BF[104 = A8: R46*p(-1)]
  108        A8*: R48*d(0)  0.0006602           (-4.21)*BF[101 = A8: R45*s(0)]
  109        A8*: R48*d(1)  0.0007404            (1.09)*BF[109 = A8: R48*d(1)]
  110       A8*: R48*d(-1)  0.0004793           (1.08)*BF[110 = A8: R48*d(-1)]
  111        A8*: R48*d(2)  0.0008108          (-1.40)*BF[129 = A10: R57*s(0)]
  112       A8*: R48*d(-2)  0.0009255           (1.38)*BF[112 = A8: R48*d(-2)]
  113        A9*: R49*s(0)  0.0014114          (-17.59)*BF[115 = A9: R51*s(0)]
  114         A9: R50*s(0)  0.9323917           (-1.53)*BF[115 = A9: R51*s(0)]
  115         A9: R51*s(0)  1.9989167           (-1.01)*BF[113 = A9: R49*s(0)]
  116        A9*: R52*p(0)  0.0045127           (-7.45)*BF[119 = A9: R53*p(0)]
  117        A9*: R52*p(1)  0.0050946           (-7.38)*BF[120 = A9: R53*p(1)]
  118       A9*: R52*p(-1)  0.0011800          (-1.75)*BF[121 = A9: R53*p(-1)]
  119         A9: R53*p(0)  1.1041555            (0.98)*BF[116 = A9: R52*p(0)]
  120         A9: R53*p(1)  1.1436987            (1.05)*BF[115 = A9: R51*s(0)]
  121        A9: R53*p(-1)  1.0813587           (0.75)*BF[118 = A9: R52*p(-1)]
  122        A9*: R54*d(0)  0.0006361           (-4.23)*BF[115 = A9: R51*s(0)]
  123        A9*: R54*d(1)  0.0004890            (1.09)*BF[123 = A9: R54*d(1)]
  124       A9*: R54*d(-1)  0.0003763           (1.08)*BF[124 = A9: R54*d(-1)]
  125        A9*: R54*d(2)  0.0007488            (-1.42)*BF[87 = A7: R39*s(0)]
  126       A9*: R54*d(-2)  0.0009496           (1.37)*BF[126 = A9: R54*d(-2)]
  127       A10*: R55*s(0)  0.0014113         (-17.59)*BF[129 = A10: R57*s(0)]
  128        A10: R56*s(0)  0.9323913          (-1.53)*BF[129 = A10: R57*s(0)]
  129        A10: R57*s(0)  1.9989167          (-1.01)*BF[127 = A10: R55*s(0)]
  130       A10*: R58*p(0)  0.0045126          (-7.45)*BF[133 = A10: R59*p(0)]
  131       A10*: R58*p(1)  0.0050947          (-7.38)*BF[134 = A10: R59*p(1)]
  132      A10*: R58*p(-1)  0.0011800         (-1.75)*BF[135 = A10: R59*p(-1)]
  133        A10: R59*p(0)  1.1041557           (0.98)*BF[130 = A10: R58*p(0)]
  134        A10: R59*p(1)  1.1436986          (-1.05)*BF[129 = A10: R57*s(0)]
  135       A10: R59*p(-1)  1.0813615          (0.75)*BF[132 = A10: R58*p(-1)]
  136       A10*: R60*d(0)  0.0006361          (-4.23)*BF[129 = A10: R57*s(0)]
  137       A10*: R60*d(1)  0.0004890           (1.09)*BF[137 = A10: R60*d(1)]
  138      A10*: R60*d(-1)  0.0003763          (1.08)*BF[138 = A10: R60*d(-1)]
  139       A10*: R60*d(2)  0.0007488           (-1.42)*BF[101 = A8: R45*s(0)]
  140      A10*: R60*d(-2)  0.0009496          (1.37)*BF[140 = A10: R60*d(-2)]
  141       A11*: R61*s(0)  0.0026329           (3.42)*BF[142 = A11: R62*s(0)]
  142        A11: R62*s(0)  0.7394905           (1.14)*BF[141 = A11: R61*s(0)]
  143       A11*: R63*p(0)  0.0004313            (-3.23)*BF[91 = A7: R41*p(0)]
  144       A11*: R63*p(1)  0.0007148             (2.11)*BF[91 = A7: R41*p(0)]
  145      A11*: R63*p(-1)  0.0001349          (1.12)*BF[145 = A11: R63*p(-1)]
  146       A12*: R64*s(0)  0.0026330           (3.42)*BF[147 = A12: R65*s(0)]
  147        A12: R65*s(0)  0.7394924           (1.14)*BF[146 = A12: R64*s(0)]
  148       A12*: R66*p(0)  0.0004313           (-3.23)*BF[105 = A8: R47*p(0)]
  149       A12*: R66*p(1)  0.0007148           (-2.11)*BF[105 = A8: R47*p(0)]
  150      A12*: R66*p(-1)  0.0001349          (1.12)*BF[150 = A12: R66*p(-1)]
  151       A13*: R67*s(0)  0.0016586           (3.43)*BF[152 = A13: R68*s(0)]
  152        A13: R68*s(0)  0.7733620           (1.12)*BF[151 = A13: R67*s(0)]
  153       A13*: R69*p(0)  0.0002341           (-3.25)*BF[119 = A9: R53*p(0)]
  154       A13*: R69*p(1)  0.0007711           (-2.11)*BF[119 = A9: R53*p(0)]
  155      A13*: R69*p(-1)  0.0001961          (1.12)*BF[155 = A13: R69*p(-1)]
  156       A14*: R70*s(0)  0.0016586           (3.43)*BF[157 = A14: R71*s(0)]
  157        A14: R71*s(0)  0.7733622           (1.12)*BF[156 = A14: R70*s(0)]
  158       A14*: R72*p(0)  0.0002341          (-3.25)*BF[133 = A10: R59*p(0)]
  159       A14*: R72*p(1)  0.0007711           (2.11)*BF[133 = A10: R59*p(0)]
  160      A14*: R72*p(-1)  0.0001961          (1.12)*BF[160 = A14: R72*p(-1)]
  161       A15*: R73*s(0)  0.0018318           (2.36)*BF[162 = A15: R74*s(0)]
  162        A15: R74*s(0)  0.6000230           (1.20)*BF[161 = A15: R73*s(0)]
  163       A15*: R75*p(0)  0.0004771            (-1.65)*BF[45 = A4: R21*s(0)]
  164       A15*: R75*p(1)  0.0009854           (1.55)*BF[164 = A15: R75*p(1)]
  165      A15*: R75*p(-1)  0.0006013          (1.13)*BF[165 = A15: R75*p(-1)]
  166       A16*: R76*s(0)  0.0018318           (2.36)*BF[167 = A16: R77*s(0)]
  167        A16: R77*s(0)  0.6000228           (1.20)*BF[166 = A16: R76*s(0)]
  168       A16*: R78*p(0)  0.0004771            (-1.65)*BF[45 = A4: R21*s(0)]
  169       A16*: R78*p(1)  0.0009854           (1.55)*BF[169 = A16: R78*p(1)]
  170      A16*: R78*p(-1)  0.0006013          (1.13)*BF[170 = A16: R78*p(-1)]
 trace = 71.99999999614236

Final electron populations and NPA charges:

Center	Nuclear	 Electron  	  NMB       	NPA   
      	 charge	 population	  population	charge
   O1	    8.0	  8.4027802	   8.3879665	-0.4027802353
   O2	    8.0	  8.4027752	   8.3879602	-0.4027752129
   N3	    7.0	  6.4917727	   6.4376157	 0.5082273434
   N4	    7.0	  7.7853301	   7.7746920	-0.7853300803
   C5	    6.0	  5.9726565	   5.9500340	 0.0273434929
   C6	    6.0	  5.7814801	   5.7627991	 0.2185199342
   C7	    6.0	  6.1821336	   6.1649868	-0.1821335550
   C8	    6.0	  6.1821378	   6.1649911	-0.1821377989
   C9	    6.0	  6.2759198	   6.2605213	-0.2759197999
  C10	    6.0	  6.2759222	   6.2605237	-0.2759222299
  H11	    1.0	  0.7434043	   0.7394905	 0.2565957375
  H12	    1.0	  0.7434063	   0.7394924	 0.2565937275
  H13	    1.0	  0.7762220	   0.7733620	 0.2237780274
  H14	    1.0	  0.7762222	   0.7733622	 0.2237777895
  H15	    1.0	  0.6039186	   0.6000230	 0.3960813501
  H16	    1.0	  0.6039185	   0.6000228	 0.3960815134

Angular momentum contributions of the total atomic population:

   Cntr           s           p           d           f           g
     O1   3.7358199   4.6600335   0.0069268   0.0000000   0.0000000
     O2   3.7358007   4.6600469   0.0069276   0.0000000   0.0000000
     N3   3.0517417   3.4227448   0.0172861   0.0000000   0.0000000
     N4   3.2797203   4.5029069   0.0027029   0.0000000   0.0000000
     C5   2.8456238   3.1226200   0.0044128   0.0000000   0.0000000
     C6   2.8191757   2.9565189   0.0057855   0.0000000   0.0000000
     C7   2.9423241   3.2361933   0.0036161   0.0000000   0.0000000
     C8   2.9423243   3.2361973   0.0036161   0.0000000   0.0000000
     C9   2.9327197   3.3400003   0.0031998   0.0000000   0.0000000
    C10   2.9327193   3.3400031   0.0031998   0.0000000   0.0000000
    H11   0.7421233   0.0012809   0.0000000   0.0000000   0.0000000
    H12   0.7421254   0.0012809   0.0000000   0.0000000   0.0000000
    H13   0.7750206   0.0012014   0.0000000   0.0000000   0.0000000
    H14   0.7750208   0.0012014   0.0000000   0.0000000   0.0000000
    H15   0.6018548   0.0020638   0.0000000   0.0000000   0.0000000
    H16   0.6018546   0.0020638   0.0000000   0.0000000   0.0000000


                          * * *                                         

Wiberg-Mayer bond indices (based on density matrix in NAO basis):
Centr. A/B         1         2         3         4         5         6         7         8         9        10        11        12        13        14        15        16
      1    ( 2.0268)    0.3890    1.4786    0.0088    0.0769    0.0104    0.0165    0.0278    0.0027    0.0086    0.0056    0.0009    0.0001    0.0006    0.0000    0.0000
      2              ( 2.0268)    1.4787    0.0088    0.0770    0.0104    0.0278    0.0165    0.0086    0.0027    0.0009    0.0056    0.0006    0.0001    0.0000    0.0000
      3                        ( 3.9611)    0.0054    0.9460    0.0033    0.0098    0.0098    0.0119    0.0119    0.0027    0.0027    0.0002    0.0002    0.0000    0.0000
      4                                  ( 3.0502)    0.0341    1.1851    0.0159    0.0159    0.0587    0.0587    0.0001    0.0001    0.0020    0.0020    0.8272    0.8272
      5                                            ( 3.9613)    0.0722    1.3430    1.3430    0.0215    0.0215    0.0035    0.0035    0.0095    0.0095    0.0001    0.0001
      6                                                      ( 3.9545)    0.0169    0.0169    1.3038    1.3038    0.0089    0.0089    0.0029    0.0029    0.0040    0.0040
      7                                                                ( 3.9378)    0.0192    1.4888    0.0869    0.8966    0.0094    0.0055    0.0005    0.0002    0.0005
      8                                                                          ( 3.9378)    0.0869    1.4888    0.0094    0.8966    0.0005    0.0055    0.0005    0.0002
      9                                                                                    ( 3.9464)    0.0193    0.0053    0.0005    0.9163    0.0099    0.0017    0.0106
     10                                                                                              ( 3.9464)    0.0005    0.0053    0.0099    0.9163    0.0106    0.0017
     11                                                                                                        ( 0.9385)    0.0005    0.0035    0.0004    0.0001    0.0004
     12                                                                                                                  ( 0.9385)    0.0004    0.0035    0.0004    0.0001
     13                                                                                                                            ( 0.9530)    0.0007    0.0006    0.0001
     14                                                                                                                                      ( 0.9530)    0.0001    0.0006
     15                                                                                                                                                ( 0.8463)    0.0008
     16                                                                                                                                                          ( 0.8463)

                          * * *                                         

Creating  LPOs (Localized Property-optimized Orbitals)


Creating initial guess...
Optimizing LPOs...

Finding an optimal hybrid pairing...
    0    1    2    3    4    5    6    7    8    9   10   11   12   13   14   15   16   17   18   19   20   21   22   23   24   25   26   27   28   29   30   31   32   33   34   35   36   37   38   39   40   41   42   43   44   45   46   47   48   49   50   51   52   53   54   55   56   57   58   59   60   61   62   63   64   65   66   67   68   69   70   71   72   73   74   75   76   77   78   79   80   81   82   83   84   85   86   87   88   89   90   91   92   93   94   95   96   97   98   99  100  101  102  103  104  105  106  107  108  109  110  111  112  113  114  115  116  117  118  119  120  121  122  123  124  125  126  127  128  129  130  131  132  133  134  135  136  137  138  139  140  141  142  143  144  145  146  147  148  149  150  151  152  153  154  155  156  157  158  159  160  161  162  163  164  165  166  167  168  169
   69   31   28   17  125   61   41   35   36   23   24   94  135   27   68   32   37    3  139   39   40   29   64    9   10   52  121   13    2   21   56    1   15  137   62    7    8   16  122   19   20    6   70  166   82   59  160  103   76  161   78   93   25  108  158  107   30   99  102   45   87    5   34   85   22   79   89  154   14    0   42  127  130  128  114   95   48  113   50   65  169  144   44  168  112   63  140   60  129   66  118  141  120   51   11   75  142  138  126   57  145  116   58   47  132  146  134   55   53  136  147  124   84   77   74  150  101  159   90  151   92   26   38  149  111    4   98   71   73   88   72  164  104  156  106   12  109   33   97   18   86   91   96  148   81  100  105  110  143  123  115  119  167  163   67  165  133  162   54  117   46   49  157  153  131  155   43  152   83   80
LPO iteration  1: hybrids reconnected, target function =  136.2220802
Iterative optimization of atomic hybrids
           Target                 Total        max.atomic       Total        max.atomic     Nxt.step
  Itr.    function    new-old  ||Unew-U||^2   ||unew-u||^2   ||Dnew-D||^2   ||dnew-d||^2     lambda 
    1     136.2221   +1.4e+02    9.168317      0.1043287      0.20527        0.0628944       (none)
    2     136.2935   +7.1e-02    3.370979      0.0533255      0.03189        0.0084159       (none)
    3     136.2985   +5.0e-03    1.867094      0.0338522      0.01483        0.0026858       (none)
    4     136.3000   +1.5e-03    1.250055      0.0173631      0.00862        0.0015553       (none)
    5     136.3005   +5.0e-04    0.893657      0.0131075      0.00525        0.0008631       (none)
    6     136.3007   +1.7e-04    0.661587      0.0131273      0.00341        0.0006709       (none)
    7     136.3008   +6.1e-05    0.473942      0.0091704      0.00233        0.0005466       (none)
    8     136.3008   +2.3e-05    0.329811      0.0051086      0.00166        0.0004483       (none)
    9     136.3008   +9.0e-06    << Converged! (threshold = 1.00e-05) >>
Optimization of hybrids finished
LPO iteration  1: hybrids optimized, target function =  136.3008135
Finding an optimal hybrid pairing...
    0    1    2    3    4    5    6    7    8    9   10   11   12   13   14   15   16   17   18   19   20   21   22   23   24   25   26   27   28   29   30   31   32   33   34   35   36   37   38   39   40   41   42   43   44   45   46   47   48   49   50   51   52   53   54   55   56   57   58   59   60   61   62   63   64   65   66   67   68   69   70   71   72   73   74   75   76   77   78   79   80   81   82   83   84   85   86   87   88   89   90   91   92   93   94   95   96   97   98   99  100  101  102  103  104  105  106  107  108  109  110  111  112  113  114  115  116  117  118  119  120  121  122  123  124  125  126  127  128  129  130  131  132  133  134  135  136  137  138  139  140  141  142  143  144  145  146  147  148  149  150  151  152  153  154  155  156  157  158  159  160  161  162  163  164  165  166  167  168  169
   69   31   28   17  125   39   41   35   36   23   24   94  135   27   68   32   37    3  158   61   40   29   64    9   10   52  121   13    2   21   56    1   15  137   62    7    8   16   95    5   20    6   97  166   82  111  160   80   76  161   78  138   25  144  107   93   30   99  102   70   87   19   34   85   22   79   89   81   14    0   59  127  130  128  114  122   48  113   50   65   47   67   44  163   98   63  140   60  129   66  118  141  120   55   11   38  142   42   84   57  145  116   58  131  132  146  134   54  123  136  147   45  126   77   74  150  101  159   90  151   92   26   75  108  153    4  112   71   73   88   72  103  104  156  106   12  109   33   51  168   86   91   96  148   53  100  105  110  143  154  115  119  157  124  149  165  133  152   18  117   46   49  167   83  169  155   43  162  139  164
LPO iteration  2: hybrids reconnected, target function =  136.3008445
Iterative optimization of atomic hybrids
           Target                 Total        max.atomic       Total        max.atomic     Nxt.step
  Itr.    function    new-old  ||Unew-U||^2   ||unew-u||^2   ||Dnew-D||^2   ||dnew-d||^2     lambda 
    1     136.3008   +1.4e+02    1.988013      0.0327767      0.00977        0.0022011       (none)
    2     136.3008   +4.8e-06    << Converged! (threshold = 1.00e-05) >>
Optimization of hybrids finished
LPO iteration  2: hybrids optimized, target function =  136.3008493
Finding an optimal hybrid pairing...
    0    1    2    3    4    5    6    7    8    9   10   11   12   13   14   15   16   17   18   19   20   21   22   23   24   25   26   27   28   29   30   31   32   33   34   35   36   37   38   39   40   41   42   43   44   45   46   47   48   49   50   51   52   53   54   55   56   57   58   59   60   61   62   63   64   65   66   67   68   69   70   71   72   73   74   75   76   77   78   79   80   81   82   83   84   85   86   87   88   89   90   91   92   93   94   95   96   97   98   99  100  101  102  103  104  105  106  107  108  109  110  111  112  113  114  115  116  117  118  119  120  121  122  123  124  125  126  127  128  129  130  131  132  133  134  135  136  137  138  139  140  141  142  143  144  145  146  147  148  149  150  151  152  153  154  155  156  157  158  159  160  161  162  163  164  165  166  167  168  169
   69   31   28   17  125   39   41   35   36   23   24   52  135   27   68   32   37    3  158   61   40   29   64    9   10  108   65   13    2   21   56    1   15  123   62    7    8   16   95    5   20    6   79  166   82  111  160   80   76  161   78  107   11  144  121   93   30   99  102   70   87   19   34   85   22   26   89   81   14    0   59  127  130  128  114  122   48  113   50   42   47   67   44  163  143   63  140   60  129   66  118  141  120   55  137   38  142  138  115   57  145  116   58  131  132  146  134   51   25  136  147   45  126   77   74   98  101  159   90  151   92   54   75   33  153    4  112   71   73   88   72  103  104  156  106   12  109   94   97  168   86   91   96   84   53  100  105  110  150  154  148  119  157  124  149  165  133  152   18  117   46   49  167   83  169  155   43  162  139  164
LPO iteration  3: hybrids reconnected, target function =  136.3008494
Done! (in 2 iterations)


*** Summary of LPO  results

  LPO 	         D e s c r i p t i o n     	Occupancy	Composition
    1	(BD) O1-C5, Io = 0.4513            	0.00148  	h1@O1 * ( 0.8518) + h70@C5 * ( 0.5238)	
    2	     O1-C5, antibonding (NB)       	  0.00031	h1@O1 * ( 0.5238) + h70@C5 * (-0.8518)	
    3	(BD) O1-N3, Io = 0.9925            	1.90714  	h2@O1 * ( 0.9981) + h32@N3 * ( 0.0612)	
    4	     O1-N3, antibonding (NB)       	  0.00129	h2@O1 * ( 0.0612) + h32@N3 * (-0.9981)	
    5	(BD) O1-N3, Io = 1.0000            	1.99993  	h3@O1 * ( 1.0000) + h29@N3 * (-0.0014)	
    6	     O1-N3, antibonding (NB)       	  0.00036	h3@O1 * (-0.0014) + h29@N3 * (-1.0000)	
    7	(BD) O1-O2, Io = 0.0006            	0.00390  	h4@O1 * ( 0.7073) + h18@O2 * ( 0.7069)	
    8	     O1-O2, antibonding (NB)       	  0.00096	h4@O1 * ( 0.7069) + h18@O2 * (-0.7073)	
    9	(BD) O1-C9, Io = 0.2203            	0.00016  	h5@O1 * (-0.6244) + h126@C9 * ( 0.7811)	
   10	     O1-C9, antibonding (NB)       	  0.00006	h5@O1 * (-0.7811) + h126@C9 * (-0.6244)	
   11	(BD) O1-N3, Io = 0.5060            	0.00747  	h6@O1 * ( 0.4970) + h40@N3 * ( 0.8677)	
   12	     O1-N3, antibonding (NB)       	  0.00032	h6@O1 * (-0.8677) + h40@N3 * ( 0.4970)	
   13	(BD) O1-N3, Io = 0.9935            	1.98777  	h7@O1 * ( 0.9984) + h42@N3 * ( 0.0569)	
   14	     O1-N3, antibonding (NB)       	  0.00289	h7@O1 * ( 0.0569) + h42@N3 * (-0.9984)	
   15	(BD) O1-N3, Io = 0.0360            	1.99491  	h8@O1 * ( 0.7197) + h36@N3 * (-0.6943)	
   16	     O1-N3, antibonding (NB)       	  0.05468	h8@O1 * (-0.6943) + h36@N3 * (-0.7197)	
   17	(BD) O1-N3, Io = 0.2044            	1.98649  	h9@O1 * ( 0.7760) + h37@N3 * ( 0.6307)	
   18	     O1-N3, antibonding (NB)       	  0.65275	h9@O1 * ( 0.6307) + h37@N3 * (-0.7760)	
   19	(BD) O1-O2, Io = 0.0127            	0.00004  	h10@O1 * ( 0.7116) + h24@O2 * ( 0.7026)	
   20	     O1-O2, antibonding (NB)       	  0.00001	h10@O1 * ( 0.7026) + h24@O2 * (-0.7116)	
   21	(BD) O1-O2, Io = 0.0204            	0.00002  	h11@O1 * ( 0.7143) + h25@O2 * ( 0.6999)	
   22	     O1-O2, antibonding (NB)       	  0.00000	h11@O1 * ( 0.6999) + h25@O2 * (-0.7143)	
   23	(BD) O1-N4, Io = 0.8713            	0.00000  	h12@O1 * (-0.2537) + h53@N4 * ( 0.9673)	
   24	     O1-N4, antibonding (NB)       	  0.00000	h12@O1 * (-0.9673) + h53@N4 * (-0.2537)	
   25	(BD) O1-C10, Io = 0.8132           	0.00002  	h13@O1 * ( 0.9522) + h136@C10 * (-0.3056)	
   26	     O1-C10, antibonding (NB)      	  0.00000	h13@O1 * (-0.3056) + h136@C10 * (-0.9522)	
   27	(BD) O1-O2, Io = 0.0153            	0.00000  	h14@O1 * ( 0.7125) + h28@O2 * ( 0.7017)	
   28	     O1-O2, antibonding (NB)       	  0.00000	h14@O1 * ( 0.7017) + h28@O2 * (-0.7125)	
   29	(BD) O2-C5, Io = 0.4613            	0.00147  	h15@O2 * ( 0.8548) + h69@C5 * ( 0.5190)	
   30	     O2-C5, antibonding (NB)       	  0.00031	h15@O2 * ( 0.5190) + h69@C5 * (-0.8548)	
   31	(BD) O2-N3, Io = 0.9925            	1.90712  	h16@O2 * ( 0.9981) + h33@N3 * (-0.0612)	
   32	     O2-N3, antibonding (NB)       	  0.00129	h16@O2 * (-0.0612) + h33@N3 * (-0.9981)	
   33	(BD) O2-N3, Io = 1.0000            	1.99993  	h17@O2 * ( 1.0000) + h38@N3 * ( 0.0015)	
   34	     O2-N3, antibonding (NB)       	  0.00003	h17@O2 * ( 0.0015) + h38@N3 * (-1.0000)	
   35	(BD) O2-H14, Io = 0.6689           	0.00011  	h19@O2 * ( 0.9135) + h159@H14 * (-0.4069)	
   36	     O2-H14, antibonding (NB)      	  0.00004	h19@O2 * (-0.4069) + h159@H14 * (-0.9135)	
   37	(BD) O2-C5, Io = 0.2276            	0.00276  	h20@O2 * ( 0.7834) + h62@C5 * (-0.6215)	
   38	     O2-C5, antibonding (NB)       	  0.00060	h20@O2 * (-0.6215) + h62@C5 * (-0.7834)	
   39	(BD) O2-N3, Io = 0.9935            	1.98777  	h21@O2 * ( 0.9984) + h41@N3 * ( 0.0569)	
   40	     O2-N3, antibonding (NB)       	  0.00289	h21@O2 * ( 0.0569) + h41@N3 * (-0.9984)	
   41	(BD) O2-N3, Io = 0.0360            	1.99491  	h22@O2 * ( 0.7197) + h30@N3 * ( 0.6942)	
   42	     O2-N3, antibonding (NB)       	  0.05468	h22@O2 * ( 0.6942) + h30@N3 * (-0.7197)	
   43	(BD) O2-C5, Io = 0.7661            	1.50619  	h23@O2 * ( 0.9397) + h65@C5 * (-0.3420)	
   44	     O2-C5, antibonding (NB)       	  1.07781	h23@O2 * (-0.3420) + h65@C5 * (-0.9397)	
   45	(BD) O2-C8, Io = 0.9782            	0.00001  	h26@O2 * ( 0.1044) + h109@C8 * ( 0.9945)	
   46	     O2-C8, antibonding (NB)       	  0.00000	h26@O2 * (-0.9945) + h109@C8 * ( 0.1044)	
   47	(BD) O2-C5, Io = 0.5748            	0.00003  	h27@O2 * (-0.4611) + h66@C5 * ( 0.8874)	
   48	     O2-C5, antibonding (NB)       	  0.00001	h27@O2 * (-0.8874) + h66@C5 * (-0.4611)	
   49	(BD) N3-C5, Io = 0.9996            	1.99978  	h31@N3 * ( 0.9999) + h57@C5 * (-0.0133)	
   50	     N3-C5, antibonding (NB)       	  0.00420	h31@N3 * (-0.0133) + h57@C5 * (-0.9999)	
   51	(BD) N3-C9, Io = 0.5881            	0.00007  	h34@N3 * ( 0.8911) + h124@C9 * ( 0.4538)	
   52	     N3-C9, antibonding (NB)       	  0.00001	h34@N3 * ( 0.4538) + h124@C9 * (-0.8911)	
   53	(BD) N3-C5, Io = 0.2569            	1.98816  	h35@N3 * ( 0.7927) + h63@C5 * (-0.6096)	
   54	     N3-C5, antibonding (NB)       	  0.09934	h35@N3 * (-0.6096) + h63@C5 * (-0.7927)	
   55	(BD) N3-C7, Io = 0.1159            	0.00237  	h39@N3 * ( 0.7470) + h96@C7 * ( 0.6649)	
   56	     N3-C7, antibonding (NB)       	  0.00012	h39@N3 * ( 0.6649) + h96@C7 * (-0.7470)	
   57	(BD) N4-C6, Io = 0.7871            	0.00007  	h43@N4 * ( 0.9453) + h80@C6 * ( 0.3263)	
   58	     N4-C6, antibonding (NB)       	  0.00002	h43@N4 * ( 0.3263) + h80@C6 * (-0.9453)	
   59	(BD) N4-H16, Io = 0.4019           	1.99166  	h44@N4 * ( 0.8372) + h167@H16 * ( 0.5468)	
   60	     N4-H16, antibonding (NB)      	  0.00808	h44@N4 * ( 0.5468) + h167@H16 * (-0.8372)	
   61	(BD) N4-C6, Io = 0.9996            	1.99970  	h45@N4 * ( 0.9999) + h83@C6 * (-0.0140)	
   62	     N4-C6, antibonding (NB)       	  0.00170	h45@N4 * (-0.0140) + h83@C6 * (-0.9999)	
   63	(BD) N4-C8, Io = 0.0089            	0.00036  	h46@N4 * (-0.7040) + h112@C8 * ( 0.7102)	
   64	     N4-C8, antibonding (NB)       	  0.00014	h46@N4 * (-0.7102) + h112@C8 * (-0.7040)	
   65	(BD) N4-H15, Io = 0.0992           	0.00354  	h47@N4 * ( 0.7414) + h161@H15 * ( 0.6711)	
   66	     N4-H15, antibonding (NB)      	  0.00051	h47@N4 * ( 0.6711) + h161@H15 * (-0.7414)	
   67	(BD) N4-C6, Io = 0.0129            	0.00447  	h48@N4 * (-0.7025) + h81@C6 * ( 0.7116)	
   68	     N4-C6, antibonding (NB)       	  0.00038	h48@N4 * (-0.7116) + h81@C6 * (-0.7025)	
   69	(BD) N4-C6, Io = 0.2128            	1.98846  	h49@N4 * ( 0.7787) + h77@C6 * (-0.6274)	
   70	     N4-C6, antibonding (NB)       	  0.01823	h49@N4 * (-0.6274) + h77@C6 * (-0.7787)	
   71	(BD) N4-H15, Io = 0.4019           	1.99166  	h50@N4 * ( 0.8372) + h162@H15 * ( 0.5468)	
   72	     N4-H15, antibonding (NB)      	  0.00808	h50@N4 * ( 0.5468) + h162@H15 * (-0.8372)	
   73	(BD) N4-C6, Io = 0.6606            	1.98670  	h51@N4 * ( 0.9112) + h79@C6 * ( 0.4120)	
   74	     N4-C6, antibonding (NB)       	  0.71662	h51@N4 * ( 0.4120) + h79@C6 * (-0.9112)	
   75	(BD) N4-C8, Io = 0.0838            	0.00001  	h52@N4 * ( 0.7361) + h108@C8 * (-0.6768)	
   76	     N4-C8, antibonding (NB)       	  0.00000	h52@N4 * (-0.6768) + h108@C8 * (-0.7361)	
   77	(BD) N4-H11, Io = 0.8987           	0.00014  	h54@N4 * ( 0.2251) + h145@H11 * ( 0.9743)	
   78	     N4-H11, antibonding (NB)      	  0.00000	h54@N4 * (-0.9743) + h145@H11 * ( 0.2251)	
   79	(BD) N4-C9, Io = 0.9468            	0.00002  	h55@N4 * ( 0.9866) + h122@C9 * (-0.1631)	
   80	     N4-C9, antibonding (NB)       	  0.00000	h55@N4 * (-0.1631) + h122@C9 * (-0.9866)	
   81	(BD) N4-C7, Io = 0.9965            	0.00001  	h56@N4 * (-0.0421) + h94@C7 * ( 0.9991)	
   82	     N4-C7, antibonding (NB)       	  0.00000	h56@N4 * (-0.9991) + h94@C7 * (-0.0421)	
   83	(BD) C5-C8, Io = 0.0146            	1.97202  	h58@C5 * ( 0.7122) + h100@C8 * ( 0.7019)	
   84	     C5-C8, antibonding (NB)       	  0.02462	h58@C5 * ( 0.7019) + h100@C8 * (-0.7122)	
   85	(BD) C5-C8, Io = 0.9997            	1.99928  	h59@C5 * ( 0.9999) + h103@C8 * ( 0.0127)	
   86	     C5-C8, antibonding (NB)       	  0.00274	h59@C5 * ( 0.0127) + h103@C8 * (-0.9999)	
   87	(BD) C5-C6, Io = 0.5067            	0.00425  	h60@C5 * ( 0.8680) + h71@C6 * ( 0.4966)	
   88	     C5-C6, antibonding (NB)       	  0.00020	h60@C5 * ( 0.4966) + h71@C6 * (-0.8680)	
   89	(BD) C5-C7, Io = 0.4278            	0.00975  	h61@C5 * ( 0.8449) + h88@C7 * ( 0.5349)	
   90	     C5-C7, antibonding (NB)       	  0.00275	h61@C5 * ( 0.5349) + h88@C7 * (-0.8449)	
   91	(BD) C5-C7, Io = 0.0146            	1.97202  	h64@C5 * ( 0.7122) + h86@C7 * ( 0.7019)	
   92	     C5-C7, antibonding (NB)       	  0.02462	h64@C5 * ( 0.7019) + h86@C7 * (-0.7122)	
   93	(BD) C5-C7, Io = 0.0178            	0.00117  	h67@C5 * ( 0.7134) + h90@C7 * (-0.7008)	
   94	     C5-C7, antibonding (NB)       	  0.00015	h67@C5 * (-0.7008) + h90@C7 * (-0.7134)	
   95	(BD) C5-C6, Io = 0.0634            	0.00126  	h68@C5 * ( 0.7292) + h82@C6 * ( 0.6843)	
   96	     C5-C6, antibonding (NB)       	  0.00009	h68@C5 * ( 0.6843) + h82@C6 * (-0.7292)	
   97	(BD) C6-C10, Io = 0.0244           	1.96929  	h72@C6 * ( 0.7157) + h128@C10 * ( 0.6984)	
   98	     C6-C10, antibonding (NB)      	  0.02578	h72@C6 * ( 0.6984) + h128@C10 * (-0.7157)	
   99	(BD) C6-C10, Io = 0.9997           	1.99930  	h73@C6 * ( 0.9999) + h131@C10 * ( 0.0126)	
  100	     C6-C10, antibonding (NB)      	  0.00197	h73@C6 * ( 0.0126) + h131@C10 * (-0.9999)	
  101	(BD) C6-C10, Io = 0.9997           	1.99929  	h74@C6 * ( 0.0125) + h129@C10 * ( 0.9999)	
  102	     C6-C10, antibonding (NB)      	  0.00279	h74@C6 * (-0.9999) + h129@C10 * ( 0.0125)	
  103	(BD) C6-C9, Io = 0.9997            	1.99929  	h75@C6 * ( 0.0125) + h115@C9 * ( 0.9999)	
  104	     C6-C9, antibonding (NB)       	  0.00279	h75@C6 * (-0.9999) + h115@C9 * ( 0.0125)	
  105	(BD) C6-C9, Io = 0.4721            	0.00120  	h76@C6 * ( 0.5137) + h123@C9 * ( 0.8579)	
  106	     C6-C9, antibonding (NB)       	  0.00006	h76@C6 * (-0.8579) + h123@C9 * ( 0.5137)	
  107	(BD) C6-C9, Io = 0.0244            	1.96929  	h78@C6 * ( 0.7157) + h114@C9 * ( 0.6984)	
  108	     C6-C9, antibonding (NB)       	  0.02578	h78@C6 * ( 0.6984) + h114@C9 * (-0.7157)	
  109	(BD) C6-H15, Io = 0.9160           	0.00127  	h84@C6 * ( 0.9788) + h164@H15 * (-0.2050)	
  110	     C6-H15, antibonding (NB)      	  0.00010	h84@C6 * (-0.2050) + h164@H15 * (-0.9788)	
  111	(BD) C7-H11, Io = 0.9511           	0.00089  	h85@C7 * ( 0.9877) + h144@H11 * ( 0.1564)	
  112	     C7-H11, antibonding (NB)      	  0.00022	h85@C7 * ( 0.1564) + h144@H11 * (-0.9877)	
  113	(BD) C7-H11, Io = 0.9998           	1.99916  	h87@C7 * ( 1.0000) + h141@H11 * (-0.0093)	
  114	     C7-H11, antibonding (NB)      	  0.00236	h87@C7 * (-0.0093) + h141@H11 * (-1.0000)	
  115	(BD) C7-C10, Io = 0.0187           	0.00944  	h89@C7 * (-0.7005) + h130@C10 * ( 0.7137)	
  116	     C7-C10, antibonding (NB)      	  0.00066	h89@C7 * (-0.7137) + h130@C10 * (-0.7005)	
  117	(BD) C7-C9, Io = 0.0018            	1.97189  	h91@C7 * ( 0.7077) + h119@C9 * (-0.7065)	
  118	     C7-C9, antibonding (NB)       	  0.01419	h91@C7 * (-0.7065) + h119@C9 * (-0.7077)	
  119	(BD) C7-H11, Io = 0.2604           	1.97571  	h92@C7 * ( 0.7939) + h142@H11 * ( 0.6081)	
  120	     C7-H11, antibonding (NB)      	  0.01565	h92@C7 * ( 0.6081) + h142@H11 * (-0.7939)	
  121	(BD) C7-C9, Io = 0.0993            	1.72212  	h93@C7 * ( 0.6711) + h121@C9 * ( 0.7414)	
  122	     C7-C9, antibonding (NB)       	  0.30046	h93@C7 * (-0.7414) + h121@C9 * ( 0.6711)	
  123	(BD) C7-C10, Io = 0.4173           	0.00003  	h95@C7 * (-0.5398) + h138@C10 * ( 0.8418)	
  124	     C7-C10, antibonding (NB)      	  0.00001	h95@C7 * (-0.8418) + h138@C10 * (-0.5398)	
  125	(BD) C7-H11, Io = 0.5678           	0.00019  	h97@C7 * ( 0.8854) + h143@H11 * ( 0.4649)	
  126	     C7-H11, antibonding (NB)      	  0.00003	h97@C7 * ( 0.4649) + h143@H11 * (-0.8854)	
  127	(BD) C7-C10, Io = 0.7149           	0.00010  	h98@C7 * ( 0.9260) + h139@C10 * (-0.3775)	
  128	     C7-C10, antibonding (NB)      	  0.00003	h98@C7 * (-0.3775) + h139@C10 * (-0.9260)	
  129	(BD) C8-C9, Io = 0.5922            	0.00369  	h99@C8 * (-0.4516) + h116@C9 * ( 0.8922)	
  130	     C8-C9, antibonding (NB)       	  0.00116	h99@C8 * (-0.8922) + h116@C9 * (-0.4516)	
  131	(BD) C8-H12, Io = 0.9998           	1.99916  	h101@C8 * ( 1.0000) + h146@H12 * (-0.0093)	
  132	     C8-H12, antibonding (NB)      	  0.00236	h101@C8 * (-0.0093) + h146@H12 * (-1.0000)	
  133	(BD) C8-C9, Io = 0.1293            	0.00933  	h102@C8 * ( 0.7514) + h117@C9 * ( 0.6598)	
  134	     C8-C9, antibonding (NB)       	  0.00110	h102@C8 * ( 0.6598) + h117@C9 * (-0.7514)	
  135	(BD) C8-C10, Io = 0.1477           	0.00100  	h104@C8 * ( 0.7575) + h132@C10 * ( 0.6528)	
  136	     C8-C10, antibonding (NB)      	  0.00012	h104@C8 * ( 0.6528) + h132@C10 * (-0.7575)	
  137	(BD) C8-C10, Io = 0.0018           	1.97189  	h105@C8 * ( 0.7077) + h133@C10 * (-0.7065)	
  138	     C8-C10, antibonding (NB)      	  0.01419	h105@C8 * (-0.7065) + h133@C10 * (-0.7077)	
  139	(BD) C8-H12, Io = 0.2604           	1.97571  	h106@C8 * ( 0.7939) + h147@H12 * (-0.6081)	
  140	     C8-H12, antibonding (NB)      	  0.01565	h106@C8 * (-0.6081) + h147@H12 * (-0.7939)	
  141	(BD) C8-C10, Io = 0.0993           	1.72211  	h107@C8 * ( 0.6711) + h135@C10 * ( 0.7414)	
  142	     C8-C10, antibonding (NB)      	  0.30047	h107@C8 * (-0.7414) + h135@C10 * ( 0.6711)	
  143	(BD) C8-C10, Io = 0.0854           	0.00196  	h110@C8 * ( 0.7367) + h137@C10 * ( 0.6762)	
  144	     C8-C10, antibonding (NB)      	  0.00016	h110@C8 * ( 0.6762) + h137@C10 * (-0.7367)	
  145	(BD) C8-H12, Io = 0.3318           	0.00014  	h111@C8 * ( 0.8160) + h148@H12 * ( 0.5780)	
  146	     C8-H12, antibonding (NB)      	  0.00003	h111@C8 * ( 0.5780) + h148@H12 * (-0.8160)	
  147	(BD) C9-C10, Io = 0.3096           	0.00165  	h113@C9 * (-0.5875) + h127@C10 * ( 0.8092)	
  148	     C9-C10, antibonding (NB)      	  0.00064	h113@C9 * (-0.8092) + h127@C10 * (-0.5875)	
  149	(BD) C9-H14, Io = 0.6602           	0.00068  	h118@C9 * ( 0.9111) + h160@H14 * ( 0.4122)	
  150	     C9-H14, antibonding (NB)      	  0.00010	h118@C9 * ( 0.4122) + h160@H14 * (-0.9111)	
  151	(BD) C9-H13, Io = 0.2266           	1.97891  	h120@C9 * ( 0.7831) + h152@H13 * ( 0.6218)	
  152	     C9-H13, antibonding (NB)      	  0.01472	h120@C9 * ( 0.6218) + h152@H13 * (-0.7831)	
  153	(BD) C9-H13, Io = 0.5574           	0.00006  	h125@C9 * ( 0.4704) + h154@H13 * ( 0.8824)	
  154	     C9-H13, antibonding (NB)      	  0.00003	h125@C9 * (-0.8824) + h154@H13 * ( 0.4704)	
  155	(BD) C10-H14, Io = 0.2266          	1.97891  	h134@C10 * ( 0.7831) + h157@H14 * (-0.6218)	
  156	     C10-H14, antibonding (NB)     	  0.01472	h134@C10 * (-0.6218) + h157@H14 * (-0.7831)	
  157	(BD) C10-H16, Io = 0.3958          	0.00031  	h140@C10 * ( 0.8354) + h169@H16 * (-0.5497)	
  158	     C10-H16, antibonding (NB)     	  0.00008	h140@C10 * (-0.5497) + h169@H16 * (-0.8354)	
  159	(BD) H12-H13, Io = 0.9275          	0.00175  	h149@H12 * ( 0.1904) + h151@H13 * ( 0.9817)	
  160	     H12-H13, antibonding (NB)     	  0.00018	h149@H12 * (-0.9817) + h151@H13 * ( 0.1904)	
  161	(BD) H12-H13, Io = 0.2777          	0.00028  	h150@H12 * (-0.6009) + h155@H13 * ( 0.7993)	
  162	     H12-H13, antibonding (NB)     	  0.00006	h150@H12 * (-0.7993) + h155@H13 * (-0.6009)	
  163	(BD) H13-H14, Io = 0.0054          	0.00004  	h153@H13 * (-0.7052) + h158@H14 * ( 0.7090)	
  164	     H13-H14, antibonding (NB)     	  0.00002	h153@H13 * (-0.7090) + h158@H14 * (-0.7052)	
  165	(BD) H14-H16, Io = 0.0880          	0.00283  	h156@H14 * ( 0.6753) + h166@H16 * ( 0.7376)	
  166	     H14-H16, antibonding (NB)     	  0.00075	h156@H14 * (-0.7376) + h166@H16 * ( 0.6753)	
  167	(BD) H15-H16, Io = 0.0715          	0.00005  	h163@H15 * ( 0.7319) + h168@H16 * ( 0.6814)	
  168	     H15-H16, antibonding (NB)     	  0.00001	h163@H15 * ( 0.6814) + h168@H16 * (-0.7319)	
  169	(BD) H15-H16, Io = 0.0000          	0.00120  	h165@H15 * ( 0.7071) + h170@H16 * ( 0.7071)	
  170	     H15-H16, antibonding (NB)     	  0.00000	h165@H15 * (-0.7071) + h170@H16 * ( 0.7071)	



Number of two-center(2C) BD orbitals for each pair of atoms
Centr. A/B         1         2         3         4         5         6         7         8         9        10        11        12        13        14        15        16
      1    (     14)         4         6         1         1         0         0         0         1         1         0         0         0         0         0         0
      2              (     14)         4         0         4         0         0         1         0         0         0         0         0         1         0         0
      3                        (     14)         0         2         0         1         0         1         0         0         0         0         0         0         0
      4                                  (     14)         0         5         1         2         1         0         1         0         0         0         2         1
      5                                            (     14)         2         3         2         0         0         0         0         0         0         0         0
      6                                                      (     14)         0         0         3         3         0         0         0         0         1         0
      7                                                                (     14)         0         2         3         4         0         0         0         0         0
      8                                                                          (     14)         2         4         0         3         0         0         0         0
      9                                                                                    (     14)         1         0         0         2         1         0         0
     10                                                                                              (     14)         0         0         0         1         0         1
     11                                                                                                        (      5)         0         0         0         0         0
     12                                                                                                                  (      5)         2         0         0         0
     13                                                                                                                            (      5)         1         0         0
     14                                                                                                                                      (      5)         0         1
     15                                                                                                                                                (      5)         2
     16                                                                                                                                                          (      5)

>> LPO  occupancy summary >>
       bonding (BD):     68.47666 in   85 oribtals
  anti-bonding (NB):      3.52334 in   85 oribtals
 1c-lone pairs (LP):      0.00000 in    0 oribtals
 1c-unoccupied (RY):      0.00000 in    0 oribtals

Method        BD+LP....in      NB+RY     BD+NB+LP  BD+NB+LP+RY      trace(D)   Sum[Bd^2+Lp^2]    ||D||^2
  LPO      68.47666    85    3.52334     72.00000     72.00000       72.000       133.9987      144.0000


                          * * *                                         

Creating CLPOs (Chemist's Localized Property-optimized Orbitals)


Optimizing CLPOs...
Finding an optimal hybrid pairing...
    0    1    2    3    4    5    6    7    8    9   10   11   12   13   14   15   16   17   18   19   20   21   22   23   24   25   26   27   28   29   30   31   32   33   34   35   36   37   38   39   40   41   42   43   44   45   46   47   48   49   50   51   52   53   54   55   56   57   58   59   60   61   62   63   64   65   66   67   68   69   70   71   72   73   74   75   76   77   78   79   80   81   82   83   84   85   86   87   88   89   90   91   92   93   94   95   96   97   98   99  100  101  102  103  104  105  106  107  108  109  110  111  112  113  114  115  116  117  118  119  120  121  122  123  124  125  126  127  128  129  130  131  132  133  134  135  136  137  138  139  140  141  142  143  144  145  146  147  148  149  150  151  152  153  154  155  156  157  158  159  160  161  162  163  164  165  166  167  168  169  170  171  172  173  174  175  176  177  178  179  180  181  182  183  184  185  186  187  188  189  190  191  192  193  194  195  196  197  198  199  200  201  202  203  204  205  206  207  208  209  210  211  212  213  214  215  216  217  218  219  220  221  222  223  224  225  226  227  228  229  230  231  232  233  234  235  236  237  238  239  240  241  242  243  244  245  246  247  248  249  250  251  252  253  254  255  256  257  258  259  260  261  262  263  264  265  266  267  268  269  270  271  272  273  274  275  276  277  278  279  280  281  282  283  284  285  286  287  288  289  290  291  292  293  294  295  296  297  298  299  300  301  302  303  304  305  306  307  308  309  310  311  312  313  314  315  316  317  318  319  320  321  322  323  324  325  326  327  328  329  330  331  332  333  334  335  336  337  338  339
  170  171  172  173  174  175  176   35   36  179  180  181  182  183  184  185  186  187  188  189  190   29  192  193  194  195  196  197  198   21  200  201  202  203   62    7    8  207  208  209  210  211  212  166  214  215  216  217   76  161  220  221  222  223  224  225  226   99  228  229  230  231   34   85   92  235  236  237  238  239  240  127  242  243  244  245   48  113  120  249  250  251  252  253  254   63  256  257  258  259  118  141   64  263  264  265  266  267  268   57  270  271  272  273  132  146  134  277  278  279  280  281  282   77  284  285  286  287   90  151   78  291  292  293  294  295  296   71  298  299  300  301  104  156  106  305  306  307  308  309  310   91  312  313  314  315  105  317  318  319  320  119  322  323  324  325  133  327  328  329  330   49  332  333  334  335   43  337  338  339    0    1    2    3    4    5    6   -1   -1    9   10   11   12   13   14   15   16   17   18   19   20   -1   22   23   24   25   26   27   28   -1   30   31   32   33   -1   -1   -1   37   38   39   40   41   42   -1   44   45   46   47   -1   -1   50   51   52   53   54   55   56   -1   58   59   60   61   -1   -1   -1   65   66   67   68   69   70   -1   72   73   74   75   -1   -1   -1   79   80   81   82   83   84   -1   86   87   88   89   -1   -1   -1   93   94   95   96   97   98   -1  100  101  102  103   -1   -1   -1  107  108  109  110  111  112   -1  114  115  116  117   -1   -1   -1  121  122  123  124  125  126   -1  128  129  130  131   -1   -1   -1  135  136  137  138  139  140   -1  142  143  144  145   -1  147  148  149  150   -1  152  153  154  155   -1  157  158  159  160   -1  162  163  164  165   -1  167  168  169
CLPO iteration  1: hybrids reconnected, target function =  135.1937080
Iterative optimization of atomic hybrids
           Target                 Total        max.atomic       Total        max.atomic     Nxt.step
  Itr.    function    new-old  ||Unew-U||^2   ||unew-u||^2   ||Dnew-D||^2   ||dnew-d||^2     lambda 
    1     135.1937   +1.4e+02    3.906307      0.0683932      0.21170        0.0505109       (none)
    2     135.2034   +9.6e-03    1.925009      0.0324685      0.01320        0.0035148       (none)
    3     135.2034   +1.9e-05    1.386347      0.0205613      0.01198        0.0044324       (none)
    4     135.2034   +2.3e-05    1.142854      0.0200741      0.01186        0.0059405       (none)
    5     135.2034   +3.0e-05    0.926852      0.0213794      0.01087        0.0063778       (none)
    6     135.2035   +2.8e-05    0.709852      0.0174483      0.00863        0.0052427       (none)
    7     135.2035   +1.7e-05    0.519439      0.0114776      0.00607        0.0034626       (none)
    8     135.2035   +6.8e-06    << Converged! (threshold = 1.00e-05) >>
Optimization of hybrids finished
CLPO iteration  1: hybrids optimized, target function =  135.2034797
Finding an optimal hybrid pairing...
    0    1    2    3    4    5    6    7    8    9   10   11   12   13   14   15   16   17   18   19   20   21   22   23   24   25   26   27   28   29   30   31   32   33   34   35   36   37   38   39   40   41   42   43   44   45   46   47   48   49   50   51   52   53   54   55   56   57   58   59   60   61   62   63   64   65   66   67   68   69   70   71   72   73   74   75   76   77   78   79   80   81   82   83   84   85   86   87   88   89   90   91   92   93   94   95   96   97   98   99  100  101  102  103  104  105  106  107  108  109  110  111  112  113  114  115  116  117  118  119  120  121  122  123  124  125  126  127  128  129  130  131  132  133  134  135  136  137  138  139  140  141  142  143  144  145  146  147  148  149  150  151  152  153  154  155  156  157  158  159  160  161  162  163  164  165  166  167  168  169  170  171  172  173  174  175  176  177  178  179  180  181  182  183  184  185  186  187  188  189  190  191  192  193  194  195  196  197  198  199  200  201  202  203  204  205  206  207  208  209  210  211  212  213  214  215  216  217  218  219  220  221  222  223  224  225  226  227  228  229  230  231  232  233  234  235  236  237  238  239  240  241  242  243  244  245  246  247  248  249  250  251  252  253  254  255  256  257  258  259  260  261  262  263  264  265  266  267  268  269  270  271  272  273  274  275  276  277  278  279  280  281  282  283  284  285  286  287  288  289  290  291  292  293  294  295  296  297  298  299  300  301  302  303  304  305  306  307  308  309  310  311  312  313  314  315  316  317  318  319  320  321  322  323  324  325  326  327  328  329  330  331  332  333  334  335  336  337  338  339
  170  171  172  173  174  175  176   35   36  179  180  181  182  183  184  185  186  187  188  189  190   29  192  193  194  195  196  197  198   21  200  201  202  203   62    7    8  207  208  209  210  211  212  166  214  215  216  217   76  161  220  221  222  223  224  225  226   99  228  229  230  231   34   85   92  235  236  237  238  239  240  127  242  243  244  245   48  113  120  249  250  251  252  253  254   63  256  257  258  259  118  141   64  263  264  265  266  267  268   57  270  271  272  273  132  146  134  277  278  279  280  281  282   77  284  285  286  287   90  151   78  291  292  293  294  295  296   71  298  299  300  301  104  156  106  305  306  307  308  309  310   91  312  313  314  315  105  317  318  319  320  119  322  323  324  325  133  327  328  329  330   49  332  333  334  335   43  337  338  339    0    1    2    3    4    5    6   -1   -1    9   10   11   12   13   14   15   16   17   18   19   20   -1   22   23   24   25   26   27   28   -1   30   31   32   33   -1   -1   -1   37   38   39   40   41   42   -1   44   45   46   47   -1   -1   50   51   52   53   54   55   56   -1   58   59   60   61   -1   -1   -1   65   66   67   68   69   70   -1   72   73   74   75   -1   -1   -1   79   80   81   82   83   84   -1   86   87   88   89   -1   -1   -1   93   94   95   96   97   98   -1  100  101  102  103   -1   -1   -1  107  108  109  110  111  112   -1  114  115  116  117   -1   -1   -1  121  122  123  124  125  126   -1  128  129  130  131   -1   -1   -1  135  136  137  138  139  140   -1  142  143  144  145   -1  147  148  149  150   -1  152  153  154  155   -1  157  158  159  160   -1  162  163  164  165   -1  167  168  169
CLPO iteration  2: hybrids reconnected, target function =  135.2034797
Done! (in 1 iterations)


*** Summary of CLPO results

  CLPO	         D e s c r i p t i o n     	Occupancy	Composition
    1	                            O1 (RY)	  0.00114	1.0 * h1@O1
    2	(LP)  O1                           	1.90001  	1.0 * h2@O1
    3	(LP)  O1                           	1.99992  	1.0 * h3@O1
    4	                            O1 (RY)	  0.00246	1.0 * h4@O1
    6	                            O1 (RY)	  0.00234	1.0 * h6@O1
    7	(LP)  O1                           	1.98134  	1.0 * h7@O1
    8	(BD) O1-N3, Io = 0.0357            	1.99509  	h8@O1 * ( 0.7196) + h36@N3 * (-0.6944)	
    9	     O1-N3, antibonding (NB)       	  0.05507	h8@O1 * (-0.6944) + h36@N3 * (-0.7196)	
   10	(BD) O1-N3, Io = 0.2050            	1.98681  	h9@O1 * ( 0.7762) + h37@N3 * ( 0.6305)	
   11	     O1-N3, antibonding (NB)       	  0.65064	h9@O1 * ( 0.6305) + h37@N3 * (-0.7762)	
   17	                            O2 (RY)	  0.00114	1.0 * h15@O2
   18	(LP)  O2    