 * * * * * * * * * * * * * * * * * * * * * * * * * * * * * * * * * * * *
 *    janpa: A cross-platform open-source implementation of NPA        * 
 *    and other electronic structure analysis methods with Java        * 
 *        A part of JANPA package,   http://janpa.sourceforge.net      * 
 *                    Version:    2.02 (13-01-2019)                    * 
 * * * * * * * * * * * * * * * * * * * * * * * * * * * * * * * * * * * *

 (c) Tymofii Nikolaienko, 2014-2019

 If any results obtained with this program are published,
 or for any other reasons, please, cite this work as: 
 1) T.Y.Nikolaienko, L.A.Bulavin; Int. J. Quantum Chem. (2019), 
    Vol.119, page e25798, DOI: 10.1002/qua.25798
 2) T.Y.Nikolaienko, L.A.Bulavin, D.M.Hovorun; Comput.Theor.Chem.(2014),
    Vol.1050, pages 15-22, DOI: 10.1016/j.comptc.2014.10.002

                          * * *                                         

Settings used in this run:

 -i: ABN_3_janpa.molden
 -npacharges: (empty)
 -NAO_Molden_File: (empty)
 -LHO_Molden_File: (empty)
 -CLPO_Molden_File: (empty)
 -PrintGeom: false
 -WibergBondOrders_File: (empty)
 -D_Matrix_File: (empty)
 -S_Matrix_File: (empty)
 -SDS_Matrix_File: (empty)
 -PNAO_OverlapMatrix_File: (empty)
 -PNAO_SDS_Matrix_File: (empty)
 -NMB_old_Overlap_Matrix_File: (empty)
 -NMB_old_SDS_Matrix_File: (empty)
 -NRB_old_Overlap_Matrix_File: (empty)
 -NRB_new_Overlap_Matrix_File: (empty)
 -S_Matrix_after_ON2_File: (empty)
 -SDS_Matrix_after_ON2_File: (empty)
 -NRB_Overlap_after_OW_heavy_File: (empty)
 -NRB_Overlap_after_Schmidt2_File: (empty)
 -NRB_Overlap_after_OW2_final_File: (empty)
 -OW2_File: (empty)
 -S_Matrix_after_OW2_File: (empty)
 -SDS_Matrix_after_OW2_File: (empty)
 -SDS_NAO_File: (empty)
 -NAO2AO_File: (empty)
 -PNAO2AO_File: (empty)
 -CLPO2LHO_File: (empty)
 -LHO2NAO_File: (empty)
 -LPO2AHO_File: (empty)
 -AHO2NAO_File: (empty)
 -doFock: false
 -Fock_AO_File: (empty)
 -Fock_NAO_File: (empty)
 -printnmbfock: false
 -PNAO_Molden_File: (empty)
 -AHO_Molden_File: (empty)
 -LPO_Molden_File: (empty)
 -MatrixMaxValuesPerLine: 0
 -MatrixFloatNumberFormat: %.5f
 -maximumBondIonicity: 9.00E-01
 -RyOccPrintThreshold: 1.00E-03
 -HybrOptOccConvThresh: 1.00E-05
 -HybrOptMaxIter: 1000
 -verboseprint: false
 -directNRBwsw: false
 -heavyNRBthreshold: 1.00E-04
 -overlap_straightforward: false
 -p: (empty)

                          * * *                                         

Loading MOLDEN from ABN_3_janpa.molden
Basis functions are spherical: true
Total number of basis functions: 156
Total number of different contractions (radial parts): 72
Highest angular momentum: d (Lmax = 2)
Total number of MO: 156

Data loaded successfully
 Number of basis functions: 156; number of molecular orbitals: 156 

Building overlap S and dipole matrices...
Overlap & dipole integrals evaluated in 0.045 seconds
Checking whether the basis functions are unity-normalized...
 Maximum deviation of the basis function norm2 from unity: BFN 34 (0-based num.), max|norm2-1| = 6.000E-10 
Checking for the eigenvalues (linear (in)dependency) of the basis function overlap matrix...
The smallest eigenvalue of the basis function overlap matrix: 2.741E-04 
Checking whether the orbitals are unity-normalized...
Checking MO overlap matrix...
 Maximum of MO |norm2-1|: 1.725E-09 (MO  100)
 Maximum absolute value of off-diagonal MO overlap element: 3.050E-09 (< MO   21 | MO  100 >)
First-order reduced density matrix is OK.

Building density matrix D... done.
Building D.S... done.
Total number of electrons: 62.000000
Sum of electrons charges and the nuclei charges: 0.00000 

Performing Mulliken and Lowdin population analyses...
   Atom	Mulliken  	Lowdin    	Mulliken	Lowdin
       	Population	Population	Charge  	Charge
     N1	 7.06195	 7.00342	-0.06195	-0.00342
     N2	 6.96029	 7.08793	 0.03971	-0.08793
     C3	 5.90370	 5.95665	 0.09630	 0.04335
     C4	 6.03247	 6.06631	-0.03247	-0.06631
     C5	 6.03247	 6.06631	-0.03247	-0.06631
     C6	 6.10200	 6.10464	-0.10200	-0.10464
     C7	 5.95917	 5.98164	 0.04083	 0.01836
     C8	 5.95917	 5.98164	 0.04083	 0.01836
     C9	 6.12378	 6.03150	-0.12378	-0.03150
    H10	 1.03630	 0.97474	-0.03630	 0.02526
    H11	 1.03630	 0.97474	-0.03630	 0.02526
    H12	 1.01112	 0.96254	-0.01112	 0.03746
    H13	 1.01112	 0.96254	-0.01112	 0.03746
    H14	 0.88508	 0.92269	 0.11492	 0.07731
    H15	 0.88508	 0.92269	 0.11492	 0.07731

Building S.D.S... done.

                          * * *                                         

Creating NAOs


STEP 1. Produce PNAOs

 Total number of natural functions produced: 156
Sorting PNAOs...

STEP 2. Split PNAOs into NMB / NRB sets

 Number of basis functions in teh Natural Minimal Basis (NMB) set for each center: 
center   1:   2 of s |  3 of p |  0 of d |  0 of f |  0 of g |
center   2:   2 of s |  3 of p |  0 of d |  0 of f |  0 of g |
center   3:   2 of s |  3 of p |  0 of d |  0 of f |  0 of g |
center   4:   2 of s |  3 of p |  0 of d |  0 of f |  0 of g |
center   5:   2 of s |  3 of p |  0 of d |  0 of f |  0 of g |
center   6:   2 of s |  3 of p |  0 of d |  0 of f |  0 of g |
center   7:   2 of s |  3 of p |  0 of d |  0 of f |  0 of g |
center   8:   2 of s |  3 of p |  0 of d |  0 of f |  0 of g |
center   9:   2 of s |  3 of p |  0 of d |  0 of f |  0 of g |
center  10:   1 of s |  0 of p |  0 of d |  0 of f |  0 of g |
center  11:   1 of s |  0 of p |  0 of d |  0 of f |  0 of g |
center  12:   1 of s |  0 of p |  0 of d |  0 of f |  0 of g |
center  13:   1 of s |  0 of p |  0 of d |  0 of f |  0 of g |
center  14:   1 of s |  0 of p |  0 of d |  0 of f |  0 of g |
center  15:   1 of s |  0 of p |  0 of d |  0 of f |  0 of g |
In total: NMB set has 51 functions, NRB set has 105 functions; 

Trace of the PNAO overlap matrix: 156.0000000 (should be equal to 156, the total number of PNAOs)
 The trace of SDS matrix in PNAO basis = 109.26391419800737

STEP 3. Weighted orthogonalization of NMB PNAOs

 min weight of NMB PNAO = 1.5018613634934324

STEP 4. Schmidt orthogonalization of NRBs to new NMBs


STEP 5. Intracenter naturalization of new NRBs

 Total number of natural functions produced: 105

STEP 6. Weighted orthogonalization of naturalized NRBs

Maximum weight of NRB function = 9.83040E-02
 min weight = 0.003567782561586747
 |S_NRB - 1| = 1.10683E-12 (Should be VERY close to zero!)

STEP 7. Final Intracenter Natural Transformation withing the full set of functions

 Total number of natural functions produced: 156
 SQRT{ SUM[(NaoOverlap_ij - delta_ij)^2] } = 1.15e-12 (should be VERY close to zero) 
 max_offdiag = 1.93e-13 (should be VERY close to zero) 
                          * * *                                         

 Final NAO occupancies and leading AO terms:

NAO #                 Name  Occupancy                             Leading term
    1         A1*: R1*s(0)  0.0001548              (-8.70)*BF[3 = A1: R3*s(0)]
    2          A1: R2*s(0)  1.2799968               (1.10)*BF[2 = A1: R2*s(0)]
    3          A1: R3*s(0)  1.9992633              (-1.01)*BF[1 = A1: R1*s(0)]
    4         A1*: R4*p(0)  0.0021074             (4.20)*BF[35 = A3: R17*p(0)]
    5         A1*: R4*p(1)  0.0020703            (-4.89)*BF[36 = A3: R17*p(1)]
    6        A1*: R4*p(-1)  0.0036489              (1.36)*BF[9 = A1: R5*p(-1)]
    7          A1: R5*p(0)  1.3278743              (-0.83)*BF[4 = A1: R4*p(0)]
    8          A1: R5*p(1)  1.3945381              (-0.83)*BF[5 = A1: R4*p(1)]
    9         A1: R5*p(-1)  1.7792500             (-0.68)*BF[6 = A1: R4*p(-1)]
   10         A1*: R6*d(0)  0.0007931              (-1.87)*BF[3 = A1: R3*s(0)]
   11         A1*: R6*d(1)  0.0003071              (1.06)*BF[11 = A1: R6*d(1)]
   12        A1*: R6*d(-1)  0.0000096             (1.06)*BF[12 = A1: R6*d(-1)]
   13         A1*: R6*d(2)  0.0007611              (1.26)*BF[13 = A1: R6*d(2)]
   14        A1*: R6*d(-2)  0.0008148             (1.31)*BF[14 = A1: R6*d(-2)]
   15         A2*: R7*s(0)  0.0074214            (-13.38)*BF[17 = A2: R9*s(0)]
   16          A2: R8*s(0)  1.5852105              (1.06)*BF[16 = A2: R8*s(0)]
   17          A2: R9*s(0)  1.9995845             (-1.02)*BF[15 = A2: R7*s(0)]
   18        A2*: R10*p(0)  0.0019790              (4.26)*BF[17 = A2: R9*s(0)]
   19        A2*: R10*p(1)  0.0001596             (1.60)*BF[22 = A2: R11*p(1)]
   20       A2*: R10*p(-1)  0.0005204            (1.50)*BF[23 = A2: R11*p(-1)]
   21         A2: R11*p(0)  1.5484386            (-0.83)*BF[18 = A2: R10*p(0)]
   22         A2: R11*p(1)  1.0701895            (-0.74)*BF[19 = A2: R10*p(1)]
   23        A2: R11*p(-1)  1.1215044           (-0.74)*BF[20 = A2: R10*p(-1)]
   24        A2*: R12*d(0)  0.0010249             (-1.15)*BF[17 = A2: R9*s(0)]
   25        A2*: R12*d(1)  0.0030003             (1.09)*BF[25 = A2: R12*d(1)]
   26       A2*: R12*d(-1)  0.0000001            (1.00)*BF[26 = A2: R12*d(-1)]
   27        A2*: R12*d(2)  0.0030461              (1.99)*BF[17 = A2: R9*s(0)]
   28       A2*: R12*d(-2)  0.0029686            (1.10)*BF[28 = A2: R12*d(-2)]
   29        A3*: R13*s(0)  0.0016664           (-14.83)*BF[31 = A3: R15*s(0)]
   30         A3: R14*s(0)  0.8164878             (1.51)*BF[30 = A3: R14*s(0)]
   31         A3: R15*s(0)  1.9988324            (-1.01)*BF[29 = A3: R13*s(0)]
   32        A3*: R16*p(0)  0.0065309            (-8.34)*BF[35 = A3: R17*p(0)]
   33        A3*: R16*p(1)  0.0042779            (-9.30)*BF[36 = A3: R17*p(1)]
   34       A3*: R16*p(-1)  0.0004480           (-1.96)*BF[37 = A3: R17*p(-1)]
   35         A3: R17*p(0)  0.9054945            (-1.04)*BF[45 = A4: R21*s(0)]
   36         A3: R17*p(1)  1.1070565            (-1.14)*BF[36 = A3: R17*p(1)]
   37        A3: R17*p(-1)  0.9406542            (0.80)*BF[34 = A3: R16*p(-1)]
   38        A3*: R18*d(0)  0.0007303            (-4.14)*BF[31 = A3: R15*s(0)]
   39        A3*: R18*d(1)  0.0019316             (1.08)*BF[39 = A3: R18*d(1)]
   40       A3*: R18*d(-1)  0.0006558            (1.08)*BF[40 = A3: R18*d(-1)]
   41        A3*: R18*d(2)  0.0014447             (2.46)*BF[35 = A3: R17*p(0)]
   42       A3*: R18*d(-2)  0.0010001            (-2.30)*BF[36 = A3: R17*p(1)]
   43        A4*: R19*s(0)  0.0014366           (-17.25)*BF[45 = A4: R21*s(0)]
   44         A4: R20*s(0)  0.9318982            (-1.50)*BF[45 = A4: R21*s(0)]
   45         A4: R21*s(0)  1.9989061            (-1.01)*BF[43 = A4: R19*s(0)]
   46        A4*: R22*p(0)  0.0044657            (-7.32)*BF[49 = A4: R23*p(0)]
   47        A4*: R22*p(1)  0.0051537            (-7.26)*BF[50 = A4: R23*p(1)]
   48       A4*: R22*p(-1)  0.0011656           (-1.75)*BF[51 = A4: R23*p(-1)]
   49         A4: R23*p(0)  1.1076125             (0.98)*BF[46 = A4: R22*p(0)]
   50         A4: R23*p(1)  1.1442327            (-1.04)*BF[45 = A4: R21*s(0)]
   51        A4: R23*p(-1)  1.0799241            (0.75)*BF[48 = A4: R22*p(-1)]
   52        A4*: R24*d(0)  0.0006422            (-4.23)*BF[45 = A4: R21*s(0)]
   53        A4*: R24*d(1)  0.0004984             (1.09)*BF[53 = A4: R24*d(1)]
   54       A4*: R24*d(-1)  0.0003773            (1.08)*BF[54 = A4: R24*d(-1)]
   55        A4*: R24*d(2)  0.0007562             (1.34)*BF[55 = A4: R24*d(2)]
   56       A4*: R24*d(-2)  0.0009299            (1.36)*BF[56 = A4: R24*d(-2)]
   57        A5*: R25*s(0)  0.0014366           (-17.25)*BF[59 = A5: R27*s(0)]
   58         A5: R26*s(0)  0.9318983            (-1.50)*BF[59 = A5: R27*s(0)]
   59         A5: R27*s(0)  1.9989061            (-1.01)*BF[57 = A5: R25*s(0)]
   60        A5*: R28*p(0)  0.0044658            (-7.32)*BF[63 = A5: R29*p(0)]
   61        A5*: R28*p(1)  0.0051536            (-7.26)*BF[64 = A5: R29*p(1)]
   62       A5*: R28*p(-1)  0.0011656           (-1.75)*BF[65 = A5: R29*p(-1)]
   63         A5: R29*p(0)  1.1076191             (0.98)*BF[60 = A5: R28*p(0)]
   64         A5: R29*p(1)  1.1442266             (1.04)*BF[59 = A5: R27*s(0)]
   65        A5: R29*p(-1)  1.0799236            (0.75)*BF[62 = A5: R28*p(-1)]
   66        A5*: R30*d(0)  0.0006422            (-4.23)*BF[59 = A5: R27*s(0)]
   67        A5*: R30*d(1)  0.0004984             (1.09)*BF[67 = A5: R30*d(1)]
   68       A5*: R30*d(-1)  0.0003773            (1.08)*BF[68 = A5: R30*d(-1)]
   69        A5*: R30*d(2)  0.0007563             (1.34)*BF[69 = A5: R30*d(2)]
   70       A5*: R30*d(-2)  0.0009298            (1.36)*BF[70 = A5: R30*d(-2)]
   71        A6*: R31*s(0)  0.0011422           (-17.39)*BF[73 = A6: R33*s(0)]
   72         A6: R32*s(0)  0.8643399            (-1.85)*BF[73 = A6: R33*s(0)]
   73         A6: R33*s(0)  1.9987574            (-1.01)*BF[71 = A6: R31*s(0)]
   74        A6*: R34*p(0)  0.0052641           (-10.74)*BF[77 = A6: R35*p(0)]
   75        A6*: R34*p(1)  0.0019796            (-8.59)*BF[78 = A6: R35*p(1)]
   76       A6*: R34*p(-1)  0.0016687           (-2.19)*BF[79 = A6: R35*p(-1)]
   77         A6: R35*p(0)  1.0961817             (1.02)*BF[74 = A6: R34*p(0)]
   78         A6: R35*p(1)  1.1206062             (1.02)*BF[75 = A6: R34*p(1)]
   79        A6: R35*p(-1)  1.1289564            (0.78)*BF[76 = A6: R34*p(-1)]
   80        A6*: R36*d(0)  0.0006314            (-5.17)*BF[73 = A6: R33*s(0)]
   81        A6*: R36*d(1)  0.0004153             (1.08)*BF[81 = A6: R36*d(1)]
   82       A6*: R36*d(-1)  0.0005947            (1.08)*BF[82 = A6: R36*d(-1)]
   83        A6*: R36*d(2)  0.0011400            (-3.01)*BF[77 = A6: R35*p(0)]
   84       A6*: R36*d(-2)  0.0008457             (2.82)*BF[78 = A6: R35*p(1)]
   85        A7*: R37*s(0)  0.0014480           (-16.90)*BF[87 = A7: R39*s(0)]
   86         A7: R38*s(0)  0.9339487            (-1.43)*BF[87 = A7: R39*s(0)]
   87         A7: R39*s(0)  1.9989433            (-1.01)*BF[85 = A7: R37*s(0)]
   88        A7*: R40*p(0)  0.0039272            (-6.90)*BF[91 = A7: R41*p(0)]
   89        A7*: R40*p(1)  0.0055991            (-6.95)*BF[92 = A7: R41*p(1)]
   90       A7*: R40*p(-1)  0.0007195           (-1.74)*BF[93 = A7: R41*p(-1)]
   91         A7: R41*p(0)  1.0973997             (0.99)*BF[88 = A7: R40*p(0)]
   92         A7: R41*p(1)  1.1534383             (0.98)*BF[89 = A7: R40*p(1)]
   93        A7: R41*p(-1)  0.9557655            (0.76)*BF[90 = A7: R40*p(-1)]
   94        A7*: R42*d(0)  0.0006192            (-4.09)*BF[87 = A7: R39*s(0)]
   95        A7*: R42*d(1)  0.0007394             (1.09)*BF[95 = A7: R42*d(1)]
   96       A7*: R42*d(-1)  0.0004063            (1.08)*BF[96 = A7: R42*d(-1)]
   97        A7*: R42*d(2)  0.0008555             (1.58)*BF[77 = A6: R35*p(0)]
   98       A7*: R42*d(-2)  0.0008917             (1.57)*BF[73 = A6: R33*s(0)]
   99        A8*: R43*s(0)  0.0014480          (-16.90)*BF[101 = A8: R45*s(0)]
  100         A8: R44*s(0)  0.9339491           (-1.43)*BF[101 = A8: R45*s(0)]
  101         A8: R45*s(0)  1.9989433            (-1.01)*BF[99 = A8: R43*s(0)]
  102        A8*: R46*p(0)  0.0039271           (-6.90)*BF[105 = A8: R47*p(0)]
  103        A8*: R46*p(1)  0.0055992           (-6.95)*BF[106 = A8: R47*p(1)]
  104       A8*: R46*p(-1)  0.0007195          (-1.74)*BF[107 = A8: R47*p(-1)]
  105         A8: R47*p(0)  1.0973933            (0.99)*BF[102 = A8: R46*p(0)]
  106         A8: R47*p(1)  1.1534439            (0.98)*BF[103 = A8: R46*p(1)]
  107        A8: R47*p(-1)  0.9557654           (0.76)*BF[104 = A8: R46*p(-1)]
  108        A8*: R48*d(0)  0.0006192           (-4.09)*BF[101 = A8: R45*s(0)]
  109        A8*: R48*d(1)  0.0007394            (1.09)*BF[109 = A8: R48*d(1)]
  110       A8*: R48*d(-1)  0.0004062           (1.08)*BF[110 = A8: R48*d(-1)]
  111        A8*: R48*d(2)  0.0008555             (1.58)*BF[77 = A6: R35*p(0)]
  112       A8*: R48*d(-2)  0.0008917            (-1.57)*BF[73 = A6: R33*s(0)]
  113        A9*: R49*s(0)  0.0073305           (-9.90)*BF[115 = A9: R51*s(0)]
  114         A9: R50*s(0)  0.8036310            (1.46)*BF[114 = A9: R50*s(0)]
  115         A9: R51*s(0)  1.9992177           (-1.01)*BF[113 = A9: R49*s(0)]
  116        A9*: R52*p(0)  0.0180284          (-11.78)*BF[119 = A9: R53*p(0)]
  117        A9*: R52*p(1)  0.0062653           (-2.08)*BF[120 = A9: R53*p(1)]
  118       A9*: R52*p(-1)  0.0007180          (-1.74)*BF[121 = A9: R53*p(-1)]
  119         A9: R53*p(0)  0.9965148           (-1.41)*BF[119 = A9: R53*p(0)]
  120         A9: R53*p(1)  0.9272500            (0.82)*BF[117 = A9: R52*p(1)]
  121        A9: R53*p(-1)  0.9325369           (0.81)*BF[118 = A9: R52*p(-1)]
  122        A9*: R54*d(0)  0.0003093            (1.18)*BF[122 = A9: R54*d(0)]
  123        A9*: R54*d(1)  0.0020188            (1.21)*BF[123 = A9: R54*d(1)]
  124       A9*: R54*d(-1)  0.0000109           (1.01)*BF[124 = A9: R54*d(-1)]
  125        A9*: R54*d(2)  0.0008432            (-2.29)*BF[73 = A6: R33*s(0)]
  126       A9*: R54*d(-2)  0.0014453            (-2.41)*BF[78 = A6: R35*p(1)]
  127       A10*: R55*s(0)  0.0016914           (3.42)*BF[128 = A10: R56*s(0)]
  128        A10: R56*s(0)  0.7745460           (1.12)*BF[127 = A10: R55*s(0)]
  129       A10*: R57*p(0)  0.0002328            (-3.14)*BF[49 = A4: R23*p(0)]
  130       A10*: R57*p(1)  0.0007658            (-2.05)*BF[49 = A4: R23*p(0)]
  131      A10*: R57*p(-1)  0.0002003          (1.12)*BF[131 = A10: R57*p(-1)]
  132       A11*: R58*s(0)  0.0016914           (3.42)*BF[133 = A11: R59*s(0)]
  133        A11: R59*s(0)  0.7745458           (1.12)*BF[132 = A11: R58*s(0)]
  134       A11*: R60*p(0)  0.0002328            (-3.14)*BF[63 = A5: R29*p(0)]
  135       A11*: R60*p(1)  0.0007657             (2.05)*BF[63 = A5: R29*p(0)]
  136      A11*: R60*p(-1)  0.0002003          (1.12)*BF[136 = A11: R60*p(-1)]
  137       A12*: R61*s(0)  0.0013600           (3.46)*BF[138 = A12: R62*s(0)]
  138        A12: R62*s(0)  0.7606806           (1.14)*BF[137 = A12: R61*s(0)]
  139       A12*: R63*p(0)  0.0002887            (-2.98)*BF[91 = A7: R41*p(0)]
  140       A12*: R63*p(1)  0.0007703             (2.11)*BF[91 = A7: R41*p(0)]
  141      A12*: R63*p(-1)  0.0001655          (1.12)*BF[141 = A12: R63*p(-1)]
  142       A13*: R64*s(0)  0.0013600           (3.46)*BF[143 = A13: R65*s(0)]
  143        A13: R65*s(0)  0.7606805           (1.14)*BF[142 = A13: R64*s(0)]
  144       A13*: R66*p(0)  0.0002887           (-2.98)*BF[105 = A8: R47*p(0)]
  145       A13*: R66*p(1)  0.0007703           (-2.11)*BF[105 = A8: R47*p(0)]
  146      A13*: R66*p(-1)  0.0001655          (1.12)*BF[146 = A13: R66*p(-1)]
  147       A14*: R67*s(0)  0.0018323           (2.36)*BF[148 = A14: R68*s(0)]
  148        A14: R68*s(0)  0.6014507           (1.20)*BF[147 = A14: R67*s(0)]
  149       A14*: R69*p(0)  0.0004748               (1.66)*BF[3 = A1: R3*s(0)]
  150       A14*: R69*p(1)  0.0009815           (1.55)*BF[150 = A14: R69*p(1)]
  151      A14*: R69*p(-1)  0.0006129          (1.13)*BF[151 = A14: R69*p(-1)]
  152       A15*: R70*s(0)  0.0018323           (2.36)*BF[153 = A15: R71*s(0)]
  153        A15: R71*s(0)  0.6014507           (1.20)*BF[152 = A15: R70*s(0)]
  154       A15*: R72*p(0)  0.0004748               (1.66)*BF[3 = A1: R3*s(0)]
  155       A15*: R72*p(1)  0.0009816           (1.55)*BF[155 = A15: R72*p(1)]
  156      A15*: R72*p(-1)  0.0006129          (1.13)*BF[156 = A15: R72*p(-1)]
 trace = 61.999999993836205

Final electron populations and NPA charges:

Center	Nuclear	 Electron  	  NMB       	NPA   
      	 charge	 population	  population	charge
   N1	    7.0	  7.7915896	   7.7809225	-0.7915895998
   N2	    7.0	  7.3450478	   7.3249275	-0.3450477952
   C3	    6.0	  5.7872111	   5.7685254	 0.2127889046
   C4	    6.0	  6.2779992	   6.2625737	-0.2779992243
   C5	    6.0	  6.2779993	   6.2625738	-0.2779993151
   C6	    6.0	  6.2225233	   6.2088416	-0.2225233062
   C7	    6.0	  6.1547017	   6.1394956	-0.1547016521
   C8	    6.0	  6.1547010	   6.1394950	-0.1547010444
   C9	    6.0	  5.6961202	   5.6591504	 0.3038797774
  H10	    1.0	  0.7774363	   0.7745460	 0.2225637466
  H11	    1.0	  0.7774361	   0.7745458	 0.2225639111
  H12	    1.0	  0.7632652	   0.7606806	 0.2367348495
  H13	    1.0	  0.7632650	   0.7606805	 0.2367349863
  H14	    1.0	  0.6053521	   0.6014507	 0.3946478864
  H15	    1.0	  0.6053521	   0.6014507	 0.3946478813

Angular momentum contributions of the total atomic population:

   Cntr           s           p           d           f           g
     N1   3.2794149   4.5094891   0.0026856   0.0000000   0.0000000
     N2   3.5922164   3.7427915   0.0100400   0.0000000   0.0000000
     C3   2.8169865   2.9644621   0.0057625   0.0000000   0.0000000
     C4   2.9322410   3.3425544   0.0032039   0.0000000   0.0000000
     C5   2.9322410   3.3425544   0.0032039   0.0000000   0.0000000
     C6   2.8642394   3.3546567   0.0036272   0.0000000   0.0000000
     C7   2.9343401   3.2168494   0.0035121   0.0000000   0.0000000
     C8   2.9343405   3.2168484   0.0035121   0.0000000   0.0000000
     C9   2.8101792   2.8813134   0.0046276   0.0000000   0.0000000
    H10   0.7762374   0.0011989   0.0000000   0.0000000   0.0000000
    H11   0.7762372   0.0011989   0.0000000   0.0000000   0.0000000
    H12   0.7620406   0.0012245   0.0000000   0.0000000   0.0000000
    H13   0.7620405   0.0012245   0.0000000   0.0000000   0.0000000
    H14   0.6032829   0.0020692   0.0000000   0.0000000   0.0000000
    H15   0.6032829   0.0020692   0.0000000   0.0000000   0.0000000


                          * * *                                         

Wiberg-Mayer bond indices (based on density matrix in NAO basis):
Centr. A/B         1         2         3         4         5         6         7         8         9        10        11        12        13        14        15
      1    ( 3.0379)    0.0124    1.1754    0.0602    0.0602    0.0369    0.0143    0.0143    0.0026    0.0021    0.0021    0.0002    0.0002    0.8285    0.8285
      2              ( 3.0085)    0.0199    0.0042    0.0042    0.0328    0.0493    0.0493    2.8349    0.0006    0.0006    0.0002    0.0002    0.0000    0.0000
      3                        ( 3.9554)    1.3089    1.3089    0.0765    0.0160    0.0160    0.0015    0.0030    0.0030    0.0093    0.0093    0.0039    0.0039
      4                                  ( 3.9470)    0.0201    0.0200    1.4895    0.0892    0.0113    0.9165    0.0099    0.0046    0.0005    0.0105    0.0016
      5                                            ( 3.9470)    0.0200    0.0892    1.4895    0.0113    0.0099    0.9165    0.0005    0.0046    0.0016    0.0105
      6                                                      ( 3.9659)    1.3274    1.3273    1.0994    0.0096    0.0096    0.0031    0.0031    0.0001    0.0001
      7                                                                ( 3.9468)    0.0172    0.0154    0.0055    0.0006    0.9122    0.0095    0.0005    0.0002
      8                                                                          ( 3.9468)    0.0154    0.0006    0.0055    0.0095    0.9122    0.0002    0.0005
      9                                                                                    ( 3.9961)    0.0002    0.0002    0.0018    0.0018    0.0000    0.0000
     10                                                                                              ( 0.9536)    0.0007    0.0037    0.0004    0.0001    0.0006
     11                                                                                                        ( 0.9536)    0.0004    0.0037    0.0006    0.0001
     12                                                                                                                  ( 0.9464)    0.0005    0.0004    0.0001
     13                                                                                                                            ( 0.9464)    0.0001    0.0004
     14                                                                                                                                      ( 0.8475)    0.0008
     15                                                                                                                                                ( 0.8475)

                          * * *                                         

Creating  LPOs (Localized Property-optimized Orbitals)


Creating initial guess...
Optimizing LPOs...

Finding an optimal hybrid pairing...
    0    1    2    3    4    5    6    7    8    9   10   11   12   13   14   15   16   17   18   19   20   21   22   23   24   25   26   27   28   29   30   31   32   33   34   35   36   37   38   39   40   41   42   43   44   45   46   47   48   49   50   51   52   53   54   55   56   57   58   59   60   61   62   63   64   65   66   67   68   69   70   71   72   73   74   75   76   77   78   79   80   81   82   83   84   85   86   87   88   89   90   91   92   93   94   95   96   97   98   99  100  101  102  103  104  105  106  107  108  109  110  111  112  113  114  115  116  117  118  119  120  121  122  123  124  125  126  127  128  129  130  131  132  133  134  135  136  137  138  139  140  141  142  143  144  145  146  147  148  149  150  151  152  153  154  155
  111  147   28   69  151  103   34  152   36   93   14  123   79  121   10  115  124  114  125  108  113  119  120   51   53   -1  112   -1    2   43   46   44   58  140    6   57    8   82  150   94   70   97   84   29   31  102   30  145   90  127   92   23   66   24  110   83   98   35   32  131   87  155  104  132  106  107   52  117   96    3   40   99   88  100   86   89  118   85  122   12  135  130   37   55   42   77   74   60   72   75   48  137   50    9   39  109   68   41   56   71   73  116   45    5   62  142   64   65   19   95   54    0   26   20   17   15  101   67   76   21   22   13   78   11   16   18  141   49  138  154   81   59   63  143  149   80  146   91  128  144   33  126  105  133  139   47  136    1  153  134   38    4    7  148  129   61
LPO iteration  1: hybrids reconnected, target function =  118.3494268
Iterative optimization of atomic hybrids
           Target                 Total        max.atomic       Total        max.atomic     Nxt.step
  Itr.    function    new-old  ||Unew-U||^2   ||unew-u||^2   ||Dnew-D||^2   ||dnew-d||^2     lambda 
    1     118.3494   +1.2e+02    8.454255      0.1037423      0.13456        0.0342789       (none)
    2     118.3694   +2.0e-02    3.259479      0.0378197      0.02535        0.0040214       (none)
    3     118.3732   +3.9e-03    1.737482      0.0174192      0.01309        0.0023536       (none)
    4     118.3744   +1.2e-03    0.947492      0.0106631      0.00753        0.0014046       (none)
    5     118.3748   +3.9e-04    0.647908      0.0088902      0.00462        0.0009465       (none)
    6     118.3750   +1.4e-04    0.492481      0.0070354      0.00295        0.0006866       (none)
    7     118.3750   +4.9e-05    0.386992      0.0058012      0.00194        0.0004970       (none)
    8     118.3750   +1.9e-05    0.304368      0.0050240      0.00131        0.0003563       (none)
    9     118.3750   +7.6e-06    << Converged! (threshold = 1.00e-05) >>
Optimization of hybrids finished
LPO iteration  1: hybrids optimized, target function =  118.3750448
Finding an optimal hybrid pairing...
    0    1    2    3    4    5    6    7    8    9   10   11   12   13   14   15   16   17   18   19   20   21   22   23   24   25   26   27   28   29   30   31   32   33   34   35   36   37   38   39   40   41   42   43   44   45   46   47   48   49   50   51   52   53   54   55   56   57   58   59   60   61   62   63   64   65   66   67   68   69   70   71   72   73   74   75   76   77   78   79   80   81   82   83   84   85   86   87   88   89   90   91   92   93   94   95   96   97   98   99  100  101  102  103  104  105  106  107  108  109  110  111  112  113  114  115  116  117  118  119  120  121  122  123  124  125  126  127  128  129  130  131  132  133  134  135  136  137  138  139  140  141  142  143  144  145  146  147  148  149  150  151  152  153  154  155
   82  147   28   40  151   38   34  152   36   93  109  123   79  121   -1  115  124  114  134  103  113  119  120   -1   -1   -1   97  107    2   43   46   44   58   81    6   57    8  111    5  145    3   83   98   29   31  102   30   61   90  127   92   65   94   95  110  154   84   35   32  146   87   47  104  132  106   51  108  117  144  149  112   99   88  100   86   89  118   85  122   12  135   33    0   41   56   77   74   60   72   75   48  137   50    9   52   53  125   26   42   71   73  116   45   19   62  142   64   27   66   10   54   37   70   20   17   15  101   67   76   21   22   13   78   11   16   96  141   49  138  139  140  136   63  143   18   80  131   91  128  129  130  126  105  133   68   39   59    1  153   69  155    4    7  148   55  150
LPO iteration  2: hybrids reconnected, target function =  118.3750546
Done! (in 1 iterations)


*** Summary of LPO  results

  LPO 	         D e s c r i p t i o n     	Occupancy	Composition
    1	(BD) N1-C6, Io = 0.7986            	0.00023  	h1@N1 * (-0.3173) + h83@C6 * ( 0.9483)	
    2	     N1-C6, antibonding (NB)       	  0.00006	h1@N1 * (-0.9483) + h83@C6 * (-0.3173)	
    3	(BD) N1-H14, Io = 0.4004           	1.99170  	h2@N1 * ( 0.8368) + h148@H14 * ( 0.5475)	
    4	     N1-H14, antibonding (NB)      	  0.00796	h2@N1 * ( 0.5475) + h148@H14 * (-0.8368)	
    5	(BD) N1-C3, Io = 0.9996            	1.99970  	h3@N1 * ( 0.9999) + h29@C3 * (-0.0139)	
    6	     N1-C3, antibonding (NB)       	  0.00169	h3@N1 * (-0.0139) + h29@C3 * (-0.9999)	
    7	(BD) N1-C3, Io = 0.7918            	0.00132  	h4@N1 * (-0.3226) + h41@C3 * ( 0.9465)	
    8	     N1-C3, antibonding (NB)       	  0.00012	h4@N1 * (-0.9465) + h41@C3 * (-0.3226)	
    9	(BD) N1-H15, Io = 0.0904           	0.00351  	h5@N1 * ( 0.7384) + h152@H15 * (-0.6744)	
   10	     N1-H15, antibonding (NB)      	  0.00052	h5@N1 * (-0.6744) + h152@H15 * (-0.7384)	
   11	(BD) N1-C3, Io = 0.0033            	0.00441  	h6@N1 * ( 0.7059) + h39@C3 * ( 0.7083)	
   12	     N1-C3, antibonding (NB)       	  0.00042	h6@N1 * (-0.7083) + h39@C3 * ( 0.7059)	
   13	(BD) N1-C3, Io = 0.2123            	1.98841  	h7@N1 * ( 0.7786) + h35@C3 * (-0.6276)	
   14	     N1-C3, antibonding (NB)       	  0.01852	h7@N1 * (-0.6276) + h35@C3 * (-0.7786)	
   15	(BD) N1-H15, Io = 0.4004           	1.99170  	h8@N1 * ( 0.8368) + h153@H15 * (-0.5475)	
   16	     N1-H15, antibonding (NB)      	  0.00796	h8@N1 * (-0.5475) + h153@H15 * (-0.8368)	
   17	(BD) N1-C3, Io = 0.6692            	1.98859  	h9@N1 * ( 0.9136) + h37@C3 * ( 0.4067)	
   18	     N1-C3, antibonding (NB)       	  0.73243	h9@N1 * ( 0.4067) + h37@C3 * (-0.9136)	
   19	(BD) N1-C7, Io = 0.2795            	0.00001  	h10@N1 * ( 0.7999) + h94@C7 * ( 0.6002)	
   20	     N1-C7, antibonding (NB)       	  0.00000	h10@N1 * ( 0.6002) + h94@C7 * (-0.7999)	
   21	(BD) N1-C8, Io = 0.9554            	0.00001  	h11@N1 * (-0.1493) + h110@C8 * ( 0.9888)	
   22	     N1-C8, antibonding (NB)       	  0.00000	h11@N1 * (-0.9888) + h110@C8 * (-0.1493)	
   23	(BD) N1-C9, Io = 0.0696            	0.00002  	h12@N1 * ( 0.6820) + h124@C9 * ( 0.7313)	
   24	     N1-C9, antibonding (NB)       	  0.00000	h12@N1 * (-0.7313) + h124@C9 * ( 0.6820)	
   25	(BD) N1-C6, Io = 0.8181            	0.00003  	h13@N1 * ( 0.3016) + h80@C6 * ( 0.9534)	
   26	     N1-C6, antibonding (NB)       	  0.00002	h13@N1 * (-0.9534) + h80@C6 * ( 0.3016)	
   27	(BD) N1-C9, Io = 0.7833            	0.00000  	h14@N1 * ( 0.3292) + h122@C9 * ( 0.9443)	
   28	     N1-C9, antibonding (NB)       	  0.00000	h14@N1 * (-0.9443) + h122@C9 * ( 0.3292)	
   30	(BD) N2-C9, Io = 0.9839            	1.98825  	h16@N2 * ( 0.9960) + h116@C9 * ( 0.0897)	
   31	     N2-C9, antibonding (NB)       	  0.00091	h16@N2 * ( 0.0897) + h116@C9 * (-0.9960)	
   32	(BD) N2-C9, Io = 1.0000            	1.99996  	h17@N2 * ( 1.0000) + h125@C9 * (-0.0048)	
   33	     N2-C9, antibonding (NB)       	  0.00092	h17@N2 * (-0.0048) + h125@C9 * (-1.0000)	
   34	(BD) N2-C9, Io = 0.9998            	1.99955  	h18@N2 * (-0.0094) + h115@C9 * ( 1.0000)	
   35	     N2-C9, antibonding (NB)       	  0.00030	h18@N2 * (-1.0000) + h115@C9 * (-0.0094)	
   36	(BD) N2-H11, Io = 0.7339           	0.00006  	h19@N2 * ( 0.3648) + h135@H11 * ( 0.9311)	
   37	     N2-H11, antibonding (NB)      	  0.00001	h19@N2 * (-0.9311) + h135@H11 * ( 0.3648)	
   38	(BD) N2-C8, Io = 0.1001            	0.00104  	h20@N2 * ( 0.6708) + h104@C8 * ( 0.7416)	
   39	     N2-C8, antibonding (NB)       	  0.00010	h20@N2 * (-0.7416) + h104@C8 * ( 0.6708)	
   40	(BD) N2-C9, Io = 0.1729            	1.99336  	h21@N2 * ( 0.7658) + h114@C9 * ( 0.6431)	
   41	     N2-C9, antibonding (NB)       	  0.00924	h21@N2 * ( 0.6431) + h114@C9 * (-0.7658)	
   42	(BD) N2-C9, Io = 0.0734            	1.98679  	h22@N2 * ( 0.7326) + h120@C9 * ( 0.6807)	
   43	     N2-C9, antibonding (NB)       	  0.01511	h22@N2 * ( 0.6807) + h120@C9 * (-0.7326)	
   44	(BD) N2-C9, Io = 0.1023            	1.96543  	h23@N2 * ( 0.7424) + h121@C9 * ( 0.6700)	
   45	     N2-C9, antibonding (NB)       	  0.09193	h23@N2 * ( 0.6700) + h121@C9 * (-0.7424)	
   49	(BD) N2-C7, Io = 0.8059            	0.00135  	h27@N2 * ( 0.9502) + h98@C7 * (-0.3115)	
   50	     N2-C7, antibonding (NB)       	  0.00016	h27@N2 * (-0.3115) + h98@C7 * (-0.9502)	
   51	(BD) N2-C8, Io = 0.8874            	0.00000  	h28@N2 * ( 0.2373) + h108@C8 * ( 0.9714)	
   52	     N2-C8, antibonding (NB)       	  0.00000	h28@N2 * (-0.9714) + h108@C8 * ( 0.2373)	
   53	(BD) C3-C4, Io = 0.0231            	1.96892  	h30@C3 * ( 0.7152) + h44@C4 * ( 0.6989)	
   54	     C3-C4, antibonding (NB)       	  0.02569	h30@C3 * ( 0.6989) + h44@C4 * (-0.7152)	
   55	(BD) C3-C4, Io = 0.9997            	1.99930  	h31@C3 * ( 0.9999) + h47@C4 * ( 0.0126)	
   56	     C3-C4, antibonding (NB)       	  0.00196	h31@C3 * ( 0.0126) + h47@C4 * (-0.9999)	
   57	(BD) C3-C4, Io = 0.9997            	1.99928  	h32@C3 * (-0.0125) + h45@C4 * ( 0.9999)	
   58	     C3-C4, antibonding (NB)       	  0.00280	h32@C3 * (-0.9999) + h45@C4 * (-0.0125)	
   59	(BD) C3-C5, Io = 0.9997            	1.99928  	h33@C3 * ( 0.0125) + h59@C5 * ( 0.9999)	
   60	     C3-C5, antibonding (NB)       	  0.00280	h33@C3 * (-0.9999) + h59@C5 * ( 0.0125)	
   61	(BD) C3-C6, Io = 0.0572            	0.00106  	h34@C3 * ( 0.7270) + h82@C6 * (-0.6866)	
   62	     C3-C6, antibonding (NB)       	  0.00007	h34@C3 * (-0.6866) + h82@C6 * (-0.7270)	
   63	(BD) C3-C5, Io = 0.0231            	1.96892  	h36@C3 * ( 0.7152) + h58@C5 * ( 0.6989)	
   64	     C3-C5, antibonding (NB)       	  0.02569	h36@C3 * ( 0.6989) + h58@C5 * (-0.7152)	
   65	(BD) C3-C8, Io = 0.9073            	0.00015  	h38@C3 * ( 0.2153) + h112@C8 * ( 0.9766)	
   66	     C3-C8, antibonding (NB)       	  0.00002	h38@C3 * (-0.9766) + h112@C8 * ( 0.2153)	
   67	(BD) C3-H13, Io = 0.4830           	0.00060  	h40@C3 * ( 0.8611) + h146@H13 * ( 0.5084)	
   68	     C3-H13, antibonding (NB)      	  0.00001	h40@C3 * ( 0.5084) + h146@H13 * (-0.8611)	
   69	(BD) C3-C6, Io = 0.5548            	0.00139  	h42@C3 * ( 0.8817) + h84@C6 * (-0.4718)	
   70	     C3-C6, antibonding (NB)       	  0.00060	h42@C3 * (-0.4718) + h84@C6 * (-0.8817)	
   71	(BD) C4-C8, Io = 0.3102            	0.00162  	h43@C4 * ( 0.8094) + h99@C8 * (-0.5873)	
   72	     C4-C8, antibonding (NB)       	  0.00062	h43@C4 * (-0.5873) + h99@C8 * (-0.8094)	
   73	(BD) C4-C8, Io = 0.0163            	0.00955  	h46@C4 * ( 0.7128) + h103@C8 * ( 0.7013)	
   74	     C4-C8, antibonding (NB)       	  0.00067	h46@C4 * ( 0.7013) + h103@C8 * (-0.7128)	
   75	(BD) C4-C5, Io = 0.0330            	0.00095  	h48@C4 * ( 0.6953) + h62@C5 * ( 0.7187)	
   76	     C4-C5, antibonding (NB)       	  0.00020	h48@C4 * (-0.7187) + h62@C5 * ( 0.6953)	
   77	(BD) C4-C7, Io = 0.0020            	1.97437  	h49@C4 * ( 0.7078) + h91@C7 * (-0.7064)	
   78	     C4-C7, antibonding (NB)       	  0.01337	h49@C4 * (-0.7064) + h91@C7 * (-0.7078)	
   79	(BD) C4-H10, Io = 0.2250           	1.97823  	h50@C4 * ( 0.7826) + h128@H10 * (-0.6225)	
   80	     C4-H10, antibonding (NB)      	  0.01453	h50@C4 * (-0.6225) + h128@H10 * (-0.7826)	
   81	(BD) C4-C7, Io = 0.0879            	1.72604  	h51@C4 * ( 0.7375) + h93@C7 * ( 0.6753)	
   82	     C4-C7, antibonding (NB)       	  0.31044	h51@C4 * ( 0.6753) + h93@C7 * (-0.7375)	
   83	(BD) C4-C5, Io = 0.5438            	0.00001  	h52@C4 * ( 0.8786) + h66@C5 * (-0.4776)	
   84	     C4-C5, antibonding (NB)       	  0.00000	h52@C4 * (-0.4776) + h66@C5 * (-0.8786)	
   85	(BD) C4-C7, Io = 0.0556            	0.00190  	h53@C4 * ( 0.6872) + h95@C7 * ( 0.7265)	
   86	     C4-C7, antibonding (NB)       	  0.00006	h53@C4 * (-0.7265) + h95@C7 * ( 0.6872)	
   87	(BD) C4-C7, Io = 0.2503            	0.00003  	h54@C4 * ( 0.7907) + h96@C7 * ( 0.6123)	
   88	     C4-C7, antibonding (NB)       	  0.00000	h54@C4 * ( 0.6123) + h96@C7 * (-0.7907)	
   89	(BD) C4-C8, Io = 0.0894            	0.00005  	h55@C4 * ( 0.6748) + h111@C8 * ( 0.7380)	
   90	     C4-C8, antibonding (NB)       	  0.00002	h55@C4 * (-0.7380) + h111@C8 * ( 0.6748)	
   91	(BD) C4-H15, Io = 0.3658           	0.00031  	h56@C4 * ( 0.8264) + h155@H15 * ( 0.5631)	
   92	     C4-H15, antibonding (NB)      	  0.00008	h56@C4 * ( 0.5631) + h155@H15 * (-0.8264)	
   93	(BD) C5-C7, Io = 0.2676            	0.00169  	h57@C5 * (-0.6051) + h85@C7 * ( 0.7961)	
   94	     C5-C7, antibonding (NB)       	  0.00056	h57@C5 * (-0.7961) + h85@C7 * (-0.6051)	
   95	(BD) C5-H14, Io = 0.4653           	0.00350  	h60@C5 * ( 0.8560) + h147@H14 * (-0.5171)	
   96	     C5-H14, antibonding (NB)      	  0.00129	h60@C5 * (-0.5171) + h147@H14 * (-0.8560)	
   97	(BD) C5-C7, Io = 0.0283            	0.00951  	h61@C5 * (-0.6970) + h88@C7 * ( 0.7170)	
   98	     C5-C7, antibonding (NB)       	  0.00067	h61@C5 * (-0.7170) + h88@C7 * (-0.6970)	
   99	(BD) C5-C8, Io = 0.0020            	1.97437  	h63@C5 * ( 0.7078) + h105@C8 * (-0.7064)	
  100	     C5-C8, antibonding (NB)       	  0.01337	h63@C5 * (-0.7064) + h105@C8 * (-0.7078)	
  101	(BD) C5-H11, Io = 0.2250           	1.97823  	h64@C5 * ( 0.7826) + h133@H11 * ( 0.6225)	
  102	     C5-H11, antibonding (NB)      	  0.01453	h64@C5 * ( 0.6225) + h133@H11 * (-0.7826)	
  103	(BD) C5-C8, Io = 0.0879            	1.72604  	h65@C5 * ( 0.7375) + h107@C8 * ( 0.6753)	
  104	     C5-C8, antibonding (NB)       	  0.31044	h65@C5 * ( 0.6753) + h107@C8 * (-0.7375)	
  105	(BD) C5-C8, Io = 0.0429            	0.00176  	h67@C5 * ( 0.6918) + h109@C8 * ( 0.7221)	
  106	     C5-C8, antibonding (NB)       	  0.00011	h67@C5 * (-0.7221) + h109@C8 * ( 0.6918)	
  107	(BD) C5-C9, Io = 0.8020            	0.00014  	h68@C5 * (-0.3147) + h118@C9 * ( 0.9492)	
  108	     C5-C9, antibonding (NB)       	  0.00001	h68@C5 * (-0.9492) + h118@C9 * (-0.3147)	
  109	(BD) C5-H13, Io = 0.2737           	0.00006  	h69@C5 * (-0.6026) + h145@H13 * ( 0.7980)	
  110	     C5-H13, antibonding (NB)      	  0.00002	h69@C5 * (-0.7980) + h145@H13 * (-0.6026)	
  111	(BD) C5-H14, Io = 0.2629           	0.00019  	h70@C5 * ( 0.6071) + h150@H14 * ( 0.7946)	
  112	     C5-H14, antibonding (NB)      	  0.00008	h70@C5 * (-0.7946) + h150@H14 * ( 0.6071)	
  113	(BD) C6-C9, Io = 0.5674            	0.00424  	h71@C6 * ( 0.8853) + h113@C9 * ( 0.4651)	
  114	     C6-C9, antibonding (NB)       	  0.00025	h71@C6 * ( 0.4651) + h113@C9 * (-0.8853)	
  115	(BD) C6-C8, Io = 0.0299            	1.96322  	h72@C6 * ( 0.7176) + h100@C8 * ( 0.6965)	
  116	     C6-C8, antibonding (NB)       	  0.02726	h72@C6 * ( 0.6965) + h100@C8 * (-0.7176)	
  117	(BD) C6-C7, Io = 0.9997            	1.99913  	h73@C6 * ( 0.9999) + h89@C7 * ( 0.0126)	
  118	     C6-C7, antibonding (NB)       	  0.00203	h73@C6 * ( 0.0126) + h89@C7 * (-0.9999)	
  119	(BD) C6-C8, Io = 0.9997            	1.99930  	h74@C6 * ( 0.0118) + h101@C8 * ( 0.9999)	
  120	     C6-C8, antibonding (NB)       	  0.00186	h74@C6 * (-0.9999) + h101@C8 * ( 0.0118)	
  121	(BD) C6-C7, Io = 0.9997            	1.99930  	h75@C6 * (-0.0118) + h87@C7 * ( 0.9999)	
  122	     C6-C7, antibonding (NB)       	  0.00186	h75@C6 * (-0.9999) + h87@C7 * (-0.0118)	
  123	(BD) C6-C7, Io = 0.5971            	0.00204  	h76@C6 * ( 0.8936) + h90@C7 * ( 0.4488)	
  124	     C6-C7, antibonding (NB)       	  0.00019	h76@C6 * ( 0.4488) + h90@C7 * (-0.8936)	
  125	(BD) C6-C9, Io = 0.0295            	1.97921  	h77@C6 * ( 0.7175) + h119@C9 * (-0.6966)	
  126	     C6-C9, antibonding (NB)       	  0.03359	h77@C6 * (-0.6966) + h119@C9 * (-0.7175)	
  127	(BD) C6-C7, Io = 0.0299            	1.96322  	h78@C6 * ( 0.7176) + h86@C7 * (-0.6965)	
  128	     C6-C7, antibonding (NB)       	  0.02726	h78@C6 * (-0.6965) + h86@C7 * (-0.7176)	
  129	(BD) C6-C9, Io = 0.9960            	1.13123  	h79@C6 * ( 0.9990) + h123@C9 * ( 0.0448)	
  130	     C6-C9, antibonding (NB)       	  0.00002	h79@C6 * ( 0.0448) + h123@C9 * (-0.9990)	
  131	(BD) C6-H11, Io = 0.5185           	0.00059  	h81@C6 * ( 0.8713) + h136@H11 * ( 0.4907)	
  132	     C6-H11, antibonding (NB)      	  0.00008	h81@C6 * ( 0.4907) + h136@H11 * (-0.8713)	
  133	(BD) C7-H12, Io = 0.2386           	1.97900  	h92@C7 * ( 0.7870) + h138@H12 * (-0.6170)	
  134	     C7-H12, antibonding (NB)      	  0.01331	h92@C7 * (-0.6170) + h138@H12 * (-0.7870)	
  135	(BD) C7-C9, Io = 0.9778            	0.00004  	h97@C7 * ( 0.9944) + h126@C9 * (-0.1053)	
  136	     C7-C9, antibonding (NB)       	  0.00000	h97@C7 * (-0.1053) + h126@C9 * (-0.9944)	
  137	(BD) C8-C9, Io = 0.6708            	0.00718  	h102@C8 * (-0.4057) + h117@C9 * ( 0.9140)	
  138	     C8-C9, antibonding (NB)       	  0.00214	h102@C8 * (-0.9140) + h117@C9 * (-0.4057)	
  139	(BD) C8-H13, Io = 0.2386           	1.97900  	h106@C8 * ( 0.7870) + h143@H13 * ( 0.6170)	
  140	     C8-H13, antibonding (NB)      	  0.01331	h106@C8 * ( 0.6170) + h143@H13 * (-0.7870)	
  141	(BD) H10-H13, Io = 0.1743          	0.00253  	h127@H10 * ( 0.7663) + h142@H13 * ( 0.6425)	
  142	     H10-H13, antibonding (NB)     	  0.00059	h127@H10 * ( 0.6425) + h142@H13 * (-0.7663)	
  143	(BD) H10-H12, Io = 0.0101          	0.00005  	h129@H10 * (-0.7035) + h139@H12 * ( 0.7107)	
  144	     H10-H12, antibonding (NB)     	  0.00001	h129@H10 * (-0.7107) + h139@H12 * (-0.7035)	
  145	(BD) H10-H12, Io = 0.0059          	0.00006  	h130@H10 * ( 0.7050) + h140@H12 * ( 0.7092)	
  146	     H10-H12, antibonding (NB)     	  0.00003	h130@H10 * (-0.7092) + h140@H12 * ( 0.7050)	
  147	(BD) H10-H12, Io = 0.1659          	0.00029  	h131@H10 * ( 0.7635) + h141@H12 * ( 0.6458)	
  148	     H10-H12, antibonding (NB)     	  0.00008	h131@H10 * ( 0.6458) + h141@H12 * (-0.7635)	
  149	(BD) H11-H12, Io = 0.1737          	0.00253  	h132@H11 * ( 0.7661) + h137@H12 * ( 0.6428)	
  150	     H11-H12, antibonding (NB)     	  0.00059	h132@H11 * ( 0.6428) + h137@H12 * (-0.7661)	
  151	(BD) H11-H13, Io = 0.0045          	0.00005  	h134@H11 * ( 0.7087) + h144@H13 * (-0.7055)	
  152	     H11-H13, antibonding (NB)     	  0.00001	h134@H11 * (-0.7055) + h144@H13 * (-0.7087)	
  153	(BD) H14-H15, Io = 0.0419          	0.00005  	h149@H14 * ( 0.6921) + h154@H15 * ( 0.7218)	
  154	     H14-H15, antibonding (NB)     	  0.00001	h149@H14 * (-0.7218) + h154@H15 * ( 0.6921)	
  155	(BD) H14-H15, Io = 0.0000          	0.00122  	h151@H14 * ( 0.7071) + h156@H15 * ( 0.7071)	
  156	     H14-H15, antibonding (NB)     	  0.00000	h151@H14 * ( 0.7071) + h156@H15 * (-0.7071)	

Note: 4 one-center RY orbitals, each having occupancy below 1.00e-03,
      were not printed (use the program option -RyOccPrintThreshold to change this behavior)
      Total occupancy of these RY orbitals is 0.00000


Number of two-center(2C) BD orbitals for each pair of atoms
Centr. A/B         1         2         3         4         5         6         7         8         9        10        11        12        13        14        15
      1    (     14)         0         5         0         0         2         1         1         2         0         0         0         0         1         2
      2              (     10)         0         0         0         0         1         2         6         0         1         0         0         0         0
      3                        (     14)         3         2         2         0         1         0         0         0         0         1         0         0
      4                                  (     14)         2         0         4         3         0         1         0         0         0         0         1
      5                                            (     14)         0         2         3         1         0         1         0         1         2         0
      6                                                      (     14)         4         2         3         0         1         0         0         0         0
      7                                                                (     14)         0         1         0         0         1         0         0         0
      8                                                                          (     14)         1         0         0         0         1         0         0
      9                                                                                    (     14)         0         0         0         0         0         0
     10                                                                                              (      5)         0         3         1         0         0
     11                                                                                                        (      5)         1         1         0         0
     12                                                                                                                  (      5)         0         0         0
     13                                                                                                                            (      5)         0         0
     14                                                                                                                                      (      5)         2
     15                                                                                                                                                (      5)

>> LPO  occupancy summary >>
       bonding (BD):     60.24635 in   76 oribtals
  anti-bonding (NB):      1.75365 in   76 oribtals
 1c-lone pairs (LP):      0.00000 in    0 oribtals
 1c-unoccupied (RY):      0.00000 in    4 oribtals

Method        BD+LP....in      NB+RY     BD+NB+LP  BD+NB+LP+RY      trace(D)   Sum[Bd^2+Lp^2]    ||D||^2
  LPO      60.24635    76    1.75365     62.00000     62.00000       62.000       117.6315      124.0000


                          * * *                                         

Creating CLPOs (Chemist's Localized Property-optimized Orbitals)


Optimizing CLPOs...
Finding an optimal hybrid pairing...
    0    1    2    3    4    5    6    7    8    9   10   11   12   13   14   15   16   17   18   19   20   21   22   23   24   25   26   27   28   29   30   31   32   33   34   35   36   37   38   39   40   41   42   43   44   45   46   47   48   49   50   51   52   53   54   55   56   57   58   59   60   61   62   63   64   65   66   67   68   69   70   71   72   73   74   75   76   77   78   79   80   81   82   83   84   85   86   87   88   89   90   91   92   93   94   95   96   97   98   99  100  101  102  103  104  105  106  107  108  109  110  111  112  113  114  115  116  117  118  119  120  121  122  123  124  125  126  127  128  129  130  131  132  133  134  135  136  137  138  139  140  141  142  143  144  145  146  147  148  149  150  151  152  153  154  155  156  157  158  159  160  161  162  163  164  165  166  167  168  169  170  171  172  173  174  175  176  177  178  179  180  181  182  183  184  185  186  187  188  189  190  191  192  193  194  195  196  197  198  199  200  201  202  203  204  205  206  207  208  209  210  211  212  213  214  215  216  217  218  219  220  221  222  223  224  225  226  227  228  229  230  231  232  233  234  235  236  237  238  239  240  241  242  243  244  245  246  247  248  249  250  251  252  253  254  255  256  257  258  259  260  261  262  263  264  265  266  267  268  269  270  271  272  273  274  275  276  277  278  279  280  281  282  283  284  285  286  287  288  289  290  291  292  293  294  295  296  297  298  299  300  301  302  303  304  305  306  307  308  309  310  311
  156  147  158  159  160  161   34  152  164  165  166  167  168  169  170  171  172  173  174  175  113  119  120  179  180  181  182  183  184   43  186  187  188  189    6   57   50  193  194  195  196  197  198   29  200  201  202  203   90  127   36  207  208  209  210  211  212   35  214  215  216  217  104  132  106  221  222  223  224  225  226   99  228  229  230  231  118   85   92  235  236  237  238  239  240   77  242  243  244  245   48  137   78  249  250  251  252  253  254   71  256  257  258  259   62  142   64  263  264  265  266  267  268   20  270  271  272  273   76   21   22  277  278  279  280  281  282   49  284  285  286  287   63  289  290  291  292   91  294  295  296  297  105  299  300  301  302    1  304  305  306  307    7  309  310  311    0   -1    2    3    4    5   -1   -1    8    9   10   11   12   13   14   15   16   17   18   19   -1   -1   -1   23   24   25   26   27   28   -1   30   31   32   33   -1   -1   -1   37   38   39   40   41   42   -1   44   45   46   47   -1   -1   -1   51   52   53   54   55   56   -1   58   59   60   61   -1   -1   -1   65   66   67   68   69   70   -1   72   73   74   75   -1   -1   -1   79   80   81   82   83   84   -1   86   87   88   89   -1   -1   -1   93   94   95   96   97   98   -1  100  101  102  103   -1   -1   -1  107  108  109  110  111  112   -1  114  115  116  117   -1   -1   -1  121  122  123  124  125  126   -1  128  129  130  131   -1  133  134  135  136   -1  138  139  140  141   -1  143  144  145  146   -1  148  149  150  151   -1  153  154  155
CLPO iteration  1: hybrids reconnected, target function =  117.7963261
Iterative optimization of atomic hybrids
           Target                 Total        max.atomic       Total        max.atomic     Nxt.step
  Itr.    function    new-old  ||Unew-U||^2   ||unew-u||^2   ||Dnew-D||^2   ||dnew-d||^2     lambda 
    1     117.7963   +1.2e+02    3.193740      0.0414363      0.16536        0.0495624       (none)
    2     117.8033   +7.0e-03    2.131479      0.0330882      0.01008        0.0036846       (none)
    3     117.8033   +1.3e-05    1.676983      0.0309720      0.00854        0.0025217       (none)
    4     117.8034   +8.0e-06    << Converged! (threshold = 1.00e-05) >>
Optimization of hybrids finished
CLPO iteration  1: hybrids optimized, target function =  117.8033574
Finding an optimal hybrid pairing...
    0    1    2    3    4    5    6    7    8    9   10   11   12   13   14   15   16   17   18   19   20   21   22   23   24   25   26   27   28   29   30   31   32   33   34   35   36   37   38   39   40   41   42   43   44   45   46   47   48   49   50   51   52   53   54   55   56   57   58   59   60   61   62   63   64   65   66   67   68   69   70   71   72   73   74   75   76   77   78   79   80   81   82   83   84   85   86   87   88   89   90   91   92   93   94   95   96   97   98   99  100  101  102  103  104  105  106  107  108  109  110  111  112  113  114  115  116  117  118  119  120  121  122  123  124  125  126  127  128  129  130  131  132  133  134  135  136  137  138  139  140  141  142  143  144  145  146  147  148  149  150  151  152  153  154  155  156  157  158  159  160  161  162  163  164  165  166  167  168  169  170  171  172  173  174  175  176  177  178  179  180  181  182  183  184  185  186  187  188  189  190  191  192  193  194  195  196  197  198  199  200  201  202  203  204  205  206  207  208  209  210  211  212  213  214  215  216  217  218  219  220  221  222  223  224  225  226  227  228  229  230  231  232  233  234  235  236  237  238  239  240  241  242  243  244  245  246  247  248  249  250  251  252  253  254  255  256  257  258  259  260  261  262  263  264  265  266  267  268  269  270  271  272  273  274  275  276  277  278  279  280  281  282  283  284  285  286  287  288  289  290  291  292  293  294  295  296  297  298  299  300  301  302  303  304  305  306  307  308  309  310  311
  156  147  158  159  160  161   34  152  164  165  166  167  168  169  170  171  172  173  174  175  113  119  120  179  180  181  182  183  184   43  186  187  188  189    6   57   50  193  194  195  196  197  198   29  200  201  202  203   90  127   36  207  208  209  210  211  212   35  214  215  216  217  104  132  106  221  222  223  224  225  226   99  228  229  230  231  118   85   92  235  236  237  238  239  240   77  242  243  244  245   48  137   78  249  250  251  252  253  254   71  256  257  258  259   62  142   64  263  264  265  266  267  268   20  270  271  272  273   76   21   22  277  278  279  280  281  282   49  284  285  286  287   63  289  290  291  292   91  294  295  296  297  105  299  300  301  302    1  304  305  306  307    7  309  310  311    0   -1    2    3    4    5   -1   -1    8    9   10   11   12   13   14   15   16   17   18   19   -1   -1   -1   23   24   25   26   27   28   -1   30   31   32   33   -1   -1   -1   37   38   39   40   41   42   -1   44   45   46   47   -1   -1   -1   51   52   53   54   55   56   -1   58   59   60   61   -1   -1   -1   65   66   67   68   69   70   -1   72   73   74   75   -1   -1   -1   79   80   81   82   83   84   -1   86   87   88   89   -1   -1   -1   93   94   95   96   97   98   -1  100  101  102  103   -1   -1   -1  107  108  109  110  111  112   -1  114  115  116  117   -1   -1   -1  121  122  123  124  125  126   -1  128  129  130  131   -1  133  134  135  136   -1  138  139  140  141   -1  143  144  145  146   -1  148  149  150  151   -1  153  154  155
CLPO iteration  2: hybrids reconnected, target function =  117.8033574
Done! (in 1 iterations)


*** Summary of CLPO results

  CLPO	         D e s c r i p t i o n     	Occupancy	Composition
    2	(BD) N1-H14, Io = 0.4004           	1.99169  	h2@N1 * ( 0.8368) + h148@H14 * ( 0.5475)	
    3	     N1-H14, antibonding (NB)      	  0.00795	h2@N1 * ( 0.5475) + h148@H14 * (-0.8368)	
    4	(LP)  N1                           	1.99931  	1.0 * h3@N1
    6	                            N1 (RY)	  0.00215	1.0 * h5@N1
    7	                            N1 (RY)	  0.00234	1.0 * h6@N1
    8	(BD) N1-C3, Io = 0.2123            	1.98844  	h7@N1 * ( 0.7786) + h35@C3 * (-0.6276)	
    9	     N1-C3, antibonding (NB)       	  0.01855	h7@N1 * (-0.6276) + h35@C3 * (-0.7786)	
   10	(BD) N1-H15, Io = 0.4004           	1.99169  	h8@N1 * ( 0.8368) + h153@H15 * (-0.5475)	
   11	     N1-H15, antibonding (NB)      	  0.00795	h8@N1 * (-0.5475) + h153@H15 * (-0.8368)	
   12	(LP)  N1                           	1.78086  	1.0 * h9@N1
   19	(LP)  N2                           	1.97227  	1.0 * h16@N2
   20	(LP)  N2                           	1.99991  	1.0 * h17@N2
   24	(BD) N2-C9, Io = 0.1728            	1.99342  	h21@N2 * ( 0.7658) + h114@C9 * ( 0.6431)	
   25	     N2-C9, antibonding (NB)       	  0.00929	h21@N2 * ( 0.6431) + h114@C9 * (-0.7658)	
   26	(BD) N2-C9, Io = 0.0734            	1.98679  	h22@N2 * ( 0.7326) + h120@C9 * ( 0.6807)	
   27	     N2-C9, antibonding (NB)       	  0.01511	h22@N2 * ( 0.6807) + h120@C9 * (-0.7326)	
   28	(BD) N2-C9, Io = 0.1022            	1.96551  	h23@N2 * ( 0.7423) + h121@C9 * ( 0.6700)	
   29	     N2-C9, antibonding (NB)       	  0.09212	h23@N2 * ( 0.6700) + h121@C9 * (-0.7423)	
   33	                            N2 (RY)	  0.00157	1.0 * h27@N2
   35	                            C3 (RY)	  0.00128	1.0 * h29@C3
   36	(BD) C3-C4, Io = 0.0231            	1.96890  	h30@C3 * ( 0.7152) + h44@C4 * ( 0.6989)	
   37	     C3-C4, antibonding (NB)       	  0.02567	h30@C3 * ( 0.6989) + h44@C4 * (-0.7152)	
   38	(LP)  C3                           	1.99898  	1.0 * h31@C3
   39	                            C3 (RY)	  0.00441	1.0 * h32@C3
   40	                            C3 (RY)	  0.00441	1.0 * h33@C3
   42	(BD) C3-C5, Io = 0.0231            	1.96890  	h36@C3 * ( 0.7152) + h58@C5 * ( 0.6989)	
   43	     C3-C5, antibonding (NB)       	  0.02567	h36@C3 * ( 0.6989) + h58@C5 * (-0.7152)	
   44	(BD) C3-C4, Io = 0.1193            	1.59715  	h37@C3 * ( 0.6636) + h51@C4 * ( 0.7481)	
   45	     C3-C4, antibonding (NB)       	  0.42364	h37@C3 * (-0.7481) + h51@C4 * ( 0.6636)	
   47	                            C3 (RY)	  0.00209	1.0 * h39@C3
   52	(LP)  C4                           	1.99897  	1.0 * h45@C4
   53	                            C4 (RY)	  0.00524	1.0 * h46@C4
   54	                            C4 (RY)	  0.00263	1.0 * h47@C4
   56	(BD) C4-C7, Io = 0.0020            	1.97441  	h49@C4 * ( 0.7078) + h91@C7 * (-0.7064)	
   57	     C4-C7, antibonding (NB)       	  0.01342	h49@C4 * (-0.7064) + h91@C7 * (-0.7078)	
   58	(BD) C4-H10, Io = 0.2250           	1.97822  	h50@C4 * ( 0.7826) + h128@H10 * (-0.6225)	
   59	     C4-H10, antibonding (NB)      	  0.01452	h50@C4 * (-0.6225) + h128@H10 * (-0.7826)	
   66	(LP)  C5                           	1.99897  	1.0 * h59@C5
   67	                            C5 (RY)	  0.00276	1.0 * h60@C5
   68	                            C5 (RY)	  0.00515	1.0 * h61@C5
   70	(BD) C5-C8, Io = 0.0020            	1.97441  	h63@C5 * ( 0.7078) + h105@C8 * (-0.7064)	
   71	     C5-C8, antibonding (NB)       	  0.01342	h63@C5 * (-0.7064) + h105@C8 * (-0.7078)	
   72	(BD) C5-H11, Io = 0.2250           	1.97822  	h64@C5 * ( 0.7826) + h133@H11 * ( 0.6225)	
   73	     C5-H11, antibonding (NB)      	  0.01452	h64@C5 * ( 0.6225) + h133@H11 * (-0.7826)	
   74	(BD) C5-C8, Io = 0.0879            	1.72605  	h65@C5 * ( 0.7375) + h107@C8 * ( 0.6753)	
   75	     C5-C8, antibonding (NB)       	  0.31034	h65@C5 * ( 0.6753) + h107@C8 * (-0.7375)	
   81	                            C6 (RY)	  0.00510	1.0 * h71@C6
   82	(BD) C6-C8, Io = 0.0299            	1.96321  	h72@C6 * ( 0.7176) + h100@C8 * ( 0.6964)	
   83	     C6-C8, antibonding (NB)       	  0.02726	h72@C6 * ( 0.6964) + h100@C8 * (-0.7176)	
   84	(LP)  C6                           	1.99882  	1.0 * h73@C6
   85	                            C6 (RY)	  0.00149	1.0 * h74@C6
   86	                            C6 (RY)	  0.00149	1.0 * h75@C6
   87	                            C6 (RY)	  0.00169	1.0 * h76@C6
   88	(BD) C6-C9, Io = 0.0293            	1.97923  	h77@C6 * ( 0.7174) + h119@C9 * (-0.6967)	
   89	     C6-C9, antibonding (NB)       	  0.03372	h77@C6 * (-0.6967) + h119@C9 * (-0.7174)	
   90	(BD) C6-C7, Io = 0.0299            	1.96321  	h78@C6 * ( 0.7176) + h86@C7 * (-0.6964)	
   91	     C6-C7, antibonding (NB)       	  0.02726	h78@C6 * (-0.6964) + h86@C7 * (-0.7176)	
   92	(BD) C6-C7, Io = 0.1415            	1.65375  	h79@C6 * ( 0.7555) + h93@C7 * ( 0.6552)	
   93	     C6-C7, antibonding (NB)       	  0.43090	h79@C6 * ( 0.6552) + h93@C7 * (-0.7555)	
  100	(LP)  C7                           	1.99902  	1.0 * h87@C7
  101	                            C7 (RY)	  0.00529	1.0 * h88@C7
  102	                            C7 (RY)	  0.00269	1.0 * h89@C7
  104	(BD) C7-H12, Io = 0.2386           	1.97900  	h92@C7 * ( 0.7870) + h138@H12 * (-0.6170)	
  105	     C7-H12, antibonding (NB)      	  0.01330	h92@C7 * (-0.6170) + h138@H12 * (-0.7870)	
  107	                            C7 (RY)	  0.00129	1.0 * h95@C7
  112	(LP)  C8                           	1.99902  	1.0 * h101@C8
  113	                            C8 (RY)	  0.00281	1.0 * h102@C8
  114	                            C8 (RY)	  0.00522	1.0 * h103@C8
  116	(BD) C8-H13, Io = 0.2386           	1.97900  	h106@C8 * ( 0.7870) + h143@H13 * ( 0.6170)	
  117	     C8-H13, antibonding (NB)      	  0.01330	h106@C8 * ( 0.6170) + h143@H13 * (-0.7870)	
  119	                            C8 (RY)	  0.00103	1.0 * h109@C8
  123	                            C9 (RY)	  0.00191	1.0 * h113@C9
  124	(LP)  C9                           	1.99938  	1.0 * h115@C9
  125	                            C9 (RY)	  0.01662	1.0 * h116@C9
  126	                            C9 (RY)	  0.00636	1.0 * h117@C9
  129	                            C9 (RY)	  0.00202	1.0 * h123@C9
  133	                           H10 (RY)	  0.00173	1.0 * h127@H10
  137	                           H11 (RY)	  0.00173	1.0 * h132@H11
  141	                           H12 (RY)	  0.00139	1.0 * h137@H12
  145	                           H13 (RY)	  0.00139	1.0 * h142@H13
  149	                           H14 (RY)	  0.00188	1.0 * h147@H14
  153	                           H15 (RY)	  0.00188	1.0 * h152@H15

Note: 74 one-center RY orbitals, each having occupancy below 1.00e-03,
      were not printed (use the program option -RyOccPrintThreshold to change this behavior)
      Total occupancy of these RY orbitals is 0.01632


Number of two-center(2C) BD orbitals for each pair of atoms
Centr. A/B         1         2         3         4         5         6         7         8         9        10        11        12        13        14        15
      1    (      3)         0         1         0         0         0         0         0         0         0         0         0         0         1         1
      2              (      3)         0         0         0         0         0         0         3         0         0         0         0         0         0
      3                        (      4)         2         1         0         0         0         0         0         0         0         0         0         0
      4                                  (      4)         0         0         1         0         0         1         0         0         0         0         0
      5                                            (      4)         0         0         2         0         0         1         0         0         0         0
      6                                                      (      4)         2         1         1         0         0         0         0         0         0
      7                                                                (      4)         0         0         0         0         1         0         0         0
      8                                                                          (      4)         0         0         0         0         1         0         0
      9                                                                                    (      4)         0         0         0         0         0         0
     10                                                                                              (      1)         0         0         0         0         0
     11                                                                                                        (      1)         0         0         0         0
     12                                                                                                                  (      1)         0         0         0
     13                                                                                                                            (      1)         0         0
     14                                                                                                                                      (      1)         0
     15                                                                                                                                                (      1)
VAL: 	  N 	 3 
VAL: 	  N 	 3 
VAL: 	  C 	 4 
VAL: 	  C 	 4 
VAL: 	  C 	 4 
VAL: 	  C 	 4 
VAL: 	  C 	 4 
VAL: 	  C 	 4 
VAL: 	  C 	 4 
VAL: 	  H 	 1 
VAL: 	  H 	 1 
VAL: 	  H 	 1 
VAL: 	  H 	 1 
VAL: 	  H 	 1 
VAL: 	  H 	 1 

>> CLPO occupancy summary >>
       bonding (BD):     38.60121 in   20 oribtals
  anti-bonding (NB):      1.53792 in   20 oribtals
 1c-lone pairs (LP):     21.74550 in   11 oribtals
 1c-unoccupied (RY):      0.11537 in  105 oribtals

Method        BD+LP....in      NB+RY     BD+NB+LP  BD+NB+LP+RY      trace(D)   Sum[Bd^2+Lp^2]    ||D||^2
  CLPO     60.34671    31    1.65329     61.88463     62.00000       62.000       117.8028      124.0000

                          * * *                                         

Atomic connectivity analysis based on CLPO bonding graph:

There are 1 molecule(s) in the system
(the 'molecule' is defined as the set of atoms linked with BD orbitals)

Molecule   TotalNPA    NumberOf   ListOf 
id         charge      atoms      atoms...
   1       +0.00000       15      N1 N2 C3 C4 C5 C6 C7 C8 C9 H10 H11 H12 H13 H14 H15

Note: The total NPA charge is computed as the sum of NPA charge of atoms belonging to each molecule

                          * * *                                         

Approximate charge transfer analysis in CLPO basis
NOTE: this is an experimental feature AND IS SUBJECT TO CHANGE!
 We expect to have the underlying theory published soon...

Threshold for printing: 0.01000 

IntrAfragment charge transfers (conjugation analysis, etc.)
CT within fragment 1

 orb.num.   description  occup.  -->  charge, e  -->   occup.   description  orb.num.
    12           N1:LP   1.7809  -->   0.13799   -->   0.4236         C3-C4:NB    45
    12           N1:LP   1.7809  -->   0.02061   -->   0.4309         C6-C7:NB    93
    19           N2:LP   1.9723  -->   0.01145   -->   0.0337         C6-C9:NB    89
    19           N2:LP   1.9723  -->   0.01574   -->   0.0166            C9:RY   125
    28        N2-C9:BD   1.9655  -->   0.01996   -->   0.4309         C6-C7:NB    93
    44        C3-C4:BD   1.5972  -->   0.01163   -->   0.0921         N2-C9:NB    29
    44        C3-C4:BD   1.5972  -->   0.12042   -->   0.3103         C5-C8:NB    75
    44        C3-C4:BD   1.5972  -->   0.20753   -->   0.4309         C6-C7:NB    93
    74        C5-C8:BD   1.7260  -->   0.11142   -->   0.4236         C3-C4:NB    45
    74        C5-C8:BD   1.7260  -->   0.09656   -->   0.4309         C6-C7:NB    93
    92        C6-C7:BD   1.6537  -->   0.06528   -->   0.0921         N2-C9:NB    29
    92        C6-C7:BD   1.6537  -->   0.09698   -->   0.4236         C3-C4:NB    45
    92        C6-C7:BD   1.6537  -->   0.14649   -->   0.3103         C5-C8:NB    75

3862 orbital pairs with total charge transfer of 0.38273 were not printed


IntErfragment charge transfers (donor-acceptor analysis, etc.)

Inter-molecular charge transfer summary (NEW):
Mol  Accepted -Donated  =  got_electrons
  1  +0.00000 -0.00000  =   +0.00000

                          * * *                                         



0 warning(s)

Total run time: 0 min, 7.5 sec


                          * * *                                         

