 * * * * * * * * * * * * * * * * * * * * * * * * * * * * * * * * * * * *
 *    janpa: A cross-platform open-source implementation of NPA        * 
 *    and other electronic structure analysis methods with Java        * 
 *        A part of JANPA package,   http://janpa.sourceforge.net      * 
 *                    Version:    2.02 (13-01-2019)                    * 
 * * * * * * * * * * * * * * * * * * * * * * * * * * * * * * * * * * * *

 (c) Tymofii Nikolaienko, 2014-2019

 If any results obtained with this program are published,
 or for any other reasons, please, cite this work as: 
 1) T.Y.Nikolaienko, L.A.Bulavin; Int. J. Quantum Chem. (2019), 
    Vol.119, page e25798, DOI: 10.1002/qua.25798
 2) T.Y.Nikolaienko, L.A.Bulavin, D.M.Hovorun; Comput.Theor.Chem.(2014),
    Vol.1050, pages 15-22, DOI: 10.1016/j.comptc.2014.10.002

                          * * *                                         

Settings used in this run:

 -i: aniline_3_janpa.molden
 -npacharges: (empty)
 -NAO_Molden_File: (empty)
 -LHO_Molden_File: (empty)
 -CLPO_Molden_File: (empty)
 -PrintGeom: false
 -WibergBondOrders_File: (empty)
 -D_Matrix_File: (empty)
 -S_Matrix_File: (empty)
 -SDS_Matrix_File: (empty)
 -PNAO_OverlapMatrix_File: (empty)
 -PNAO_SDS_Matrix_File: (empty)
 -NMB_old_Overlap_Matrix_File: (empty)
 -NMB_old_SDS_Matrix_File: (empty)
 -NRB_old_Overlap_Matrix_File: (empty)
 -NRB_new_Overlap_Matrix_File: (empty)
 -S_Matrix_after_ON2_File: (empty)
 -SDS_Matrix_after_ON2_File: (empty)
 -NRB_Overlap_after_OW_heavy_File: (empty)
 -NRB_Overlap_after_Schmidt2_File: (empty)
 -NRB_Overlap_after_OW2_final_File: (empty)
 -OW2_File: (empty)
 -S_Matrix_after_OW2_File: (empty)
 -SDS_Matrix_after_OW2_File: (empty)
 -SDS_NAO_File: (empty)
 -NAO2AO_File: (empty)
 -PNAO2AO_File: (empty)
 -CLPO2LHO_File: (empty)
 -LHO2NAO_File: (empty)
 -LPO2AHO_File: (empty)
 -AHO2NAO_File: (empty)
 -doFock: false
 -Fock_AO_File: (empty)
 -Fock_NAO_File: (empty)
 -printnmbfock: false
 -PNAO_Molden_File: (empty)
 -AHO_Molden_File: (empty)
 -LPO_Molden_File: (empty)
 -MatrixMaxValuesPerLine: 0
 -MatrixFloatNumberFormat: %.5f
 -maximumBondIonicity: 9.00E-01
 -RyOccPrintThreshold: 1.00E-03
 -HybrOptOccConvThresh: 1.00E-05
 -HybrOptMaxIter: 1000
 -verboseprint: false
 -directNRBwsw: false
 -heavyNRBthreshold: 1.00E-04
 -overlap_straightforward: false
 -p: (empty)

                          * * *                                         

Loading MOLDEN from aniline_3_janpa.molden
Basis functions are spherical: true
Total number of basis functions: 133
Total number of different contractions (radial parts): 63
Highest angular momentum: d (Lmax = 2)
Total number of MO: 133

Data loaded successfully
 Number of basis functions: 133; number of molecular orbitals: 133 

Building overlap S and dipole matrices...
Overlap & dipole integrals evaluated in 0.065 seconds
Checking whether the basis functions are unity-normalized...
 Maximum deviation of the basis function norm2 from unity: BFN 20 (0-based num.), max|norm2-1| = 6.000E-10 
Checking for the eigenvalues (linear (in)dependency) of the basis function overlap matrix...
The smallest eigenvalue of the basis function overlap matrix: 2.897E-04 
Checking whether the orbitals are unity-normalized...
Checking MO overlap matrix...
 Maximum of MO |norm2-1|: 1.707E-09 (MO   84)
 Maximum absolute value of off-diagonal MO overlap element: 3.614E-09 (< MO   16 | MO   84 >)
First-order reduced density matrix is OK.

Building density matrix D... done.
Building D.S... done.
Total number of electrons: 50.000000
Sum of electrons charges and the nuclei charges: 0.00000 

Performing Mulliken and Lowdin population analyses...
   Atom	Mulliken  	Lowdin    	Mulliken	Lowdin
       	Population	Population	Charge  	Charge
     N1	 7.08269	 7.02367	-0.08269	-0.02367
     C2	 5.91347	 5.96972	 0.08653	 0.03028
     C3	 6.03565	 6.07553	-0.03565	-0.07553
     C4	 6.03565	 6.07553	-0.03565	-0.07553
     C5	 5.98393	 6.01654	 0.01607	-0.01654
     C6	 5.98394	 6.01654	 0.01606	-0.01654
     C7	 5.99298	 6.06903	 0.00702	-0.06903
     H8	 1.05173	 0.98253	-0.05173	 0.01747
     H9	 1.05173	 0.98253	-0.05173	 0.01747
    H10	 1.02478	 0.97545	-0.02478	 0.02455
    H11	 1.02478	 0.97545	-0.02478	 0.02455
    H12	 1.03002	 0.97894	-0.03002	 0.02106
    H13	 0.89431	 0.92927	 0.10569	 0.07073
    H14	 0.89431	 0.92927	 0.10569	 0.07073

Building S.D.S... done.

                          * * *                                         

Creating NAOs


STEP 1. Produce PNAOs

 Total number of natural functions produced: 133
Sorting PNAOs...

STEP 2. Split PNAOs into NMB / NRB sets

 Number of basis functions in teh Natural Minimal Basis (NMB) set for each center: 
center   1:   2 of s |  3 of p |  0 of d |  0 of f |  0 of g |
center   2:   2 of s |  3 of p |  0 of d |  0 of f |  0 of g |
center   3:   2 of s |  3 of p |  0 of d |  0 of f |  0 of g |
center   4:   2 of s |  3 of p |  0 of d |  0 of f |  0 of g |
center   5:   2 of s |  3 of p |  0 of d |  0 of f |  0 of g |
center   6:   2 of s |  3 of p |  0 of d |  0 of f |  0 of g |
center   7:   2 of s |  3 of p |  0 of d |  0 of f |  0 of g |
center   8:   1 of s |  0 of p |  0 of d |  0 of f |  0 of g |
center   9:   1 of s |  0 of p |  0 of d |  0 of f |  0 of g |
center  10:   1 of s |  0 of p |  0 of d |  0 of f |  0 of g |
center  11:   1 of s |  0 of p |  0 of d |  0 of f |  0 of g |
center  12:   1 of s |  0 of p |  0 of d |  0 of f |  0 of g |
center  13:   1 of s |  0 of p |  0 of d |  0 of f |  0 of g |
center  14:   1 of s |  0 of p |  0 of d |  0 of f |  0 of g |
In total: NMB set has 42 functions, NRB set has 91 functions; 

Trace of the PNAO overlap matrix: 133.0000000 (should be equal to 133, the total number of PNAOs)
 The trace of SDS matrix in PNAO basis = 91.30585550875234

STEP 3. Weighted orthogonalization of NMB PNAOs

 min weight of NMB PNAO = 1.5083652423144056

STEP 4. Schmidt orthogonalization of NRBs to new NMBs


STEP 5. Intracenter naturalization of new NRBs

 Total number of natural functions produced: 91

STEP 6. Weighted orthogonalization of naturalized NRBs

Maximum weight of NRB function = 9.82969E-02
 min weight = 0.003497273168327511
 |S_NRB - 1| = 1.51817E-12 (Should be VERY close to zero!)

STEP 7. Final Intracenter Natural Transformation withing the full set of functions

 Total number of natural functions produced: 133
 SQRT{ SUM[(NaoOverlap_ij - delta_ij)^2] } = 1.35e-12 (should be VERY close to zero) 
 max_offdiag = 5.09e-13 (should be VERY close to zero) 
                          * * *                                         

 Final NAO occupancies and leading AO terms:

NAO #                 Name  Occupancy                             Leading term
    1         A1*: R1*s(0)  0.0001486              (-8.54)*BF[3 = A1: R3*s(0)]
    2          A1: R2*s(0)  1.2789750               (1.09)*BF[2 = A1: R2*s(0)]
    3          A1: R3*s(0)  1.9992780              (-1.01)*BF[1 = A1: R1*s(0)]
    4         A1*: R4*p(0)  0.0020805             (4.17)*BF[21 = A2: R11*p(0)]
    5         A1*: R4*p(1)  0.0020413            (-4.81)*BF[22 = A2: R11*p(1)]
    6        A1*: R4*p(-1)  0.0037649              (1.36)*BF[9 = A1: R5*p(-1)]
    7          A1: R5*p(0)  1.3250898              (-0.82)*BF[4 = A1: R4*p(0)]
    8          A1: R5*p(1)  1.3878555              (-0.83)*BF[5 = A1: R4*p(1)]
    9         A1: R5*p(-1)  1.8070249             (-0.67)*BF[6 = A1: R4*p(-1)]
   10         A1*: R6*d(0)  0.0007892              (-1.83)*BF[3 = A1: R3*s(0)]
   11         A1*: R6*d(1)  0.0002911              (1.06)*BF[11 = A1: R6*d(1)]
   12        A1*: R6*d(-1)  0.0000099             (1.07)*BF[12 = A1: R6*d(-1)]
   13         A1*: R6*d(2)  0.0007248              (1.26)*BF[13 = A1: R6*d(2)]
   14        A1*: R6*d(-2)  0.0008210             (1.31)*BF[14 = A1: R6*d(-2)]
   15         A2*: R7*s(0)  0.0015910            (-14.68)*BF[17 = A2: R9*s(0)]
   16          A2: R8*s(0)  0.8150035              (1.51)*BF[16 = A2: R8*s(0)]
   17          A2: R9*s(0)  1.9988166             (-1.01)*BF[15 = A2: R7*s(0)]
   18        A2*: R10*p(0)  0.0064535            (-8.27)*BF[21 = A2: R11*p(0)]
   19        A2*: R10*p(1)  0.0044100            (-9.11)*BF[22 = A2: R11*p(1)]
   20       A2*: R10*p(-1)  0.0004694           (-1.95)*BF[23 = A2: R11*p(-1)]
   21         A2: R11*p(0)  0.9030807             (1.03)*BF[18 = A2: R10*p(0)]
   22         A2: R11*p(1)  1.1090294            (-1.08)*BF[22 = A2: R11*p(1)]
   23        A2: R11*p(-1)  0.9619710            (0.80)*BF[20 = A2: R10*p(-1)]
   24        A2*: R12*d(0)  0.0007289             (-4.11)*BF[17 = A2: R9*s(0)]
   25        A2*: R12*d(1)  0.0018632             (1.08)*BF[25 = A2: R12*d(1)]
   26       A2*: R12*d(-1)  0.0006601            (1.08)*BF[26 = A2: R12*d(-1)]
   27        A2*: R12*d(2)  0.0014345            (-2.37)*BF[21 = A2: R11*p(0)]
   28       A2*: R12*d(-2)  0.0009739             (2.25)*BF[22 = A2: R11*p(1)]
   29        A3*: R13*s(0)  0.0015053           (-16.69)*BF[31 = A3: R15*s(0)]
   30         A3: R14*s(0)  0.9320590            (-1.42)*BF[31 = A3: R15*s(0)]
   31         A3: R15*s(0)  1.9989071            (-1.01)*BF[29 = A3: R13*s(0)]
   32        A3*: R16*p(0)  0.0043728            (-7.20)*BF[35 = A3: R17*p(0)]
   33        A3*: R16*p(1)  0.0049663            (-7.09)*BF[36 = A3: R17*p(1)]
   34       A3*: R16*p(-1)  0.0012552           (-1.74)*BF[37 = A3: R17*p(-1)]
   35         A3: R17*p(0)  1.1089064             (0.97)*BF[32 = A3: R16*p(0)]
   36         A3: R17*p(1)  1.1408313             (1.00)*BF[31 = A3: R15*s(0)]
   37        A3: R17*p(-1)  1.0876342            (0.75)*BF[34 = A3: R16*p(-1)]
   38        A3*: R18*d(0)  0.0006395            (-4.17)*BF[31 = A3: R15*s(0)]
   39        A3*: R18*d(1)  0.0004844             (1.08)*BF[39 = A3: R18*d(1)]
   40       A3*: R18*d(-1)  0.0003783            (1.08)*BF[40 = A3: R18*d(-1)]
   41        A3*: R18*d(2)  0.0007431             (1.34)*BF[41 = A3: R18*d(2)]
   42       A3*: R18*d(-2)  0.0009506            (1.36)*BF[42 = A3: R18*d(-2)]
   43        A4*: R19*s(0)  0.0015053           (-16.69)*BF[45 = A4: R21*s(0)]
   44         A4: R20*s(0)  0.9320596            (-1.42)*BF[45 = A4: R21*s(0)]
   45         A4: R21*s(0)  1.9989071            (-1.01)*BF[43 = A4: R19*s(0)]
   46        A4*: R22*p(0)  0.0043725            (-7.20)*BF[49 = A4: R23*p(0)]
   47        A4*: R22*p(1)  0.0049666            (-7.09)*BF[50 = A4: R23*p(1)]
   48       A4*: R22*p(-1)  0.0012552           (-1.74)*BF[51 = A4: R23*p(-1)]
   49         A4: R23*p(0)  1.1088858             (0.97)*BF[46 = A4: R22*p(0)]
   50         A4: R23*p(1)  1.1408510            (-1.00)*BF[45 = A4: R21*s(0)]
   51        A4: R23*p(-1)  1.0876341            (0.75)*BF[48 = A4: R22*p(-1)]
   52        A4*: R24*d(0)  0.0006395            (-4.17)*BF[45 = A4: R21*s(0)]
   53        A4*: R24*d(1)  0.0004844             (1.08)*BF[53 = A4: R24*d(1)]
   54       A4*: R24*d(-1)  0.0003783            (1.08)*BF[54 = A4: R24*d(-1)]
   55        A4*: R24*d(2)  0.0007431             (1.34)*BF[55 = A4: R24*d(2)]
   56       A4*: R24*d(-2)  0.0009506            (1.36)*BF[56 = A4: R24*d(-2)]
   57        A5*: R25*s(0)  0.0010814           (-15.33)*BF[59 = A5: R27*s(0)]
   58         A5: R26*s(0)  0.9402515             (1.42)*BF[58 = A5: R26*s(0)]
   59         A5: R27*s(0)  1.9989505            (-1.01)*BF[57 = A5: R25*s(0)]
   60        A5*: R28*p(0)  0.0044620            (-6.41)*BF[63 = A5: R29*p(0)]
   61        A5*: R28*p(1)  0.0057742            (-6.48)*BF[64 = A5: R29*p(1)]
   62       A5*: R28*p(-1)  0.0006997           (-1.69)*BF[65 = A5: R29*p(-1)]
   63         A5: R29*p(0)  1.0983485             (0.98)*BF[60 = A5: R28*p(0)]
   64         A5: R29*p(1)  1.1633621             (0.98)*BF[61 = A5: R28*p(1)]
   65        A5: R29*p(-1)  0.9859699            (0.76)*BF[62 = A5: R28*p(-1)]
   66        A5*: R30*d(0)  0.0006172            (-3.59)*BF[59 = A5: R27*s(0)]
   67        A5*: R30*d(1)  0.0006962             (1.09)*BF[67 = A5: R30*d(1)]
   68       A5*: R30*d(-1)  0.0004242            (1.08)*BF[68 = A5: R30*d(-1)]
   69        A5*: R30*d(2)  0.0009097            (-1.34)*BF[31 = A3: R15*s(0)]
   70       A5*: R30*d(-2)  0.0009045            (1.36)*BF[70 = A5: R30*d(-2)]
   71        A6*: R31*s(0)  0.0010814           (-15.33)*BF[73 = A6: R33*s(0)]
   72         A6: R32*s(0)  0.9402514             (1.42)*BF[72 = A6: R32*s(0)]
   73         A6: R33*s(0)  1.9989505            (-1.01)*BF[71 = A6: R31*s(0)]
   74        A6*: R34*p(0)  0.0044623            (-6.41)*BF[77 = A6: R35*p(0)]
   75        A6*: R34*p(1)  0.0057739            (-6.48)*BF[78 = A6: R35*p(1)]
   76       A6*: R34*p(-1)  0.0006997           (-1.69)*BF[79 = A6: R35*p(-1)]
   77         A6: R35*p(0)  1.0983647             (0.98)*BF[74 = A6: R34*p(0)]
   78         A6: R35*p(1)  1.1633465             (0.98)*BF[75 = A6: R34*p(1)]
   79        A6: R35*p(-1)  0.9859699            (0.76)*BF[76 = A6: R34*p(-1)]
   80        A6*: R36*d(0)  0.0006172            (-3.59)*BF[73 = A6: R33*s(0)]
   81        A6*: R36*d(1)  0.0006962             (1.09)*BF[81 = A6: R36*d(1)]
   82       A6*: R36*d(-1)  0.0004243            (1.08)*BF[82 = A6: R36*d(-1)]
   83        A6*: R36*d(2)  0.0009097            (-1.34)*BF[45 = A4: R21*s(0)]
   84       A6*: R36*d(-2)  0.0009046            (1.36)*BF[84 = A6: R36*d(-2)]
   85        A7*: R37*s(0)  0.0011775           (-15.03)*BF[87 = A7: R39*s(0)]
   86         A7: R38*s(0)  0.9386068             (1.42)*BF[86 = A7: R38*s(0)]
   87         A7: R39*s(0)  1.9989309            (-1.01)*BF[85 = A7: R37*s(0)]
   88        A7*: R40*p(0)  0.0057273            (-6.49)*BF[91 = A7: R41*p(0)]
   89        A7*: R40*p(1)  0.0041898            (-6.31)*BF[92 = A7: R41*p(1)]
   90       A7*: R40*p(-1)  0.0017439           (-1.69)*BF[93 = A7: R41*p(-1)]
   91         A7: R41*p(0)  1.1884789             (0.98)*BF[88 = A7: R40*p(0)]
   92         A7: R41*p(1)  1.0662584             (0.97)*BF[89 = A7: R40*p(1)]
   93        A7: R41*p(-1)  1.0639034            (0.76)*BF[90 = A7: R40*p(-1)]
   94        A7*: R42*d(0)  0.0006155            (-3.75)*BF[87 = A7: R39*s(0)]
   95        A7*: R42*d(1)  0.0003643             (1.08)*BF[95 = A7: R42*d(1)]
   96       A7*: R42*d(-1)  0.0005165            (1.08)*BF[96 = A7: R42*d(-1)]
   97        A7*: R42*d(2)  0.0008892             (1.37)*BF[97 = A7: R42*d(2)]
   98       A7*: R42*d(-2)  0.0009144            (-1.34)*BF[92 = A7: R41*p(1)]
   99        A8*: R43*s(0)  0.0017990            (3.42)*BF[100 = A8: R44*s(0)]
  100         A8: R44*s(0)  0.7839068             (1.11)*BF[99 = A8: R43*s(0)]
  101        A8*: R45*p(0)  0.0002334            (-3.07)*BF[35 = A3: R17*p(0)]
  102        A8*: R45*p(1)  0.0007507            (-2.01)*BF[35 = A3: R17*p(0)]
  103       A8*: R45*p(-1)  0.0002152           (1.12)*BF[103 = A8: R45*p(-1)]
  104        A9*: R46*s(0)  0.0017990            (3.42)*BF[105 = A9: R47*s(0)]
  105         A9: R47*s(0)  0.7839067            (1.11)*BF[104 = A9: R46*s(0)]
  106        A9*: R48*p(0)  0.0002332            (-3.07)*BF[49 = A4: R23*p(0)]
  107        A9*: R48*p(1)  0.0007508             (2.01)*BF[49 = A4: R23*p(0)]
  108       A9*: R48*p(-1)  0.0002152           (1.12)*BF[108 = A9: R48*p(-1)]
  109       A10*: R49*s(0)  0.0017076           (3.33)*BF[110 = A10: R50*s(0)]
  110        A10: R50*s(0)  0.7780391           (1.13)*BF[109 = A10: R49*s(0)]
  111       A10*: R51*p(0)  0.0002742            (-2.88)*BF[63 = A5: R29*p(0)]
  112       A10*: R51*p(1)  0.0007517             (1.98)*BF[63 = A5: R29*p(0)]
  113      A10*: R51*p(-1)  0.0001839          (1.12)*BF[113 = A10: R51*p(-1)]
  114       A11*: R52*s(0)  0.0017076           (3.33)*BF[115 = A11: R53*s(0)]
  115        A11: R53*s(0)  0.7780391           (1.13)*BF[114 = A11: R52*s(0)]
  116       A11*: R54*p(0)  0.0002743            (-2.88)*BF[77 = A6: R35*p(0)]
  117       A11*: R54*p(1)  0.0007516            (-1.98)*BF[77 = A6: R35*p(0)]
  118      A11*: R54*p(-1)  0.0001839          (1.12)*BF[118 = A11: R54*p(-1)]
  119       A12*: R55*s(0)  0.0016131           (3.32)*BF[120 = A12: R56*s(0)]
  120        A12: R56*s(0)  0.7782113           (1.13)*BF[119 = A12: R55*s(0)]
  121       A12*: R57*p(0)  0.0009613           (1.62)*BF[121 = A12: R57*p(0)]
  122       A12*: R57*p(1)  0.0000339            (-4.00)*BF[92 = A7: R41*p(1)]
  123      A12*: R57*p(-1)  0.0002114          (1.12)*BF[123 = A12: R57*p(-1)]
  124       A13*: R58*s(0)  0.0019098           (2.35)*BF[125 = A13: R59*s(0)]
  125        A13: R59*s(0)  0.6076938           (1.20)*BF[124 = A13: R58*s(0)]
  126       A13*: R60*p(0)  0.0004614              (-1.63)*BF[3 = A1: R3*s(0)]
  127       A13*: R60*p(1)  0.0009731           (1.56)*BF[127 = A13: R60*p(1)]
  128      A13*: R60*p(-1)  0.0006509          (1.13)*BF[128 = A13: R60*p(-1)]
  129       A14*: R61*s(0)  0.0019098           (2.35)*BF[130 = A14: R62*s(0)]
  130        A14: R62*s(0)  0.6076942           (1.20)*BF[129 = A14: R61*s(0)]
  131       A14*: R63*p(0)  0.0004616              (-1.63)*BF[3 = A1: R3*s(0)]
  132       A14*: R63*p(1)  0.0009729           (1.56)*BF[132 = A14: R63*p(1)]
  133      A14*: R63*p(-1)  0.0006509          (1.13)*BF[133 = A14: R63*p(-1)]
 trace = 49.99999999515386

Final electron populations and NPA charges:

Center	Nuclear	 Electron  	  NMB       	NPA   
      	 charge	 population	  population	charge
   N1	    7.0	  7.8088945	   7.7982231	-0.8088945061
   C2	    6.0	  5.8064856	   5.7879011	 0.1935144490
   C3	    6.0	  6.2836334	   6.2683379	-0.2836334141
   C4	    6.0	  6.2836330	   6.2683375	-0.2836330017
   C5	    6.0	  6.2024520	   6.1868826	-0.2024519715
   C6	    6.0	  6.2024524	   6.1868830	-0.2024523666
   C7	    6.0	  6.2723168	   6.2561784	-0.2723167821
   H8	    1.0	  0.7869051	   0.7839068	 0.2130949000
   H9	    1.0	  0.7869049	   0.7839067	 0.2130950634
  H10	    1.0	  0.7809565	   0.7780391	 0.2190435133
  H11	    1.0	  0.7809565	   0.7780391	 0.2190435061
  H12	    1.0	  0.7810310	   0.7782113	 0.2189689523
  H13	    1.0	  0.6116890	   0.6076938	 0.3883110430
  H14	    1.0	  0.6116894	   0.6076942	 0.3883106198

Angular momentum contributions of the total atomic population:

   Cntr           s           p           d           f           g
     N1   3.2784016   4.5278568   0.0026361   0.0000000   0.0000000
     C2   2.8154111   2.9854139   0.0056606   0.0000000   0.0000000
     C3   2.9324713   3.3479662   0.0031959   0.0000000   0.0000000
     C4   2.9324719   3.3479652   0.0031959   0.0000000   0.0000000
     C5   2.9402835   3.2586165   0.0035520   0.0000000   0.0000000
     C6   2.9402834   3.2586170   0.0035520   0.0000000   0.0000000
     C7   2.9387152   3.3303017   0.0032999   0.0000000   0.0000000
     H8   0.7857059   0.0011992   0.0000000   0.0000000   0.0000000
     H9   0.7857057   0.0011992   0.0000000   0.0000000   0.0000000
    H10   0.7797467   0.0012098   0.0000000   0.0000000   0.0000000
    H11   0.7797467   0.0012098   0.0000000   0.0000000   0.0000000
    H12   0.7798244   0.0012066   0.0000000   0.0000000   0.0000000
    H13   0.6096035   0.0020854   0.0000000   0.0000000   0.0000000
    H14   0.6096040   0.0020854   0.0000000   0.0000000   0.0000000


                          * * *                                         

Wiberg-Mayer bond indices (based on density matrix in NAO basis):
Centr. A/B         1         2         3         4         5         6         7         8         9        10        11        12        13        14
      1    ( 3.0023)    1.1446    0.0624    0.0624    0.0101    0.0101    0.0397    0.0022    0.0022    0.0002    0.0002    0.0004    0.8339    0.8339
      2              ( 3.9563)    1.3301    1.3301    0.0148    0.0148    0.0893    0.0030    0.0030    0.0091    0.0091    0.0004    0.0039    0.0039
      3                        ( 3.9490)    0.0198    1.4568    0.1027    0.0200    0.9211    0.0101    0.0040    0.0004    0.0095    0.0103    0.0016
      4                                  ( 3.9490)    0.1027    1.4568    0.0200    0.0101    0.9211    0.0004    0.0040    0.0095    0.0016    0.0103
      5                                            ( 3.9552)    0.0139    1.4169    0.0054    0.0005    0.9193    0.0098    0.0043    0.0005    0.0002
      6                                                      ( 3.9552)    1.4169    0.0005    0.0054    0.0098    0.9193    0.0043    0.0002    0.0005
      7                                                                ( 3.9510)    0.0098    0.0098    0.0043    0.0043    0.9198    0.0001    0.0001
      8                                                                          ( 0.9579)    0.0007    0.0035    0.0005    0.0004    0.0001    0.0007
      9                                                                                    ( 0.9579)    0.0005    0.0035    0.0004    0.0007    0.0001
     10                                                                                              ( 0.9552)    0.0005    0.0031    0.0004    0.0001
     11                                                                                                        ( 0.9552)    0.0031    0.0001    0.0004
     12                                                                                                                  ( 0.9551)    0.0000    0.0000
     13                                                                                                                            ( 0.8526)    0.0008
     14                                                                                                                                      ( 0.8526)

                          * * *                                         

Creating  LPOs (Localized Property-optimized Orbitals)


Creating initial guess...
Optimizing LPOs...

Finding an optimal hybrid pairing...
    0    1    2    3    4    5    6    7    8    9   10   11   12   13   14   15   16   17   18   19   20   21   22   23   24   25   26   27   28   29   30   31   32   33   34   35   36   37   38   39   40   41   42   43   44   45   46   47   48   49   50   51   52   53   54   55   56   57   58   59   60   61   62   63   64   65   66   67   68   69   70   71   72   73   74   75   76   77   78   79   80   81   82   83   84   85   86   87   88   89   90   91   92   93   94   95   96   97   98   99  100  101  102  103  104  105  106  107  108  109  110  111  112  113  114  115  116  117  118  119  120  121  122  123  124  125  126  127  128  129  130  131  132
   96  129   26  118  128   61   20  124   24   51   94   -1   93   79   84   43   46   44   30   66    6   29   50  120    8   80    2  113   70   21   18   98   73  117   62   99   64   65   52   67   83   97   56   15   17   60   16  102   76  104   22    9   38   81  110   69   42   85   87  108   45    5   34  109   36   37   19   39   82   55   28   91   88   32   86   89   48  114   92   13   25   53   68   40   14   57   74   58   72   75  119   71   78   12   10  107    0   41   31   35  131  111   47  123   49  126  116   95   59   63   54  101  122   27   77  121  106   33    3   90   23  115  112  103    7  130  105  132    4    1  125  100  127
LPO iteration  1: hybrids reconnected, target function =   94.9767780
Iterative optimization of atomic hybrids
           Target                 Total        max.atomic       Total        max.atomic     Nxt.step
  Itr.    function    new-old  ||Unew-U||^2   ||unew-u||^2   ||Dnew-D||^2   ||dnew-d||^2     lambda 
    1      94.9768   +9.5e+01    7.243412      0.1122645      0.11484        0.0362356       (none)
    2      94.9955   +1.9e-02    2.888686      0.0350753      0.02556        0.0056683       (none)
    3      94.9991   +3.7e-03    1.596138      0.0192527      0.01295        0.0023611       (none)
    4      95.0003   +1.1e-03    1.032598      0.0158198      0.00843        0.0017956       (none)
    5      95.0006   +3.8e-04    0.786045      0.0140596      0.00603        0.0014445       (none)
    6      95.0008   +1.3e-04    0.618962      0.0125274      0.00445        0.0011219       (none)
    7      95.0008   +4.5e-05    0.483673      0.0110773      0.00328        0.0008937       (none)
    8      95.0008   +1.7e-05    0.374204      0.0097052      0.00240        0.0007097       (none)
    9      95.0008   +6.3e-06    << Converged! (threshold = 1.00e-05) >>
Optimization of hybrids finished
LPO iteration  1: hybrids optimized, target function =   95.0008312
Finding an optimal hybrid pairing...
    0    1    2    3    4    5    6    7    8    9   10   11   12   13   14   15   16   17   18   19   20   21   22   23   24   25   26   27   28   29   30   31   32   33   34   35   36   37   38   39   40   41   42   43   44   45   46   47   48   49   50   51   52   53   54   55   56   57   58   59   60   61   62   63   64   65   66   67   68   69   70   71   72   73   74   75   76   77   78   79   80   81   82   83   84   85   86   87   88   89   90   91   92   93   94   95   96   97   98   99  100  101  102  103  104  105  106  107  108  109  110  111  112  113  114  115  116  117  118  119  120  121  122  123  124  125  126  127  128  129  130  131  132
   96  129   26   14  123   89   20  124   24   93   94   -1   40   79    3   43   46   44   30   66    6   29   50   68    8   47    2   97   70   21   18  128   73  107   62   99   64   51   52   53   12  131   59   15   17   60   16   25   76  104   22   37   38   39   65  126   82   85   87   42   45   75   34  109   36   54   19   81   23  105   28   91   88   32   86   61   48  114   92   13   95   67   56  100  118   57   74   58   72    5  119   71   78    9   10   80    0   27  113   35   83  111  117  108   49   69  116   33  103   63  120  101  122   98   77  121  106  102   84   90  110  115  112    4    7  130   55  132   31    1  125   41  127
LPO iteration  2: hybrids reconnected, target function =   95.0008392
Done! (in 1 iterations)


*** Summary of LPO  results

  LPO 	         D e s c r i p t i o n     	Occupancy	Composition
    1	(BD) N1-C7, Io = 0.2221            	0.00010  	h1@N1 * ( 0.7817) + h97@C7 * (-0.6236)	
    2	     N1-C7, antibonding (NB)       	  0.00002	h1@N1 * (-0.6236) + h97@C7 * (-0.7817)	
    3	(BD) N1-H14, Io = 0.3941           	1.99199  	h2@N1 * ( 0.8349) + h130@H14 * ( 0.5504)	
    4	     N1-H14, antibonding (NB)      	  0.00785	h2@N1 * ( 0.5504) + h130@H14 * (-0.8349)	
    5	(BD) N1-C2, Io = 0.9996            	1.99970  	h3@N1 * ( 0.9999) + h27@C2 * (-0.0137)	
    6	     N1-C2, antibonding (NB)       	  0.00170	h3@N1 * (-0.0137) + h27@C2 * (-0.9999)	
    7	(BD) N1-C2, Io = 0.8011            	0.00132  	h4@N1 * (-0.3154) + h15@C2 * ( 0.9490)	
    8	     N1-C2, antibonding (NB)       	  0.00010	h4@N1 * (-0.9490) + h15@C2 * (-0.3154)	
    9	(BD) N1-H13, Io = 0.0314           	0.00346  	h5@N1 * ( 0.7181) + h124@H13 * (-0.6959)	
   10	     N1-H13, antibonding (NB)      	  0.00055	h5@N1 * (-0.6959) + h124@H13 * (-0.7181)	
   11	(BD) N1-C7, Io = 0.3234            	0.00338  	h6@N1 * ( 0.8134) + h90@C7 * (-0.5816)	
   12	     N1-C7, antibonding (NB)       	  0.00034	h6@N1 * (-0.5816) + h90@C7 * (-0.8134)	
   13	(BD) N1-C2, Io = 0.2137            	1.98842  	h7@N1 * ( 0.7790) + h21@C2 * (-0.6270)	
   14	     N1-C2, antibonding (NB)       	  0.01910	h7@N1 * (-0.6270) + h21@C2 * (-0.7790)	
   15	(BD) N1-H13, Io = 0.3941           	1.99199  	h8@N1 * ( 0.8349) + h125@H13 * (-0.5504)	
   16	     N1-H13, antibonding (NB)      	  0.00785	h8@N1 * (-0.5504) + h125@H13 * (-0.8349)	
   17	(BD) N1-C2, Io = 0.9972            	1.81130  	h9@N1 * ( 0.9993) + h25@C2 * (-0.0375)	
   18	     N1-C2, antibonding (NB)       	  0.00025	h9@N1 * (-0.0375) + h25@C2 * (-0.9993)	
   19	(BD) N1-C7, Io = 0.9438            	0.00000  	h10@N1 * ( 0.1676) + h94@C7 * ( 0.9858)	
   20	     N1-C7, antibonding (NB)       	  0.00000	h10@N1 * (-0.9858) + h94@C7 * ( 0.1676)	
   21	(BD) N1-C7, Io = 0.9064            	0.00000  	h11@N1 * ( 0.9763) + h95@C7 * ( 0.2163)	
   22	     N1-C7, antibonding (NB)       	  0.00000	h11@N1 * ( 0.2163) + h95@C7 * (-0.9763)	
   24	(BD) N1-C3, Io = 0.9409            	0.00004  	h13@N1 * ( 0.1719) + h41@C3 * ( 0.9851)	
   25	     N1-C3, antibonding (NB)       	  0.00002	h13@N1 * (-0.9851) + h41@C3 * ( 0.1719)	
   26	(BD) N1-C6, Io = 0.3229            	0.00001  	h14@N1 * ( 0.8133) + h80@C6 * (-0.5818)	
   27	     N1-C6, antibonding (NB)       	  0.00000	h14@N1 * (-0.5818) + h80@C6 * (-0.8133)	
   28	(BD) C2-C4, Io = 0.0227            	1.96870  	h16@C2 * ( 0.7151) + h44@C4 * ( 0.6990)	
   29	     C2-C4, antibonding (NB)       	  0.02556	h16@C2 * ( 0.6990) + h44@C4 * (-0.7151)	
   30	(BD) C2-C4, Io = 0.9997            	1.99930  	h17@C2 * ( 0.9999) + h47@C4 * ( 0.0127)	
   31	     C2-C4, antibonding (NB)       	  0.00187	h17@C2 * ( 0.0127) + h47@C4 * (-0.9999)	
   32	(BD) C2-C4, Io = 0.9997            	1.99929  	h18@C2 * ( 0.0126) + h45@C4 * ( 0.9999)	
   33	     C2-C4, antibonding (NB)       	  0.00285	h18@C2 * (-0.9999) + h45@C4 * ( 0.0126)	
   34	(BD) C2-C3, Io = 0.9997            	1.99929  	h19@C2 * ( 0.0126) + h31@C3 * ( 0.9999)	
   35	     C2-C3, antibonding (NB)       	  0.00285	h19@C2 * (-0.9999) + h31@C3 * ( 0.0126)	
   36	(BD) C2-C5, Io = 0.2141            	0.00111  	h20@C2 * ( 0.6269) + h67@C5 * ( 0.7791)	
   37	     C2-C5, antibonding (NB)       	  0.00005	h20@C2 * (-0.7791) + h67@C5 * ( 0.6269)	
   38	(BD) C2-C3, Io = 0.0227            	1.96870  	h22@C2 * ( 0.7151) + h30@C3 * ( 0.6990)	
   39	     C2-C3, antibonding (NB)       	  0.02556	h22@C2 * ( 0.6990) + h30@C3 * (-0.7151)	
   40	(BD) C2-C4, Io = 0.1053            	1.62822  	h23@C2 * ( 0.6688) + h51@C4 * ( 0.7434)	
   41	     C2-C4, antibonding (NB)       	  0.42102	h23@C2 * (-0.7434) + h51@C4 * ( 0.6688)	
   42	(BD) C2-C5, Io = 0.8829            	0.00017  	h24@C2 * (-0.2419) + h69@C5 * ( 0.9703)	
   43	     C2-C5, antibonding (NB)       	  0.00002	h24@C2 * (-0.9703) + h69@C5 * (-0.2419)	
   44	(BD) C2-C4, Io = 0.0207            	0.00111  	h26@C2 * ( 0.7144) + h48@C4 * ( 0.6997)	
   45	     C2-C4, antibonding (NB)       	  0.00016	h26@C2 * ( 0.6997) + h48@C4 * (-0.7144)	
   46	(BD) C2-C7, Io = 0.7655            	0.00131  	h28@C2 * ( 0.9396) + h98@C7 * (-0.3424)	
   47	     C2-C7, antibonding (NB)       	  0.00023	h28@C2 * (-0.3424) + h98@C7 * (-0.9396)	
   48	(BD) C3-C6, Io = 0.2039            	0.00232  	h29@C3 * (-0.6309) + h71@C6 * ( 0.7759)	
   49	     C3-C6, antibonding (NB)       	  0.00045	h29@C3 * (-0.7759) + h71@C6 * (-0.6309)	
   50	(BD) C3-H14, Io = 0.3719           	0.00354  	h32@C3 * ( 0.8282) + h129@H14 * ( 0.5604)	
   51	     C3-H14, antibonding (NB)      	  0.00123	h32@C3 * ( 0.5604) + h129@H14 * (-0.8282)	
   52	(BD) C3-C6, Io = 0.0245            	0.00915  	h33@C3 * ( 0.6984) + h74@C6 * ( 0.7157)	
   53	     C3-C6, antibonding (NB)       	  0.00042	h33@C3 * (-0.7157) + h74@C6 * ( 0.6984)	
   54	(BD) C3-H9, Io = 0.5685            	0.00069  	h34@C3 * ( 0.8856) + h108@H9 * ( 0.4645)	
   55	     C3-H9, antibonding (NB)       	  0.00009	h34@C3 * ( 0.4645) + h108@H9 * (-0.8856)	
   56	(BD) C3-C5, Io = 0.0066            	1.97512  	h35@C3 * ( 0.7094) + h63@C5 * (-0.7048)	
   57	     C3-C5, antibonding (NB)       	  0.01500	h35@C3 * (-0.7048) + h63@C5 * (-0.7094)	
   58	(BD) C3-H8, Io = 0.2162            	1.97941  	h36@C3 * ( 0.7798) + h100@H8 * ( 0.6260)	
   59	     C3-H8, antibonding (NB)       	  0.01485	h36@C3 * ( 0.6260) + h100@H8 * (-0.7798)	
   60	(BD) C3-C5, Io = 0.0744            	1.72189  	h37@C3 * ( 0.7329) + h65@C5 * ( 0.6803)	
   61	     C3-C5, antibonding (NB)       	  0.35262	h37@C3 * ( 0.6803) + h65@C5 * (-0.7329)	
   62	(BD) C3-C4, Io = 0.3790            	0.00000  	h38@C3 * (-0.5572) + h52@C4 * ( 0.8303)	
   63	     C3-C4, antibonding (NB)       	  0.00000	h38@C3 * (-0.8303) + h52@C4 * (-0.5572)	
   64	(BD) C3-C4, Io = 0.0417            	0.00184  	h39@C3 * ( 0.7217) + h53@C4 * ( 0.6922)	
   65	     C3-C4, antibonding (NB)       	  0.00009	h39@C3 * ( 0.6922) + h53@C4 * (-0.7217)	
   66	(BD) C3-C4, Io = 0.0272            	0.00003  	h40@C3 * (-0.6974) + h54@C4 * ( 0.7167)	
   67	     C3-C4, antibonding (NB)       	  0.00001	h40@C3 * (-0.7167) + h54@C4 * (-0.6974)	
   68	(BD) C3-H14, Io = 0.2810           	0.00019  	h42@C3 * (-0.5996) + h132@H14 * ( 0.8003)	
   69	     C3-H14, antibonding (NB)      	  0.00008	h42@C3 * (-0.8003) + h132@H14 * (-0.5996)	
   70	(BD) C4-C5, Io = 0.5326            	0.00332  	h43@C4 * ( 0.4834) + h60@C5 * ( 0.8754)	
   71	     C4-C5, antibonding (NB)       	  0.00071	h43@C4 * (-0.8754) + h60@C5 * ( 0.4834)	
   72	(BD) C4-C5, Io = 0.0175            	0.00959  	h46@C4 * (-0.7009) + h61@C5 * ( 0.7133)	
   73	     C4-C5, antibonding (NB)       	  0.00066	h46@C4 * (-0.7133) + h61@C5 * (-0.7009)	
   74	(BD) C4-C6, Io = 0.0066            	1.97512  	h49@C4 * ( 0.7094) + h77@C6 * (-0.7048)	
   75	     C4-C6, antibonding (NB)       	  0.01500	h49@C4 * (-0.7048) + h77@C6 * (-0.7094)	
   76	(BD) C4-H9, Io = 0.2162            	1.97941  	h50@C4 * ( 0.7798) + h105@H9 * (-0.6260)	
   77	     C4-H9, antibonding (NB)       	  0.01485	h50@C4 * (-0.6260) + h105@H9 * (-0.7798)	
   78	(BD) C4-C5, Io = 0.9819            	0.00004  	h55@C4 * ( 0.9955) + h66@C5 * ( 0.0952)	
   79	     C4-C5, antibonding (NB)       	  0.00000	h55@C4 * ( 0.0952) + h66@C5 * (-0.9955)	
   80	(BD) C4-H13, Io = 0.3970           	0.00032  	h56@C4 * ( 0.8358) + h127@H13 * (-0.5491)	
   81	     C4-H13, antibonding (NB)      	  0.00008	h56@C4 * (-0.5491) + h127@H13 * (-0.8358)	
   82	(BD) C5-C6, Io = 0.8967            	0.00092  	h57@C5 * ( 0.9738) + h83@C6 * ( 0.2273)	
   83	     C5-C6, antibonding (NB)       	  0.00017	h57@C5 * ( 0.2273) + h83@C6 * (-0.9738)	
   84	(BD) C5-C7, Io = 0.0059            	1.97622  	h58@C5 * ( 0.7092) + h86@C7 * ( 0.7050)	
   85	     C5-C7, antibonding (NB)       	  0.01714	h58@C5 * ( 0.7050) + h86@C7 * (-0.7092)	
   86	(BD) C5-C7, Io = 0.9997            	1.99933  	h59@C5 * ( 0.9999) + h88@C7 * (-0.0123)	
   87	     C5-C7, antibonding (NB)       	  0.00181	h59@C5 * (-0.0123) + h88@C7 * (-0.9999)	
   88	(BD) C5-C6, Io = 0.0341            	0.00142  	h62@C5 * ( 0.7191) + h76@C6 * ( 0.6949)	
   89	     C5-C6, antibonding (NB)       	  0.00006	h62@C5 * ( 0.6949) + h76@C6 * (-0.7191)	
   90	(BD) C5-H10, Io = 0.2222           	1.97988  	h64@C5 * ( 0.7817) + h110@H10 * ( 0.6236)	
   91	     C5-H10, antibonding (NB)      	  0.01460	h64@C5 * ( 0.6236) + h110@H10 * (-0.7817)	
   92	(BD) C5-C6, Io = 0.0375            	0.00001  	h68@C5 * (-0.6937) + h82@C6 * ( 0.7202)	
   93	     C5-C6, antibonding (NB)       	  0.00000	h68@C5 * (-0.7202) + h82@C6 * (-0.6937)	
   94	(BD) C5-H9, Io = 0.3344            	0.00006  	h70@C5 * ( 0.5769) + h106@H9 * ( 0.8168)	
   95	     C5-H9, antibonding (NB)       	  0.00002	h70@C5 * (-0.8168) + h106@H9 * ( 0.5769)	
   96	(BD) C6-C7, Io = 0.0059            	1.97622  	h72@C6 * ( 0.7092) + h92@C7 * (-0.7050)	
   97	     C6-C7, antibonding (NB)       	  0.01714	h72@C6 * (-0.7050) + h92@C7 * (-0.7092)	
   98	(BD) C6-C7, Io = 0.9997            	1.99933  	h73@C6 * ( 0.9999) + h89@C7 * (-0.0123)	
   99	     C6-C7, antibonding (NB)       	  0.00181	h73@C6 * (-0.0123) + h89@C7 * (-0.9999)	
  100	(BD) C6-C7, Io = 0.9997            	1.99932  	h75@C6 * ( 0.0124) + h87@C7 * ( 0.9999)	
  101	     C6-C7, antibonding (NB)       	  0.00197	h75@C6 * (-0.9999) + h87@C7 * ( 0.0124)	
  102	(BD) C6-H11, Io = 0.2222           	1.97988  	h78@C6 * ( 0.7817) + h115@H11 * (-0.6236)	
  103	     C6-H11, antibonding (NB)      	  0.01460	h78@C6 * (-0.6236) + h115@H11 * (-0.7817)	
  104	(BD) C6-C7, Io = 0.0597            	1.68075  	h79@C6 * ( 0.6857) + h93@C7 * ( 0.7279)	
  105	     C6-C7, antibonding (NB)       	  0.37018	h79@C6 * (-0.7279) + h93@C7 * ( 0.6857)	
  106	(BD) C6-C7, Io = 0.1424            	0.00126  	h81@C6 * ( 0.7558) + h96@C7 * ( 0.6548)	
  107	     C6-C7, antibonding (NB)       	  0.00004	h81@C6 * ( 0.6548) + h96@C7 * (-0.7558)	
  108	(BD) C6-H8, Io = 0.2094            	0.00007  	h84@C6 * (-0.6287) + h101@H8 * ( 0.7776)	
  109	     C6-H8, antibonding (NB)       	  0.00002	h84@C6 * (-0.7776) + h101@H8 * (-0.6287)	
  110	(BD) C7-H12, Io = 0.4951           	0.00508  	h85@C7 * ( 0.8646) + h119@H12 * (-0.5024)	
  111	     C7-H12, antibonding (NB)      	  0.00049	h85@C7 * (-0.5024) + h119@H12 * (-0.8646)	
  112	(BD) C7-H12, Io = 0.2225           	1.98078  	h91@C7 * ( 0.7818) + h120@H12 * ( 0.6235)	
  113	     C7-H12, antibonding (NB)      	  0.01478	h91@C7 * ( 0.6235) + h120@H12 * (-0.7818)	
  114	(BD) H8-H11, Io = 0.0429           	0.00290  	h99@H8 * ( 0.7221) + h114@H11 * ( 0.6918)	
  115	     H8-H11, antibonding (NB)      	  0.00068	h99@H8 * ( 0.6918) + h114@H11 * (-0.7221)	
  116	(BD) H8-H10, Io = 0.2426           	0.00006  	h102@H8 * ( 0.6154) + h112@H10 * ( 0.7882)	
  117	     H8-H10, antibonding (NB)      	  0.00001	h102@H8 * (-0.7882) + h112@H10 * ( 0.6154)	
  118	(BD) H8-H11, Io = 0.1183           	0.00033  	h103@H8 * ( 0.7478) + h118@H11 * (-0.6640)	
  119	     H8-H11, antibonding (NB)      	  0.00007	h103@H8 * (-0.6640) + h118@H11 * (-0.7478)	
  120	(BD) H9-H10, Io = 0.0444           	0.00290  	h104@H9 * ( 0.7226) + h109@H10 * ( 0.6912)	
  121	     H9-H10, antibonding (NB)      	  0.00068	h104@H9 * ( 0.6912) + h109@H10 * (-0.7226)	
  122	(BD) H9-H11, Io = 0.3589           	0.00006  	h107@H9 * ( 0.5662) + h117@H11 * ( 0.8243)	
  123	     H9-H11, antibonding (NB)      	  0.00002	h107@H9 * (-0.8243) + h117@H11 * ( 0.5662)	
  124	(BD) H10-H12, Io = 0.0029          	0.00007  	h111@H10 * ( 0.7061) + h121@H12 * ( 0.7081)	
  125	     H10-H12, antibonding (NB)     	  0.00003	h111@H10 * (-0.7081) + h121@H12 * ( 0.7061)	
  126	(BD) H10-H12, Io = 0.1274          	0.00031  	h113@H10 * ( 0.6605) + h123@H12 * ( 0.7508)	
  127	     H10-H12, antibonding (NB)     	  0.00009	h113@H10 * (-0.7508) + h123@H12 * ( 0.6605)	
  128	(BD) H11-H12, Io = 0.1621          	0.00007  	h116@H11 * ( 0.7623) + h122@H12 * (-0.6473)	
  129	     H11-H12, antibonding (NB)     	  0.00001	h116@H11 * (-0.6473) + h122@H12 * (-0.7623)	
  130	(BD) H13-H14, Io = 0.0383          	0.00005  	h126@H13 * ( 0.6934) + h131@H14 * ( 0.7205)	
  131	     H13-H14, antibonding (NB)     	  0.00001	h126@H13 * (-0.7205) + h131@H14 * ( 0.6934)	
  132	(BD) H13-H14, Io = 0.0000          	0.00130  	h128@H13 * ( 0.7071) + h133@H14 * ( 0.7071)	
  133	     H13-H14, antibonding (NB)     	  0.00000	h128@H13 * ( 0.7071) + h133@H14 * (-0.7071)	

Note: 1 one-center RY orbitals, each having occupancy below 1.00e-03,
      were not printed (use the program option -RyOccPrintThreshold to change this behavior)
      Total occupancy of these RY orbitals is 0.00001


Number of two-center(2C) BD orbitals for each pair of atoms
Centr. A/B         1         2         3         4         5         6         7         8         9        10        11        12        13        14
      1    (     13)         4         1         0         0         1         4         0         0         0         0         0         2         1
      2              (     14)         2         5         2         0         1         0         0         0         0         0         0         0
      3                        (     14)         3         2         2         0         1         1         0         0         0         0         2
      4                                  (     14)         3         1         0         0         1         0         0         0         1         0
      5                                            (     14)         3         2         0         1         1         0         0         0         0
      6                                                      (     14)         5         1         0         0         1         0         0         0
      7                                                                (     14)         0         0         0         0         2         0         0
      8                                                                          (      5)         0         1         2         0         0         0
      9                                                                                    (      5)         1         1         0         0         0
     10                                                                                              (      5)         0         2         0         0
     11                                                                                                        (      5)         1         0         0
     12                                                                                                                  (      5)         0         0
     13                                                                                                                            (      5)         2
     14                                                                                                                                      (      5)

>> LPO  occupancy summary >>
       bonding (BD):     48.60947 in   66 oribtals
  anti-bonding (NB):      1.39052 in   66 oribtals
 1c-lone pairs (LP):      0.00000 in    0 oribtals
 1c-unoccupied (RY):      0.00001 in    1 oribtals

Method        BD+LP....in      NB+RY     BD+NB+LP  BD+NB+LP+RY      trace(D)   Sum[Bd^2+Lp^2]    ||D||^2
  LPO      48.60947    66    1.39053     49.99999     50.00000       50.000        94.5583      100.0000


                          * * *                                         

Creating CLPOs (Chemist's Localized Property-optimized Orbitals)


Optimizing CLPOs...
Finding an optimal hybrid pairing...
    0    1    2    3    4    5    6    7    8    9   10   11   12   13   14   15   16   17   18   19   20   21   22   23   24   25   26   27   28   29   30   31   32   33   34   35   36   37   38   39   40   41   42   43   44   45   46   47   48   49   50   51   52   53   54   55   56   57   58   59   60   61   62   63   64   65   66   67   68   69   70   71   72   73   74   75   76   77   78   79   80   81   82   83   84   85   86   87   88   89   90   91   92   93   94   95   96   97   98   99  100  101  102  103  104  105  106  107  108  109  110  111  112  113  114  115  116  117  118  119  120  121  122  123  124  125  126  127  128  129  130  131  132  133  134  135  136  137  138  139  140  141  142  143  144  145  146  147  148  149  150  151  152  153  154  155  156  157  158  159  160  161  162  163  164  165  166  167  168  169  170  171  172  173  174  175  176  177  178  179  180  181  182  183  184  185  186  187  188  189  190  191  192  193  194  195  196  197  198  199  200  201  202  203  204  205  206  207  208  209  210  211  212  213  214  215  216  217  218  219  220  221  222  223  224  225  226  227  228  229  230  231  232  233  234  235  236  237  238  239  240  241  242  243  244  245  246  247  248  249  250  251  252  253  254  255  256  257  258  259  260  261  262  263  264  265
  133  129  135  136  137  138   20  124  141  142  143  144  145  146  147   43  149  150  151  152    6   29   50  156  157  158  159  160  161   21  163  164  165  166   62   99   64  170  171  172  173  174  175   15  177  178  179  180   76  104   22  184  185  186  187  188  189   85  191  192  193  194   34  109   36  198  199  200  201  202  203   91  205  206  207  208   48  114   92  212  213  214  215  216  217   57  219  220  221  222  119   71   78  226  227  228  229  230  231   35  233  234  235  236   49  238  239  240  241   63  243  244  245  246   77  248  249  250  251   90  253  254  255  256    7  258  259  260  261    1  263  264  265    0   -1    2    3    4    5   -1   -1    8    9   10   11   12   13   14   -1   16   17   18   19   -1   -1   -1   23   24   25   26   27   28   -1   30   31   32   33   -1   -1   -1   37   38   39   40   41   42   -1   44   45   46   47   -1   -1   -1   51   52   53   54   55   56   -1   58   59   60   61   -1   -1   -1   65   66   67   68   69   70   -1   72   73   74   75   -1   -1   -1   79   80   81   82   83   84   -1   86   87   88   89   -1   -1   -1   93   94   95   96   97   98   -1  100  101  102  103   -1  105  106  107  108   -1  110  111  112  113   -1  115  116  117  118   -1  120  121  122  123   -1  125  126  127  128   -1  130  131  132
CLPO iteration  1: hybrids reconnected, target function =   94.5399596
Iterative optimization of atomic hybrids
           Target                 Total        max.atomic       Total        max.atomic     Nxt.step
  Itr.    function    new-old  ||Unew-U||^2   ||unew-u||^2   ||Dnew-D||^2   ||dnew-d||^2     lambda 
    1      94.5400   +9.5e+01    2.677248      0.0410429      0.04767        0.0239683       (none)
    2      94.5410   +1.0e-03    1.447185      0.0316774      0.00705        0.0026548       (none)
    3      94.5410   +9.8e-06    << Converged! (threshold = 1.00e-05) >>
Optimization of hybrids finished
CLPO iteration  1: hybrids optimized, target function =   94.5409930
Finding an optimal hybrid pairing...
    0    1    2    3    4    5    6    7    8    9   10   11   12   13   14   15   16   17   18   19   20   21   22   23   24   25   26   27   28   29   30   31   32   33   34   35   36   37   38   39   40   41   42   43   44   45   46   47   48   49   50   51   52   53   54   55   56   57   58   59   60   61   62   63   64   65   66   67   68   69   70   71   72   73   74   75   76   77   78   79   80   81   82   83   84   85   86   87   88   89   90   91   92   93   94   95   96   97   98   99  100  101  102  103  104  105  106  107  108  109  110  111  112  113  114  115  116  117  118  119  120  121  122  123  124  125  126  127  128  129  130  131  132  133  134  135  136  137  138  139  140  141  142  143  144  145  146  147  148  149  150  151  152  153  154  155  156  157  158  159  160  161  162  163  164  165  166  167  168  169  170  171  172  173  174  175  176  177  178  179  180  181  182  183  184  185  186  187  188  189  190  191  192  193  194  195  196  197  198  199  200  201  202  203  204  205  206  207  208  209  210  211  212  213  214  215  216  217  218  219  220  221  222  223  224  225  226  227  228  229  230  231  232  233  234  235  236  237  238  239  240  241  242  243  244  245  246  247  248  249  250  251  252  253  254  255  256  257  258  259  260  261  262  263  264  265
  133  129  135  136  137  138   20  124  141  142  143  144  145  146  147   43  149  150  151  152    6   29   50  156  157  158  159  160  161   21  163  164  165  166   62   99   64  170  171  172  173  174  175   15  177  178  179  180   76  104   22  184  185  186  187  188  189   85  191  192  193  194   34  109   36  198  199  200  201  202  203   91  205  206  207  208   48  114   92  212  213  214  215  216  217   57  219  220  221  222  119   71   78  226  227  228  229  230  231   35  233  234  235  236   49  238  239  240  241   63  243  244  245  246   77  248  249  250  251   90  253  254  255  256    7  258  259  260  261    1  263  264  265    0   -1    2    3    4    5   -1   -1    8    9   10   11   12   13   14   -1   16   17   18   19   -1   -1   -1   23   24   25   26   27   28   -1   30   31   32   33   -1   -1   -1   37   38   39   40   41   42   -1   44   45   46   47   -1   -1   -1   51   52   53   54   55   56   -1   58   59   60   61   -1   -1   -1   65   66   67   68   69   70   -1   72   73   74   75   -1   -1   -1   79   80   81   82   83   84   -1   86   87   88   89   -1   -1   -1   93   94   95   96   97   98   -1  100  101  102  103   -1  105  106  107  108   -1  110  111  112  113   -1  115  116  117  118   -1  120  121  122  123   -1  125  126  127  128   -1  130  131  132
CLPO iteration  2: hybrids reconnected, target function =   94.5409930
Done! (in 1 iterations)


*** Summary of CLPO results

  CLPO	         D e s c r i p t i o n     	Occupancy	Composition
    2	(BD) N1-H14, Io = 0.3941           	1.99198  	h2@N1 * ( 0.8349) + h130@H14 * ( 0.5504)	
    3	     N1-H14, antibonding (NB)      	  0.00784	h2@N1 * ( 0.5504) + h130@H14 * (-0.8349)	
    4	(LP)  N1                           	1.99932  	1.0 * h3@N1
    6	                            N1 (RY)	  0.00205	1.0 * h5@N1
    7	                            N1 (RY)	  0.00235	1.0 * h6@N1
    8	(BD) N1-C2, Io = 0.2137            	1.98844  	h7@N1 * ( 0.7790) + h21@C2 * (-0.6270)	
    9	     N1-C2, antibonding (NB)       	  0.01912	h7@N1 * (-0.6270) + h21@C2 * (-0.7790)	
   10	(BD) N1-H13, Io = 0.3941           	1.99198  	h8@N1 * ( 0.8349) + h125@H13 * (-0.5504)	
   11	     N1-H13, antibonding (NB)      	  0.00784	h8@N1 * (-0.5504) + h125@H13 * (-0.8349)	
   12	(LP)  N1                           	1.80875  	1.0 * h9@N1
   19	(BD) C2-C4, Io = 0.0227            	1.96868  	h16@C2 * ( 0.7151) + h44@C4 * ( 0.6990)	
   20	     C2-C4, antibonding (NB)       	  0.02555	h16@C2 * ( 0.6990) + h44@C4 * (-0.7151)	
   21	(LP)  C2                           	1.99897  	1.0 * h17@C2
   22	                            C2 (RY)	  0.00427	1.0 * h18@C2
   23	                            C2 (RY)	  0.00427	1.0 * h19@C2
   25	(BD) C2-C3, Io = 0.0227            	1.96868  	h22@C2 * ( 0.7151) + h30@C3 * ( 0.6990)	
   26	     C2-C3, antibonding (NB)       	  0.02555	h22@C2 * ( 0.6990) + h30@C3 * (-0.7151)	
   27	(BD) C2-C4, Io = 0.1047            	1.62850  	h23@C2 * ( 0.6691) + h51@C4 * ( 0.7432)	
   28	     C2-C4, antibonding (NB)       	  0.42141	h23@C2 * (-0.7432) + h51@C4 * ( 0.6691)	
   30	                            C2 (RY)	  0.00200	1.0 * h25@C2
   32	                            C2 (RY)	  0.00162	1.0 * h27@C2
   34	                            C3 (RY)	  0.00108	1.0 * h29@C3
   35	(LP)  C3                           	1.99897  	1.0 * h31@C3
   36	                            C3 (RY)	  0.00273	1.0 * h32@C3
   37	                            C3 (RY)	  0.00489	1.0 * h33@C3
   39	(BD) C3-C5, Io = 0.0066            	1.97515  	h35@C3 * ( 0.7094) + h63@C5 * (-0.7048)	
   40	     C3-C5, antibonding (NB)       	  0.01502	h35@C3 * (-0.7048) + h63@C5 * (-0.7094)	
   41	(BD) C3-H8, Io = 0.2162            	1.97941  	h36@C3 * ( 0.7798) + h100@H8 * ( 0.6260)	
   42	     C3-H8, antibonding (NB)       	  0.01484	h36@C3 * ( 0.6260) + h100@H8 * (-0.7798)	
   43	(BD) C3-C5, Io = 0.0744            	1.72190  	h37@C3 * ( 0.7329) + h65@C5 * ( 0.6803)	
   44	     C3-C5, antibonding (NB)       	  0.35249	h37@C3 * ( 0.6803) + h65@C5 * (-0.7329)	
   46	                            C3 (RY)	  0.00103	1.0 * h39@C3
   50	                            C4 (RY)	  0.00116	1.0 * h43@C4
   51	(LP)  C4                           	1.99897  	1.0 * h45@C4
   52	                            C4 (RY)	  0.00510	1.0 * h46@C4
   53	                            C4 (RY)	  0.00244	1.0 * h47@C4
   55	(BD) C4-C6, Io = 0.0066            	1.97515  	h49@C4 * ( 0.7094) + h77@C6 * (-0.7048)	
   56	     C4-C6, antibonding (NB)       	  0.01502	h49@C4 * (-0.7048) + h77@C6 * (-0.7094)	
   57	(BD) C4-H9, Io = 0.2162            	1.97941  	h50@C4 * ( 0.7798) + h105@H9 * (-0.6260)	
   58	     C4-H9, antibonding (NB)       	  0.01484	h50@C4 * (-0.6260) + h105@H9 * (-0.7798)	
   65	(BD) C5-C7, Io = 0.0059            	1.97623  	h58@C5 * ( 0.7092) + h86@C7 * ( 0.7050)	
   66	     C5-C7, antibonding (NB)       	  0.01715	h58@C5 * ( 0.7050) + h86@C7 * (-0.7092)	
   67	(LP)  C5                           	1.99903  	1.0 * h59@C5
   68	                            C5 (RY)	  0.00276	1.0 * h60@C5
   69	                            C5 (RY)	  0.00526	1.0 * h61@C5
   71	(BD) C5-H10, Io = 0.2221           	1.97987  	h64@C5 * ( 0.7817) + h110@H10 * ( 0.6236)	
   72	     C5-H10, antibonding (NB)      	  0.01459	h64@C5 * ( 0.6236) + h110@H10 * (-0.7817)	
   78	                            C6 (RY)	  0.00116	1.0 * h71@C6
   79	(BD) C6-C7, Io = 0.0059            	1.97623  	h72@C6 * ( 0.7092) + h92@C7 * (-0.7050)	
   80	     C6-C7, antibonding (NB)       	  0.01715	h72@C6 * (-0.7050) + h92@C7 * (-0.7092)	
   81	(LP)  C6                           	1.99903  	1.0 * h73@C6
   82	                            C6 (RY)	  0.00515	1.0 * h74@C6
   83	                            C6 (RY)	  0.00250	1.0 * h75@C6
   85	(BD) C6-H11, Io = 0.2221           	1.97987  	h78@C6 * ( 0.7817) + h115@H11 * (-0.6236)	
   86	     C6-H11, antibonding (NB)      	  0.01459	h78@C6 * (-0.6236) + h115@H11 * (-0.7817)	
   87	(BD) C6-C7, Io = 0.0597            	1.68077  	h79@C6 * ( 0.6857) + h93@C7 * ( 0.7279)	
   88	     C6-C7, antibonding (NB)       	  0.37002	h79@C6 * (-0.7279) + h93@C7 * ( 0.6857)	
   94	                            C7 (RY)	  0.00485	1.0 * h85@C7
   95	(LP)  C7                           	1.99901  	1.0 * h87@C7
   96	                            C7 (RY)	  0.00177	1.0 * h88@C7
   97	                            C7 (RY)	  0.00177	1.0 * h89@C7
   98	                            C7 (RY)	  0.00139	1.0 * h90@C7
   99	(BD) C7-H12, Io = 0.2225           	1.98077  	h91@C7 * ( 0.7818) + h120@H12 * ( 0.6235)	
  100	     C7-H12, antibonding (NB)      	  0.01477	h91@C7 * ( 0.6235) + h120@H12 * (-0.7818)	
  106	                            H8 (RY)	  0.00184	1.0 * h99@H8
  110	                            H9 (RY)	  0.00184	1.0 * h104@H9
  114	                           H10 (RY)	  0.00174	1.0 * h109@H10
  118	                           H11 (RY)	  0.00174	1.0 * h114@H11
  122	                           H12 (RY)	  0.00165	1.0 * h119@H12
  126	                           H13 (RY)	  0.00196	1.0 * h124@H13
  130	                           H14 (RY)	  0.00196	1.0 * h129@H14

Note: 62 one-center RY orbitals, each having occupancy below 1.00e-03,
      were not printed (use the program option -RyOccPrintThreshold to change this behavior)
      Total occupancy of these RY orbitals is 0.01280


Number of two-center(2C) BD orbitals for each pair of atoms
Centr. A/B         1         2         3         4         5         6         7         8         9        10        11        12        13        14
      1    (      3)         1         0         0         0         0         0         0         0         0         0         0         1         1
      2              (      4)         1         2         0         0         0         0         0         0         0         0         0         0
      3                        (      4)         0         2         0         0         1         0         0         0         0         0         0
      4                                  (      4)         0         1         0         0         1         0         0         0         0         0
      5                                            (      4)         0         1         0         0         1         0         0         0         0
      6                                                      (      4)         2         0         0         0         1         0         0         0
      7                                                                (      4)         0         0         0         0         1         0         0
      8                                                                          (      1)         0         0         0         0         0         0
      9                                                                                    (      1)         0         0         0         0         0
     10                                                                                              (      1)         0         0         0         0
     11                                                                                                        (      1)         0         0         0
     12                                                                                                                  (      1)         0         0
     13                                                                                                                            (      1)         0
     14                                                                                                                                      (      1)
VAL: 	  N 	 3 
VAL: 	  C 	 4 
VAL: 	  C 	 4 
VAL: 	  C 	 4 
VAL: 	  C 	 4 
VAL: 	  C 	 4 
VAL: 	  C 	 4 
VAL: 	  H 	 1 
VAL: 	  H 	 1 
VAL: 	  H 	 1 
VAL: 	  H 	 1 
VAL: 	  H 	 1 
VAL: 	  H 	 1 
VAL: 	  H 	 1 

>> CLPO occupancy summary >>
       bonding (BD):     32.74302 in   17 oribtals
  anti-bonding (NB):      1.36779 in   17 oribtals
 1c-lone pairs (LP):     15.80205 in    8 oribtals
 1c-unoccupied (RY):      0.08714 in   91 oribtals

Method        BD+LP....in      NB+RY     BD+NB+LP  BD+NB+LP+RY      trace(D)   Sum[Bd^2+Lp^2]    ||D||^2
  CLPO     48.54507    25    1.45493     49.91286     50.00000       50.000        94.5407      100.0000

                          * * *                                         

Atomic connectivity analysis based on CLPO bonding graph:

There are 1 molecule(s) in the system
(the 'molecule' is defined as the set of atoms linked with BD orbitals)

Molecule   TotalNPA    NumberOf   ListOf 
id         charge      atoms      atoms...
   1       +0.00000       14      N1 C2 C3 C4 C5 C6 C7 H8 H9 H10 H11 H12 H13 H14

Note: The total NPA charge is computed as the sum of NPA charge of atoms belonging to each molecule

                          * * *                                         

Approximate charge transfer analysis in CLPO basis
NOTE: this is an experimental feature AND IS SUBJECT TO CHANGE!
 We expect to have the underlying theory published soon...

Threshold for printing: 0.01000 

IntrAfragment charge transfers (conjugation analysis, etc.)
CT within fragment 1

 orb.num.   description  occup.  -->  charge, e  -->   occup.   description  orb.num.
    12           N1:LP   1.8087  -->   0.12452   -->   0.4214         C2-C4:NB    28
    12           N1:LP   1.8087  -->   0.01767   -->   0.3700         C6-C7:NB    88
    27        C2-C4:BD   1.6285  -->   0.13626   -->   0.3525         C3-C5:NB    44
    27        C2-C4:BD   1.6285  -->   0.18530   -->   0.3700         C6-C7:NB    88
    43        C3-C5:BD   1.7219  -->   0.11509   -->   0.4214         C2-C4:NB    28
    43        C3-C5:BD   1.7219  -->   0.10654   -->   0.3700         C6-C7:NB    88
    87        C6-C7:BD   1.6808  -->   0.10928   -->   0.4214         C2-C4:NB    28
    87        C6-C7:BD   1.6808  -->   0.17367   -->   0.3525         C3-C5:NB    44

2692 orbital pairs with total charge transfer of 0.31488 were not printed


IntErfragment charge transfers (donor-acceptor analysis, etc.)

Inter-molecular charge transfer summary (NEW):
Mol  Accepted -Donated  =  got_electrons
  1  +0.00000 -0.00000  =   +0.00000

                          * * *                                         



0 warning(s)

Total run time: 0 min, 5.0 sec


                          * * *                                         

