 * * * * * * * * * * * * * * * * * * * * * * * * * * * * * * * * * * * *
 *    janpa: A cross-platform open-source implementation of NPA        * 
 *    and other electronic structure analysis methods with Java        * 
 *        A part of JANPA package,   http://janpa.sourceforge.net      * 
 *                    Version:    2.02 (13-01-2019)                    * 
 * * * * * * * * * * * * * * * * * * * * * * * * * * * * * * * * * * * *

 (c) Tymofii Nikolaienko, 2014-2019

 If any results obtained with this program are published,
 or for any other reasons, please, cite this work as: 
 1) T.Y.Nikolaienko, L.A.Bulavin; Int. J. Quantum Chem. (2019), 
    Vol.119, page e25798, DOI: 10.1002/qua.25798
 2) T.Y.Nikolaienko, L.A.Bulavin, D.M.Hovorun; Comput.Theor.Chem.(2014),
    Vol.1050, pages 15-22, DOI: 10.1016/j.comptc.2014.10.002

                          * * *                                         

Settings used in this run:

 -i: p_toluidine_3_janpa.molden
 -npacharges: (empty)
 -NAO_Molden_File: (empty)
 -LHO_Molden_File: (empty)
 -CLPO_Molden_File: (empty)
 -PrintGeom: false
 -WibergBondOrders_File: (empty)
 -D_Matrix_File: (empty)
 -S_Matrix_File: (empty)
 -SDS_Matrix_File: (empty)
 -PNAO_OverlapMatrix_File: (empty)
 -PNAO_SDS_Matrix_File: (empty)
 -NMB_old_Overlap_Matrix_File: (empty)
 -NMB_old_SDS_Matrix_File: (empty)
 -NRB_old_Overlap_Matrix_File: (empty)
 -NRB_new_Overlap_Matrix_File: (empty)
 -S_Matrix_after_ON2_File: (empty)
 -SDS_Matrix_after_ON2_File: (empty)
 -NRB_Overlap_after_OW_heavy_File: (empty)
 -NRB_Overlap_after_Schmidt2_File: (empty)
 -NRB_Overlap_after_OW2_final_File: (empty)
 -OW2_File: (empty)
 -S_Matrix_after_OW2_File: (empty)
 -SDS_Matrix_after_OW2_File: (empty)
 -SDS_NAO_File: (empty)
 -NAO2AO_File: (empty)
 -PNAO2AO_File: (empty)
 -CLPO2LHO_File: (empty)
 -LHO2NAO_File: (empty)
 -LPO2AHO_File: (empty)
 -AHO2NAO_File: (empty)
 -doFock: false
 -Fock_AO_File: (empty)
 -Fock_NAO_File: (empty)
 -printnmbfock: false
 -PNAO_Molden_File: (empty)
 -AHO_Molden_File: (empty)
 -LPO_Molden_File: (empty)
 -MatrixMaxValuesPerLine: 0
 -MatrixFloatNumberFormat: %.5f
 -maximumBondIonicity: 9.00E-01
 -RyOccPrintThreshold: 1.00E-03
 -HybrOptOccConvThresh: 1.00E-05
 -HybrOptMaxIter: 1000
 -verboseprint: false
 -directNRBwsw: false
 -heavyNRBthreshold: 1.00E-04
 -overlap_straightforward: false
 -p: (empty)

                          * * *                                         

Loading MOLDEN from p_toluidine_3_janpa.molden
Basis functions are spherical: true
Total number of basis functions: 157
Total number of different contractions (radial parts): 75
Highest angular momentum: d (Lmax = 2)
Total number of MO: 157

Data loaded successfully
 Number of basis functions: 157; number of molecular orbitals: 157 

Building overlap S and dipole matrices...
Overlap & dipole integrals evaluated in 0.027 seconds
Checking whether the basis functions are unity-normalized...
 Maximum deviation of the basis function norm2 from unity: BFN 20 (0-based num.), max|norm2-1| = 6.000E-10 
Checking for the eigenvalues (linear (in)dependency) of the basis function overlap matrix...
The smallest eigenvalue of the basis function overlap matrix: 2.673E-04 
Checking whether the orbitals are unity-normalized...
Checking MO overlap matrix...
 Maximum of MO |norm2-1|: 1.692E-09 (MO   97)
 Maximum absolute value of off-diagonal MO overlap element: 3.003E-09 (< MO   18 | MO   97 >)
First-order reduced density matrix is OK.

Building density matrix D... done.
Building D.S... done.
Total number of electrons: 58.000000
Sum of electrons charges and the nuclei charges: 0.00000 

Performing Mulliken and Lowdin population analyses...
   Atom	Mulliken  	Lowdin    	Mulliken	Lowdin
       	Population	Population	Charge  	Charge
     N1	 7.08257	 7.02655	-0.08257	-0.02655
     C2	 6.03959	 6.06352	-0.03959	-0.06352
     C3	 5.90763	 5.97463	 0.09237	 0.02537
     C4	 6.01788	 6.02075	-0.01788	-0.02075
     C5	 6.01788	 6.02070	-0.01788	-0.02070
     C6	 6.03338	 6.07289	-0.03338	-0.07289
     C7	 6.03337	 6.07283	-0.03337	-0.07283
     C8	 5.91796	 6.04665	 0.08204	-0.04665
     H9	 1.04087	 0.97868	-0.04087	 0.02132
    H10	 1.04088	 0.97867	-0.04088	 0.02133
    H11	 1.05444	 0.98271	-0.05444	 0.01729
    H12	 1.05442	 0.98270	-0.05442	 0.01730
    H13	 0.99434	 0.97421	 0.00566	 0.02579
    H14	 0.99458	 0.97426	 0.00542	 0.02574
    H15	 0.97881	 0.97022	 0.02119	 0.02978
    H16	 0.89570	 0.93002	 0.10430	 0.06998
    H17	 0.89570	 0.93002	 0.10430	 0.06998

Building S.D.S... done.

                          * * *                                         

Creating NAOs


STEP 1. Produce PNAOs

 Total number of natural functions produced: 157
Sorting PNAOs...

STEP 2. Split PNAOs into NMB / NRB sets

 Number of basis functions in teh Natural Minimal Basis (NMB) set for each center: 
center   1:   2 of s |  3 of p |  0 of d |  0 of f |  0 of g |
center   2:   2 of s |  3 of p |  0 of d |  0 of f |  0 of g |
center   3:   2 of s |  3 of p |  0 of d |  0 of f |  0 of g |
center   4:   2 of s |  3 of p |  0 of d |  0 of f |  0 of g |
center   5:   2 of s |  3 of p |  0 of d |  0 of f |  0 of g |
center   6:   2 of s |  3 of p |  0 of d |  0 of f |  0 of g |
center   7:   2 of s |  3 of p |  0 of d |  0 of f |  0 of g |
center   8:   2 of s |  3 of p |  0 of d |  0 of f |  0 of g |
center   9:   1 of s |  0 of p |  0 of d |  0 of f |  0 of g |
center  10:   1 of s |  0 of p |  0 of d |  0 of f |  0 of g |
center  11:   1 of s |  0 of p |  0 of d |  0 of f |  0 of g |
center  12:   1 of s |  0 of p |  0 of d |  0 of f |  0 of g |
center  13:   1 of s |  0 of p |  0 of d |  0 of f |  0 of g |
center  14:   1 of s |  0 of p |  0 of d |  0 of f |  0 of g |
center  15:   1 of s |  0 of p |  0 of d |  0 of f |  0 of g |
center  16:   1 of s |  0 of p |  0 of d |  0 of f |  0 of g |
center  17:   1 of s |  0 of p |  0 of d |  0 of f |  0 of g |
In total: NMB set has 49 functions, NRB set has 108 functions; 

Trace of the PNAO overlap matrix: 157.0000000 (should be equal to 157, the total number of PNAOs)
 The trace of SDS matrix in PNAO basis = 107.06484348536195

STEP 3. Weighted orthogonalization of NMB PNAOs

 min weight of NMB PNAO = 1.5090930807756928

STEP 4. Schmidt orthogonalization of NRBs to new NMBs


STEP 5. Intracenter naturalization of new NRBs

 Total number of natural functions produced: 108

STEP 6. Weighted orthogonalization of naturalized NRBs

Maximum weight of NRB function = 9.79625E-02
 min weight = 0.0034808823959166786
 |S_NRB - 1| = 2.41246E-12 (Should be VERY close to zero!)

STEP 7. Final Intracenter Natural Transformation withing the full set of functions

 Total number of natural functions produced: 157
 SQRT{ SUM[(NaoOverlap_ij - delta_ij)^2] } = 2.03e-12 (should be VERY close to zero) 
 max_offdiag = 3.40e-13 (should be VERY close to zero) 
                          * * *                                         

 Final NAO occupancies and leading AO terms:

NAO #                 Name  Occupancy                             Leading term
    1         A1*: R1*s(0)  0.0001519              (-8.57)*BF[3 = A1: R3*s(0)]
    2          A1: R2*s(0)  1.2787105               (1.09)*BF[2 = A1: R2*s(0)]
    3          A1: R3*s(0)  1.9992809              (-1.01)*BF[1 = A1: R1*s(0)]
    4         A1*: R4*p(0)  0.0020864             (4.24)*BF[35 = A3: R17*p(0)]
    5         A1*: R4*p(1)  0.0020397            (-4.90)*BF[36 = A3: R17*p(1)]
    6        A1*: R4*p(-1)  0.0038319              (1.36)*BF[9 = A1: R5*p(-1)]
    7          A1: R5*p(0)  1.3243185              (-0.82)*BF[4 = A1: R4*p(0)]
    8          A1: R5*p(1)  1.3871242              (-0.83)*BF[5 = A1: R4*p(1)]
    9         A1: R5*p(-1)  1.8114010             (-0.67)*BF[6 = A1: R4*p(-1)]
   10         A1*: R6*d(0)  0.0007881              (-1.85)*BF[3 = A1: R3*s(0)]
   11         A1*: R6*d(1)  0.0002912              (1.06)*BF[11 = A1: R6*d(1)]
   12        A1*: R6*d(-1)  0.0000094             (1.07)*BF[12 = A1: R6*d(-1)]
   13         A1*: R6*d(2)  0.0007195              (1.26)*BF[13 = A1: R6*d(2)]
   14        A1*: R6*d(-2)  0.0008190             (1.31)*BF[14 = A1: R6*d(-2)]
   15         A2*: R7*s(0)  0.0010143            (-15.16)*BF[17 = A2: R9*s(0)]
   16          A2: R8*s(0)  0.8578940             (-1.49)*BF[17 = A2: R9*s(0)]
   17          A2: R9*s(0)  1.9988495             (-1.01)*BF[15 = A2: R7*s(0)]
   18        A2*: R10*p(0)  0.0050923            (-8.98)*BF[21 = A2: R11*p(0)]
   19        A2*: R10*p(1)  0.0034315            (-7.77)*BF[22 = A2: R11*p(1)]
   20       A2*: R10*p(-1)  0.0022260           (-2.07)*BF[23 = A2: R11*p(-1)]
   21         A2: R11*p(0)  1.0717751             (1.03)*BF[18 = A2: R10*p(0)]
   22         A2: R11*p(1)  1.0924720             (1.01)*BF[19 = A2: R10*p(1)]
   23        A2: R11*p(-1)  1.0466254            (0.77)*BF[20 = A2: R10*p(-1)]
   24        A2*: R12*d(0)  0.0005717             (-4.73)*BF[17 = A2: R9*s(0)]
   25        A2*: R12*d(1)  0.0006267             (1.07)*BF[25 = A2: R12*d(1)]
   26       A2*: R12*d(-1)  0.0005438            (1.08)*BF[26 = A2: R12*d(-1)]
   27        A2*: R12*d(2)  0.0008755             (1.57)*BF[21 = A2: R11*p(0)]
   28       A2*: R12*d(-2)  0.0010603            (-2.89)*BF[22 = A2: R11*p(1)]
   29        A3*: R13*s(0)  0.0015631           (-15.02)*BF[31 = A3: R15*s(0)]
   30         A3: R14*s(0)  0.8130846            (-1.52)*BF[31 = A3: R15*s(0)]
   31         A3: R15*s(0)  1.9988090            (-1.01)*BF[29 = A3: R13*s(0)]
   32        A3*: R16*p(0)  0.0064005            (-8.41)*BF[35 = A3: R17*p(0)]
   33        A3*: R16*p(1)  0.0044222            (-9.28)*BF[36 = A3: R17*p(1)]
   34       A3*: R16*p(-1)  0.0005649           (-1.96)*BF[37 = A3: R17*p(-1)]
   35         A3: R17*p(0)  0.9033628             (1.05)*BF[73 = A6: R33*s(0)]
   36         A3: R17*p(1)  1.1081069            (-1.12)*BF[36 = A3: R17*p(1)]
   37        A3: R17*p(-1)  0.9702686            (0.80)*BF[34 = A3: R16*p(-1)]
   38        A3*: R18*d(0)  0.0007300            (-4.14)*BF[31 = A3: R15*s(0)]
   39        A3*: R18*d(1)  0.0018610             (1.08)*BF[39 = A3: R18*d(1)]
   40       A3*: R18*d(-1)  0.0006516            (1.08)*BF[40 = A3: R18*d(-1)]
   41        A3*: R18*d(2)  0.0014206            (-2.39)*BF[35 = A3: R17*p(0)]
   42       A3*: R18*d(-2)  0.0009773             (2.35)*BF[36 = A3: R17*p(1)]
   43        A4*: R19*s(0)  0.0014075           (-16.85)*BF[45 = A4: R21*s(0)]
   44         A4: R20*s(0)  0.9291443             (1.42)*BF[44 = A4: R20*s(0)]
   45         A4: R21*s(0)  1.9988920            (-1.01)*BF[43 = A4: R19*s(0)]
   46        A4*: R22*p(0)  0.0041219            (-7.11)*BF[49 = A4: R23*p(0)]
   47        A4*: R22*p(1)  0.0057266            (-7.09)*BF[50 = A4: R23*p(1)]
   48       A4*: R22*p(-1)  0.0006899           (-1.75)*BF[51 = A4: R23*p(-1)]
   49         A4: R23*p(0)  1.1005062             (0.98)*BF[46 = A4: R22*p(0)]
   50         A4: R23*p(1)  1.1602742            (-0.98)*BF[45 = A4: R21*s(0)]
   51        A4: R23*p(-1)  0.9963290            (0.75)*BF[48 = A4: R22*p(-1)]
   52        A4*: R24*d(0)  0.0006234            (-3.95)*BF[45 = A4: R21*s(0)]
   53        A4*: R24*d(1)  0.0006741             (1.09)*BF[53 = A4: R24*d(1)]
   54       A4*: R24*d(-1)  0.0004098            (1.08)*BF[54 = A4: R24*d(-1)]
   55        A4*: R24*d(2)  0.0008976             (1.34)*BF[55 = A4: R24*d(2)]
   56       A4*: R24*d(-2)  0.0009004            (1.36)*BF[56 = A4: R24*d(-2)]
   57        A5*: R25*s(0)  0.0014095           (-16.85)*BF[59 = A5: R27*s(0)]
   58         A5: R26*s(0)  0.9291311             (1.42)*BF[58 = A5: R26*s(0)]
   59         A5: R27*s(0)  1.9988920            (-1.01)*BF[57 = A5: R25*s(0)]
   60        A5*: R28*p(0)  0.0041253            (-7.11)*BF[63 = A5: R29*p(0)]
   61        A5*: R28*p(1)  0.0057270            (-7.09)*BF[64 = A5: R29*p(1)]
   62       A5*: R28*p(-1)  0.0006876           (-1.75)*BF[65 = A5: R29*p(-1)]
   63         A5: R29*p(0)  1.1005115             (0.98)*BF[60 = A5: R28*p(0)]
   64         A5: R29*p(1)  1.1602853             (0.98)*BF[59 = A5: R27*s(0)]
   65        A5: R29*p(-1)  0.9962765            (0.75)*BF[62 = A5: R28*p(-1)]
   66        A5*: R30*d(0)  0.0006234            (-3.95)*BF[59 = A5: R27*s(0)]
   67        A5*: R30*d(1)  0.0006740             (1.09)*BF[67 = A5: R30*d(1)]
   68       A5*: R30*d(-1)  0.0004096            (1.08)*BF[68 = A5: R30*d(-1)]
   69        A5*: R30*d(2)  0.0008975             (1.34)*BF[69 = A5: R30*d(2)]
   70       A5*: R30*d(-2)  0.0009003            (1.36)*BF[70 = A5: R30*d(-2)]
   71        A6*: R31*s(0)  0.0013949           (-17.28)*BF[73 = A6: R33*s(0)]
   72         A6: R32*s(0)  0.9290016            (-1.49)*BF[73 = A6: R33*s(0)]
   73         A6: R33*s(0)  1.9989075            (-1.01)*BF[71 = A6: R31*s(0)]
   74        A6*: R34*p(0)  0.0043703            (-7.40)*BF[77 = A6: R35*p(0)]
   75        A6*: R34*p(1)  0.0051643            (-7.30)*BF[78 = A6: R35*p(1)]
   76       A6*: R34*p(-1)  0.0012367           (-1.75)*BF[79 = A6: R35*p(-1)]
   77         A6: R35*p(0)  1.1063700             (0.97)*BF[74 = A6: R34*p(0)]
   78         A6: R35*p(1)  1.1421512            (-1.04)*BF[73 = A6: R33*s(0)]
   79        A6: R35*p(-1)  1.0836515            (0.75)*BF[76 = A6: R34*p(-1)]
   80        A6*: R36*d(0)  0.0006346            (-4.27)*BF[73 = A6: R33*s(0)]
   81        A6*: R36*d(1)  0.0005030             (1.09)*BF[81 = A6: R36*d(1)]
   82       A6*: R36*d(-1)  0.0003831            (1.08)*BF[82 = A6: R36*d(-1)]
   83        A6*: R36*d(2)  0.0007368             (1.34)*BF[83 = A6: R36*d(2)]
   84       A6*: R36*d(-2)  0.0009479            (1.36)*BF[84 = A6: R36*d(-2)]
   85        A7*: R37*s(0)  0.0013949           (-17.28)*BF[87 = A7: R39*s(0)]
   86         A7: R38*s(0)  0.9290134            (-1.49)*BF[87 = A7: R39*s(0)]
   87         A7: R39*s(0)  1.9989075            (-1.01)*BF[85 = A7: R37*s(0)]
   88        A7*: R40*p(0)  0.0043701            (-7.40)*BF[91 = A7: R41*p(0)]
   89        A7*: R40*p(1)  0.0051639            (-7.30)*BF[92 = A7: R41*p(1)]
   90       A7*: R40*p(-1)  0.0012349           (-1.75)*BF[93 = A7: R41*p(-1)]
   91         A7: R41*p(0)  1.1063851             (0.97)*BF[88 = A7: R40*p(0)]
   92         A7: R41*p(1)  1.1421431             (1.04)*BF[87 = A7: R39*s(0)]
   93        A7: R41*p(-1)  1.0835739            (0.75)*BF[90 = A7: R40*p(-1)]
   94        A7*: R42*d(0)  0.0006346            (-4.27)*BF[87 = A7: R39*s(0)]
   95        A7*: R42*d(1)  0.0005034             (1.09)*BF[95 = A7: R42*d(1)]
   96       A7*: R42*d(-1)  0.0003830            (1.08)*BF[96 = A7: R42*d(-1)]
   97        A7*: R42*d(2)  0.0007368             (1.34)*BF[97 = A7: R42*d(2)]
   98       A7*: R42*d(-2)  0.0009480            (1.36)*BF[98 = A7: R42*d(-2)]
   99        A8*: R43*s(0)  0.0003788          (-10.86)*BF[101 = A8: R45*s(0)]
  100         A8: R44*s(0)  1.0803063            (1.31)*BF[100 = A8: R44*s(0)]
  101         A8: R45*s(0)  1.9992124            (-1.01)*BF[99 = A8: R43*s(0)]
  102        A8*: R46*p(0)  0.0010465           (-3.40)*BF[105 = A8: R47*p(0)]
  103        A8*: R46*p(1)  0.0038615           (-2.81)*BF[106 = A8: R47*p(1)]
  104       A8*: R46*p(-1)  0.0007401          (-2.46)*BF[107 = A8: R47*p(-1)]
  105         A8: R47*p(0)  1.0931569            (0.87)*BF[102 = A8: R46*p(0)]
  106         A8: R47*p(1)  1.2281117            (0.88)*BF[103 = A8: R46*p(1)]
  107        A8: R47*p(-1)  1.2200555           (0.87)*BF[104 = A8: R46*p(-1)]
  108        A8*: R48*d(0)  0.0006552            (1.29)*BF[108 = A8: R48*d(0)]
  109        A8*: R48*d(1)  0.0006417            (1.21)*BF[109 = A8: R48*d(1)]
  110       A8*: R48*d(-1)  0.0005437           (1.29)*BF[110 = A8: R48*d(-1)]
  111        A8*: R48*d(2)  0.0007823            (1.28)*BF[111 = A8: R48*d(2)]
  112       A8*: R48*d(-2)  0.0004517             (2.68)*BF[22 = A2: R11*p(1)]
  113        A9*: R49*s(0)  0.0018208            (3.47)*BF[114 = A9: R50*s(0)]
  114         A9: R50*s(0)  0.7810251            (1.12)*BF[113 = A9: R49*s(0)]
  115        A9*: R51*p(0)  0.0002639            (-3.19)*BF[49 = A4: R23*p(0)]
  116        A9*: R51*p(1)  0.0007482            (-2.14)*BF[49 = A4: R23*p(0)]
  117       A9*: R51*p(-1)  0.0001885           (1.12)*BF[117 = A9: R51*p(-1)]
  118       A10*: R52*s(0)  0.0018213           (3.47)*BF[119 = A10: R53*s(0)]
  119        A10: R53*s(0)  0.7810317           (1.12)*BF[118 = A10: R52*s(0)]
  120       A10*: R54*p(0)  0.0002639            (-3.18)*BF[63 = A5: R29*p(0)]
  121       A10*: R54*p(1)  0.0007482             (2.14)*BF[63 = A5: R29*p(0)]
  122      A10*: R54*p(-1)  0.0001886          (1.12)*BF[122 = A10: R54*p(-1)]
  123       A11*: R55*s(0)  0.0018160           (3.43)*BF[124 = A11: R56*s(0)]
  124        A11: R56*s(0)  0.7839370           (1.11)*BF[123 = A11: R55*s(0)]
  125       A11*: R57*p(0)  0.0002322            (-3.22)*BF[77 = A6: R35*p(0)]
  126       A11*: R57*p(1)  0.0007529             (2.06)*BF[77 = A6: R35*p(0)]
  127      A11*: R57*p(-1)  0.0002172          (1.12)*BF[127 = A11: R57*p(-1)]
  128       A12*: R58*s(0)  0.0018162           (3.43)*BF[129 = A12: R59*s(0)]
  129        A12: R59*s(0)  0.7839388           (1.11)*BF[128 = A12: R58*s(0)]
  130       A12*: R60*p(0)  0.0002322            (-3.22)*BF[91 = A7: R41*p(0)]
  131       A12*: R60*p(1)  0.0007530            (-2.06)*BF[91 = A7: R41*p(0)]
  132      A12*: R60*p(-1)  0.0002171          (1.12)*BF[132 = A12: R60*p(-1)]
  133       A13*: R61*s(0)  0.0014953           (3.10)*BF[134 = A13: R62*s(0)]
  134        A13: R62*s(0)  0.7796002           (1.11)*BF[133 = A13: R61*s(0)]
  135       A13*: R63*p(0)  0.0002154             (-1.73)*BF[17 = A2: R9*s(0)]
  136       A13*: R63*p(1)  0.0005825           (1.43)*BF[136 = A13: R63*p(1)]
  137      A13*: R63*p(-1)  0.0003005          (1.25)*BF[137 = A13: R63*p(-1)]
  138       A14*: R64*s(0)  0.0014919           (3.11)*BF[139 = A14: R65*s(0)]
  139        A14: R65*s(0)  0.7796490           (1.11)*BF[138 = A14: R64*s(0)]
  140       A14*: R66*p(0)  0.0002153             (-1.75)*BF[17 = A2: R9*s(0)]
  141       A14*: R66*p(1)  0.0005880           (1.44)*BF[141 = A14: R66*p(1)]
  142      A14*: R66*p(-1)  0.0002946          (1.24)*BF[142 = A14: R66*p(-1)]
  143       A15*: R67*s(0)  0.0018222           (2.95)*BF[144 = A15: R68*s(0)]
  144        A15: R68*s(0)  0.7771036           (1.11)*BF[143 = A15: R67*s(0)]
  145       A15*: R69*p(0)  0.0001947           (1.20)*BF[145 = A15: R69*p(0)]
  146       A15*: R69*p(1)  0.0001385           (-1.38)*BF[106 = A8: R47*p(1)]
  147      A15*: R69*p(-1)  0.0007835          (1.52)*BF[147 = A15: R69*p(-1)]
  148       A16*: R70*s(0)  0.0019111           (2.35)*BF[149 = A16: R71*s(0)]
  149        A16: R71*s(0)  0.6083607           (1.20)*BF[148 = A16: R70*s(0)]
  150       A16*: R72*p(0)  0.0004604              (-1.64)*BF[3 = A1: R3*s(0)]
  151       A16*: R72*p(1)  0.0009713           (1.56)*BF[151 = A16: R72*p(1)]
  152      A16*: R72*p(-1)  0.0006580          (1.13)*BF[152 = A16: R72*p(-1)]
  153       A17*: R73*s(0)  0.0019111           (2.35)*BF[154 = A17: R74*s(0)]
  154        A17: R74*s(0)  0.6083582           (1.20)*BF[153 = A17: R73*s(0)]
  155       A17*: R75*p(0)  0.0004605              (-1.64)*BF[3 = A1: R3*s(0)]
  156       A17*: R75*p(1)  0.0009713           (1.56)*BF[156 = A17: R75*p(1)]
  157      A17*: R75*p(-1)  0.0006579          (1.13)*BF[157 = A17: R75*p(-1)]
 trace = 57.999999994137106

Final electron populations and NPA charges:

Center	Nuclear	 Electron  	  NMB       	NPA   
      	 charge	 population	  population	charge
   N1	    7.0	  7.8115723	   7.8008351	-0.8115722564
   C2	    6.0	  6.0830579	   6.0676159	-0.0830579201
   C3	    6.0	  5.8122231	   5.7936320	 0.1877768996
   C4	    6.0	  6.2005969	   6.1851457	-0.2005969312
   C5	    6.0	  6.2005506	   6.1850964	-0.2005506280
   C6	    6.0	  6.2754535	   6.2600818	-0.2754535132
   C7	    6.0	  6.2753926	   6.2600231	-0.2753925533
   C8	    6.0	  6.6299443	   6.6208428	-0.6299443136
   H9	    1.0	  0.7840465	   0.7810251	 0.2159534563
  H10	    1.0	  0.7840537	   0.7810317	 0.2159463350
  H11	    1.0	  0.7869553	   0.7839370	 0.2130446623
  H12	    1.0	  0.7869574	   0.7839388	 0.2130425628
  H13	    1.0	  0.7821939	   0.7796002	 0.2178060710
  H14	    1.0	  0.7822389	   0.7796490	 0.2177611113
  H15	    1.0	  0.7800425	   0.7771036	 0.2199575137
  H16	    1.0	  0.6123615	   0.6083607	 0.3876384642
  H17	    1.0	  0.6123590	   0.6083582	 0.3876410455

Angular momentum contributions of the total atomic population:

   Cntr           s           p           d           f           g
     N1   3.2781433   4.5308018   0.0026272   0.0000000   0.0000000
     C2   2.8577578   3.2216222   0.0036779   0.0000000   0.0000000
     C3   2.8134567   2.9931259   0.0056405   0.0000000   0.0000000
     C4   2.9294438   3.2676478   0.0035053   0.0000000   0.0000000
     C5   2.9294326   3.2676132   0.0035048   0.0000000   0.0000000
     C6   2.9293040   3.3429441   0.0032054   0.0000000   0.0000000
     C7   2.9293159   3.3428710   0.0032057   0.0000000   0.0000000
     C8   3.0798975   3.5469721   0.0030747   0.0000000   0.0000000
     H9   0.7828459   0.0012007   0.0000000   0.0000000   0.0000000
    H10   0.7828530   0.0012007   0.0000000   0.0000000   0.0000000
    H11   0.7857530   0.0012024   0.0000000   0.0000000   0.0000000
    H12   0.7857551   0.0012024   0.0000000   0.0000000   0.0000000
    H13   0.7810955   0.0010984   0.0000000   0.0000000   0.0000000
    H14   0.7811409   0.0010980   0.0000000   0.0000000   0.0000000
    H15   0.7789258   0.0011167   0.0000000   0.0000000   0.0000000
    H16   0.6102718   0.0020898   0.0000000   0.0000000   0.0000000
    H17   0.6102693   0.0020897   0.0000000   0.0000000   0.0000000


                          * * *                                         

Wiberg-Mayer bond indices (based on density matrix in NAO basis):
Centr. A/B         1         2         3         4         5         6         7         8         9        10        11        12        13        14        15        16        17
      1    ( 2.9965)    0.0367    1.1387    0.0096    0.0096    0.0620    0.0620    0.0004    0.0002    0.0002    0.0022    0.0022    0.0006    0.0005    0.0024    0.8346    0.8346
      2              ( 3.9912)    0.0862    1.3834    1.3831    0.0191    0.0191    1.0283    0.0042    0.0042    0.0093    0.0093    0.0025    0.0025    0.0032    0.0001    0.0001
      3                        ( 3.9566)    0.0148    0.0148    1.3310    1.3308    0.0010    0.0092    0.0092    0.0031    0.0031    0.0011    0.0011    0.0048    0.0039    0.0039
      4                                  ( 3.9553)    0.0144    1.4573    0.1023    0.0131    0.9197    0.0107    0.0053    0.0005    0.0097    0.0030    0.0109    0.0005    0.0002
      5                                            ( 3.9554)    0.1023    1.4577    0.0131    0.0107    0.9197    0.0005    0.0053    0.0030    0.0096    0.0108    0.0002    0.0005
      6                                                      ( 3.9497)    0.0200    0.0089    0.0042    0.0005    0.9213    0.0102    0.0003    0.0004    0.0004    0.0102    0.0015
      7                                                                ( 3.9497)    0.0089    0.0005    0.0042    0.0102    0.9213    0.0004    0.0003    0.0004    0.0015    0.0102
      8                                                                          ( 3.8716)    0.0026    0.0026    0.0003    0.0003    0.9357    0.9359    0.9204    0.0000    0.0000
      9                                                                                    ( 0.9567)    0.0005    0.0035    0.0005    0.0002    0.0002    0.0000    0.0004    0.0001
     10                                                                                              ( 0.9567)    0.0005    0.0035    0.0002    0.0002    0.0000    0.0001    0.0004
     11                                                                                                        ( 0.9580)    0.0007    0.0002    0.0000    0.0000    0.0001    0.0007
     12                                                                                                                  ( 0.9580)    0.0000    0.0003    0.0000    0.0007    0.0001
     13                                                                                                                            ( 0.9553)    0.0008    0.0006    0.0000    0.0000
     14                                                                                                                                      ( 0.9554)    0.0006    0.0000    0.0000
     15                                                                                                                                                ( 0.9549)    0.0000    0.0000
     16                                                                                                                                                          ( 0.8531)    0.0008
     17                                                                                                                                                                    ( 0.8531)

                          * * *                                         

Creating  LPOs (Localized Property-optimized Orbitals)


Creating initial guess...
Optimizing LPOs...

Finding an optimal hybrid pairing...
    0    1    2    3    4    5    6    7    8    9   10   11   12   13   14   15   16   17   18   19   20   21   22   23   24   25   26   27   28   29   30   31   32   33   34   35   36   37   38   39   40   41   42   43   44   45   46   47   48   49   50   51   52   53   54   55   56   57   58   59   60   61   62   63   64   65   66   67   68   69   70   71   72   73   74   75   76   77   78   79   80   81   82   83   84   85   86   87   88   89   90   91   92   93   94   95   96   97   98   99  100  101  102  103  104  105  106  107  108  109  110  111  112  113  114  115  116  117  118  119  120  121  122  123  124  125  126  127  128  129  130  131  132  133  134  135  136  137  138  139  140  141  142  143  144  145  146  147  148  149  150  151  152  153  154  155  156
   14  153   40   97  147   61   34  148   38   23  107   -1   37   51    0   43  101   44   58   47  104   57   50    9   75   89   28   83   26   71   74   72   86   66    6   85   78   12    8   52    2   69   70   15   17   88   87   19   76  113   22   13   39   67   96   98   84   21   18  117   73    5   90  118   92   93   33   53   82   41   42   29   31   60   30   24   48  123   36  111   94  109   68   27   56   35   32   46   45   25   62  128   64   65   80  108   54    3   55  133  132   16  137  142   20  138  143   10   95   81  115   79  127   49  124  110  131   59   63  129  139  126  152   77  114  155  121  112   91  119  150  116  100   99  146  145  141  102  105  120  144  136  103  106  140  135  134    4    7  154  130  156  122    1  149  125  151
LPO iteration  1: hybrids reconnected, target function =  110.7109681
Iterative optimization of atomic hybrids
           Target                 Total        max.atomic       Total        max.atomic     Nxt.step
  Itr.    function    new-old  ||Unew-U||^2   ||unew-u||^2   ||Dnew-D||^2   ||dnew-d||^2     lambda 
    1     110.7110   +1.1e+02    6.726172      0.1262221      0.11653        0.0355125       (none)
    2     110.7283   +1.7e-02    2.719100      0.0364475      0.02485        0.0054500       (none)
    3     110.7318   +3.5e-03    1.333163      0.0202250      0.01228        0.0019668       (none)
    4     110.7328   +1.1e-03    0.882117      0.0158723      0.00741        0.0012781       (none)
    5     110.7332   +3.5e-04    0.659415      0.0123278      0.00483        0.0009418       (none)
    6     110.7333   +1.2e-04    0.519215      0.0094597      0.00337        0.0007527       (none)
    7     110.7333   +4.2e-05    0.420930      0.0071891      0.00255        0.0006130       (none)
    8     110.7334   +1.6e-05    0.353968      0.0054271      0.00209        0.0004912       (none)
    9     110.7334   +6.7e-06    << Converged! (threshold = 1.00e-05) >>
Optimization of hybrids finished
LPO iteration  1: hybrids optimized, target function =  110.7333673
Finding an optimal hybrid pairing...
    0    1    2    3    4    5    6    7    8    9   10   11   12   13   14   15   16   17   18   19   20   21   22   23   24   25   26   27   28   29   30   31   32   33   34   35   36   37   38   39   40   41   42   43   44   45   46   47   48   49   50   51   52   53   54   55   56   57   58   59   60   61   62   63   64   65   66   67   68   69   70   71   72   73   74   75   76   77   78   79   80   81   82   83   84   85   86   87   88   89   90   91   92   93   94   95   96   97   98   99  100  101  102  103  104  105  106  107  108  109  110  111  112  113  114  115  116  117  118  119  120  121  122  123  124  125  126  127  128  129  130  131  132  133  134  135  136  137  138  139  140  141  142  143  144  145  146  147  148  149  150  151  152  153  154  155  156
   14  153   40   55  147   61   34  148   38   -1  107  108  124   51    0   43  101   44   58   47  104   57   50  109   39   89   28   42   26   71   74   72   86   66    6   85   78   69    8   24    2   84   27   15   17   88   87   19   76  113   22   13   75   67   96    3   70   21   18  117   73    5   90  118   92   93   33   53  125   37   56   29   31   60   30   52   48  123   36  111   94   95  115  155   41   35   32   46   45   25   62  128   64   65   80   81   54   98   97  133  132   16  137  142   20  138  143   10   11   23  120   79  127   49  134   82  131   59   63  129  110  126  152   77   12   68  121  112   91  119  150  116  100   99  114  145  141  102  105  146  144  136  103  106  140  135  139    4    7  154  130  156  122    1  149   83  151
LPO iteration  2: hybrids reconnected, target function =  110.7333685
Done! (in 1 iterations)


*** Summary of LPO  results

  LPO 	         D e s c r i p t i o n     	Occupancy	Composition
    1	(BD) N1-C2, Io = 0.3934            	0.00028  	h1@N1 * ( 0.8347) + h15@C2 * (-0.5507)	
    2	     N1-C2, antibonding (NB)       	  0.00010	h1@N1 * (-0.5507) + h15@C2 * (-0.8347)	
    3	(BD) N1-H17, Io = 0.3934           	1.99202  	h2@N1 * ( 0.8347) + h154@H17 * ( 0.5507)	
    4	     N1-H17, antibonding (NB)      	  0.00775	h2@N1 * ( 0.5507) + h154@H17 * (-0.8347)	
    5	(BD) N1-C3, Io = 0.9996            	1.99970  	h3@N1 * ( 0.9999) + h41@C3 * (-0.0137)	
    6	     N1-C3, antibonding (NB)       	  0.00165	h3@N1 * (-0.0137) + h41@C3 * (-0.9999)	
    7	(BD) N1-C4, Io = 0.7934            	0.00015  	h4@N1 * ( 0.3214) + h56@C4 * ( 0.9470)	
    8	     N1-C4, antibonding (NB)       	  0.00006	h4@N1 * (-0.9470) + h56@C4 * ( 0.3214)	
    9	(BD) N1-H16, Io = 0.0264           	0.00344  	h5@N1 * ( 0.7164) + h148@H16 * ( 0.6977)	
   10	     N1-H16, antibonding (NB)      	  0.00055	h5@N1 * ( 0.6977) + h148@H16 * (-0.7164)	
   11	(BD) N1-C5, Io = 0.5659            	0.00304  	h6@N1 * ( 0.8848) + h62@C5 * (-0.4659)	
   12	     N1-C5, antibonding (NB)       	  0.00007	h6@N1 * (-0.4659) + h62@C5 * (-0.8848)	
   13	(BD) N1-C3, Io = 0.2134            	1.98833  	h7@N1 * ( 0.7789) + h35@C3 * (-0.6271)	
   14	     N1-C3, antibonding (NB)       	  0.01919	h7@N1 * (-0.6271) + h35@C3 * (-0.7789)	
   15	(BD) N1-H16, Io = 0.3934           	1.99202  	h8@N1 * ( 0.8347) + h149@H16 * ( 0.5507)	
   16	     N1-H16, antibonding (NB)      	  0.00775	h8@N1 * ( 0.5507) + h149@H16 * (-0.8347)	
   17	(BD) N1-C3, Io = 0.9972            	1.81566  	h9@N1 * ( 0.9993) + h39@C3 * (-0.0372)	
   18	     N1-C3, antibonding (NB)       	  0.00023	h9@N1 * (-0.0372) + h39@C3 * (-0.9993)	
   20	(BD) N1-C8, Io = 0.9065            	0.00000  	h11@N1 * ( 0.9763) + h108@C8 * (-0.2163)	
   21	     N1-C8, antibonding (NB)       	  0.00000	h11@N1 * (-0.2163) + h108@C8 * (-0.9763)	
   22	(BD) N1-C8, Io = 0.0214            	0.00002  	h12@N1 * ( 0.7146) + h109@C8 * (-0.6995)	
   23	     N1-C8, antibonding (NB)       	  0.00000	h12@N1 * (-0.6995) + h109@C8 * (-0.7146)	
   24	(BD) N1-H11, Io = 0.7352           	0.00004  	h13@N1 * (-0.3639) + h125@H11 * ( 0.9314)	
   25	     N1-H11, antibonding (NB)      	  0.00001	h13@N1 * (-0.9314) + h125@H11 * (-0.3639)	
   26	(BD) N1-C4, Io = 0.6677            	0.00001  	h14@N1 * ( 0.9132) + h52@C4 * (-0.4076)	
   27	     N1-C4, antibonding (NB)       	  0.00000	h14@N1 * (-0.4076) + h52@C4 * (-0.9132)	
   28	(BD) C2-C4, Io = 0.0090            	1.96997  	h16@C2 * ( 0.7103) + h44@C4 * ( 0.7039)	
   29	     C2-C4, antibonding (NB)       	  0.02602	h16@C2 * ( 0.7039) + h44@C4 * (-0.7103)	
   30	(BD) C2-C8, Io = 0.9998            	1.99913  	h17@C2 * ( 0.9999) + h102@C8 * (-0.0104)	
   31	     C2-C8, antibonding (NB)       	  0.00048	h17@C2 * (-0.0104) + h102@C8 * (-0.9999)	
   32	(BD) C2-C4, Io = 0.9996            	1.99932  	h18@C2 * (-0.0133) + h45@C4 * ( 0.9999)	
   33	     C2-C4, antibonding (NB)       	  0.00266	h18@C2 * (-0.9999) + h45@C4 * (-0.0133)	
   34	(BD) C2-C5, Io = 0.9996            	1.99932  	h19@C2 * ( 0.0133) + h59@C5 * ( 0.9999)	
   35	     C2-C5, antibonding (NB)       	  0.00266	h19@C2 * (-0.9999) + h59@C5 * ( 0.0133)	
   36	(BD) C2-C4, Io = 0.7235            	0.00267  	h20@C2 * ( 0.9283) + h48@C4 * ( 0.3718)	
   37	     C2-C4, antibonding (NB)       	  0.00032	h20@C2 * ( 0.3718) + h48@C4 * (-0.9283)	
   38	(BD) C2-C8, Io = 0.0130            	1.97946  	h21@C2 * ( 0.7117) + h105@C8 * (-0.7025)	
   39	     C2-C8, antibonding (NB)       	  0.01718	h21@C2 * (-0.7025) + h105@C8 * (-0.7117)	
   40	(BD) C2-C5, Io = 0.0090            	1.96996  	h22@C2 * ( 0.7103) + h58@C5 * ( 0.7039)	
   41	     C2-C5, antibonding (NB)       	  0.02603	h22@C2 * ( 0.7039) + h58@C5 * (-0.7103)	
   42	(BD) C2-C4, Io = 0.0392            	1.66342  	h23@C2 * ( 0.7208) + h51@C4 * ( 0.6931)	
   43	     C2-C4, antibonding (NB)       	  0.37999	h23@C2 * ( 0.6931) + h51@C4 * (-0.7208)	
   44	(BD) C2-C8, Io = 0.6283            	0.00002  	h24@C2 * ( 0.9023) + h110@C8 * ( 0.4311)	
   45	     C2-C8, antibonding (NB)       	  0.00001	h24@C2 * ( 0.4311) + h110@C8 * (-0.9023)	
   46	(BD) C2-C3, Io = 0.0871            	0.00118  	h25@C2 * (-0.6756) + h40@C3 * ( 0.7373)	
   47	     C2-C3, antibonding (NB)       	  0.00001	h25@C2 * (-0.7373) + h40@C3 * (-0.6756)	
   48	(BD) C2-C7, Io = 0.4521            	0.00072  	h26@C2 * (-0.5234) + h90@C7 * ( 0.8521)	
   49	     C2-C7, antibonding (NB)       	  0.00020	h26@C2 * (-0.8521) + h90@C7 * (-0.5234)	
   50	(BD) C2-C3, Io = 0.5016            	0.00321  	h27@C2 * ( 0.8665) + h29@C3 * (-0.4992)	
   51	     C2-C3, antibonding (NB)       	  0.00051	h27@C2 * (-0.4992) + h29@C3 * (-0.8665)	
   52	(BD) C2-C4, Io = 0.1631            	0.00131  	h28@C2 * (-0.6469) + h43@C4 * ( 0.7626)	
   53	     C2-C4, antibonding (NB)       	  0.00048	h28@C2 * (-0.7626) + h43@C4 * (-0.6469)	
   54	(BD) C3-C6, Io = 0.0214            	1.96839  	h30@C3 * ( 0.7146) + h72@C6 * ( 0.6995)	
   55	     C3-C6, antibonding (NB)       	  0.02559	h30@C3 * ( 0.6995) + h72@C6 * (-0.7146)	
   56	(BD) C3-C6, Io = 0.9997            	1.99930  	h31@C3 * ( 0.9999) + h75@C6 * ( 0.0127)	
   57	     C3-C6, antibonding (NB)       	  0.00193	h31@C3 * ( 0.0127) + h75@C6 * (-0.9999)	
   58	(BD) C3-C6, Io = 0.9997            	1.99929  	h32@C3 * ( 0.0126) + h73@C6 * ( 0.9999)	
   59	     C3-C6, antibonding (NB)       	  0.00283	h32@C3 * (-0.9999) + h73@C6 * ( 0.0126)	
   60	(BD) C3-C7, Io = 0.9997            	1.99929  	h33@C3 * ( 0.0126) + h87@C7 * ( 0.9999)	
   61	     C3-C7, antibonding (NB)       	  0.00283	h33@C3 * (-0.9999) + h87@C7 * ( 0.0126)	
   62	(BD) C3-C5, Io = 0.2340            	0.00121  	h34@C3 * ( 0.6189) + h67@C5 * ( 0.7855)	
   63	     C3-C5, antibonding (NB)       	  0.00010	h34@C3 * (-0.7855) + h67@C5 * ( 0.6189)	
   64	(BD) C3-C7, Io = 0.0214            	1.96839  	h36@C3 * ( 0.7146) + h86@C7 * ( 0.6995)	
   65	     C3-C7, antibonding (NB)       	  0.02559	h36@C3 * ( 0.6995) + h86@C7 * (-0.7146)	
   66	(BD) C3-C6, Io = 0.0950            	1.63075  	h37@C3 * ( 0.6727) + h79@C6 * ( 0.7399)	
   67	     C3-C6, antibonding (NB)       	  0.42284	h37@C3 * (-0.7399) + h79@C6 * ( 0.6727)	
   68	(BD) C3-C5, Io = 0.8987            	0.00014  	h38@C3 * (-0.2251) + h70@C5 * ( 0.9743)	
   69	     C3-C5, antibonding (NB)       	  0.00002	h38@C3 * (-0.9743) + h70@C5 * (-0.2251)	
   70	(BD) C3-C7, Io = 0.2633            	0.00145  	h42@C3 * ( 0.7948) + h85@C7 * (-0.6069)	
   71	     C3-C7, antibonding (NB)       	  0.00073	h42@C3 * (-0.6069) + h85@C7 * (-0.7948)	
   72	(BD) C4-C7, Io = 0.1627            	0.00825  	h46@C4 * ( 0.7625) + h89@C7 * ( 0.6470)	
   73	     C4-C7, antibonding (NB)       	  0.00080	h46@C4 * ( 0.6470) + h89@C7 * (-0.7625)	
   74	(BD) C4-C7, Io = 0.1263            	0.00632  	h47@C4 * ( 0.6609) + h88@C7 * ( 0.7504)	
   75	     C4-C7, antibonding (NB)       	  0.00078	h47@C4 * (-0.7504) + h88@C7 * ( 0.6609)	
   76	(BD) C4-C6, Io = 0.0024            	1.97402  	h49@C4 * (-0.7063) + h77@C6 * ( 0.7079)	
   77	     C4-C6, antibonding (NB)       	  0.01406	h49@C4 * (-0.7079) + h77@C6 * (-0.7063)	
   78	(BD) C4-H9, Io = 0.2195            	1.97980  	h50@C4 * ( 0.7809) + h114@H9 * (-0.6247)	
   79	     C4-H9, antibonding (NB)       	  0.01521	h50@C4 * (-0.6247) + h114@H9 * (-0.7809)	
   80	(BD) C4-C6, Io = 0.1615            	0.00136  	h53@C4 * ( 0.7621) + h76@C6 * ( 0.6475)	
   81	     C4-C6, antibonding (NB)       	  0.00019	h53@C4 * ( 0.6475) + h76@C6 * (-0.7621)	
   82	(BD) C4-C5, Io = 0.0664            	0.00002  	h54@C4 * ( 0.7302) + h68@C5 * (-0.6832)	
   83	     C4-C5, antibonding (NB)       	  0.00000	h54@C4 * (-0.6832) + h68@C5 * (-0.7302)	
   84	(BD) C4-C7, Io = 0.0649            	0.00006  	h55@C4 * ( 0.7297) + h97@C7 * ( 0.6838)	
   85	     C4-C7, antibonding (NB)       	  0.00002	h55@C4 * ( 0.6838) + h97@C7 * (-0.7297)	
   86	(BD) C5-C6, Io = 0.3066            	0.00185  	h57@C5 * (-0.5888) + h71@C6 * ( 0.8083)	
   87	     C5-C6, antibonding (NB)       	  0.00053	h57@C5 * (-0.8083) + h71@C6 * (-0.5888)	
   88	(BD) C5-H10, Io = 0.5054           	0.00385  	h60@C5 * ( 0.8676) + h118@H10 * (-0.4973)	
   89	     C5-H10, antibonding (NB)      	  0.00119	h60@C5 * (-0.4973) + h118@H10 * (-0.8676)	
   90	(BD) C5-C6, Io = 0.0074            	0.00954  	h61@C5 * ( 0.7097) + h74@C6 * (-0.7045)	
   91	     C5-C6, antibonding (NB)       	  0.00066	h61@C5 * (-0.7045) + h74@C6 * (-0.7097)	
   92	(BD) C5-C7, Io = 0.0024            	1.97402  	h63@C5 * (-0.7063) + h91@C7 * ( 0.7079)	
   93	     C5-C7, antibonding (NB)       	  0.01406	h63@C5 * (-0.7079) + h91@C7 * (-0.7063)	
   94	(BD) C5-H10, Io = 0.2195           	1.97980  	h64@C5 * ( 0.7809) + h119@H10 * ( 0.6247)	
   95	     C5-H10, antibonding (NB)      	  0.01521	h64@C5 * ( 0.6247) + h119@H10 * (-0.7809)	
   96	(BD) C5-C7, Io = 0.0639            	1.72526  	h65@C5 * ( 0.6841) + h93@C7 * ( 0.7294)	
   97	     C5-C7, antibonding (NB)       	  0.35532	h65@C5 * (-0.7294) + h93@C7 * ( 0.6841)	
   98	(BD) C5-C7, Io = 0.0791            	0.00000  	h66@C5 * ( 0.7345) + h94@C7 * (-0.6786)	
   99	     C5-C7, antibonding (NB)       	  0.00000	h66@C5 * (-0.6786) + h94@C7 * (-0.7345)	
  100	(BD) C5-H11, Io = 0.3020           	0.00006  	h69@C5 * (-0.5908) + h126@H11 * ( 0.8068)	
  101	     C5-H11, antibonding (NB)      	  0.00003	h69@C5 * (-0.8068) + h126@H11 * (-0.5908)	
  102	(BD) C6-H11, Io = 0.2160           	1.97928  	h78@C6 * ( 0.7797) + h124@H11 * (-0.6261)	
  103	     C6-H11, antibonding (NB)      	  0.01469	h78@C6 * (-0.6261) + h124@H11 * (-0.7797)	
  104	(BD) C6-C8, Io = 0.4169            	0.00000  	h80@C6 * ( 0.8417) + h112@C8 * ( 0.5399)	
  105	     C6-C8, antibonding (NB)       	  0.00000	h80@C6 * ( 0.5399) + h112@C8 * (-0.8417)	
  106	(BD) C6-C7, Io = 0.0645            	0.00189  	h81@C6 * ( 0.6839) + h95@C7 * ( 0.7296)	
  107	     C6-C7, antibonding (NB)       	  0.00006	h81@C6 * (-0.7296) + h95@C7 * ( 0.6839)	
  108	(BD) C6-C7, Io = 0.0401            	0.00003  	h82@C6 * ( 0.7212) + h96@C7 * (-0.6928)	
  109	     C6-C7, antibonding (NB)       	  0.00000	h82@C6 * (-0.6928) + h96@C7 * (-0.7212)	
  110	(BD) C6-H9, Io = 0.3433            	0.00007  	h83@C6 * ( 0.5730) + h116@H9 * ( 0.8195)	
  111	     C6-H9, antibonding (NB)       	  0.00002	h83@C6 * (-0.8195) + h116@H9 * ( 0.5730)	
  112	(BD) C6-H17, Io = 0.3265           	0.00030  	h84@C6 * ( 0.8144) + h156@H17 * (-0.5803)	
  113	     C6-H17, antibonding (NB)      	  0.00008	h84@C6 * (-0.5803) + h156@H17 * (-0.8144)	
  114	(BD) C7-H12, Io = 0.2160           	1.97929  	h92@C7 * ( 0.7797) + h129@H12 * ( 0.6261)	
  115	     C7-H12, antibonding (NB)      	  0.01470	h92@C7 * ( 0.6261) + h129@H12 * (-0.7797)	
  116	(BD) C7-C8, Io = 0.3762            	0.00021  	h98@C7 * ( 0.5585) + h99@C8 * ( 0.8295)	
  117	     C7-C8, antibonding (NB)       	  0.00008	h98@C7 * (-0.8295) + h99@C8 * ( 0.5585)	
  118	(BD) C8-H13, Io = 0.2184           	1.98731  	h100@C8 * ( 0.7805) + h134@H13 * ( 0.6251)	
  119	     C8-H13, antibonding (NB)      	  0.00616	h100@C8 * ( 0.6251) + h134@H13 * (-0.7805)	
  120	(BD) C8-H13, Io = 0.9999           	1.99937  	h101@C8 * ( 1.0000) + h133@H13 * (-0.0086)	
  121	     C8-H13, antibonding (NB)      	  0.00129	h101@C8 * (-0.0086) + h133@H13 * (-1.0000)	
  122	(BD) C8-H14, Io = 0.6249           	0.00459  	h103@C8 * ( 0.9014) + h138@H14 * ( 0.4331)	
  123	     C8-H14, antibonding (NB)      	  0.00081	h103@C8 * ( 0.4331) + h138@H14 * (-0.9014)	
  124	(BD) C8-H15, Io = 0.3044           	0.00265  	h104@C8 * ( 0.5897) + h143@H15 * ( 0.8076)	
  125	     C8-H15, antibonding (NB)      	  0.00039	h104@C8 * (-0.8076) + h143@H15 * ( 0.5897)	
  126	(BD) C8-H14, Io = 0.2183           	1.98741  	h106@C8 * ( 0.7805) + h139@H14 * (-0.6252)	
  127	     C8-H14, antibonding (NB)      	  0.00609	h106@C8 * (-0.6252) + h139@H14 * (-0.7805)	
  128	(BD) C8-H15, Io = 0.2213           	1.97852  	h107@C8 * ( 0.7815) + h144@H15 * (-0.6240)	
  129	     C8-H15, antibonding (NB)      	  0.01247	h107@C8 * (-0.6240) + h144@H15 * (-0.7815)	
  130	(BD) C8-H10, Io = 0.7989           	0.00006  	h111@C8 * (-0.3171) + h121@H10 * ( 0.9484)	
  131	     C8-H10, antibonding (NB)      	  0.00001	h111@C8 * (-0.9484) + h121@H10 * (-0.3171)	
  132	(BD) H9-H12, Io = 0.0009           	0.00300  	h113@H9 * ( 0.7068) + h128@H12 * ( 0.7074)	
  133	     H9-H12, antibonding (NB)      	  0.00071	h113@H9 * (-0.7074) + h128@H12 * ( 0.7068)	
  134	(BD) H9-H13, Io = 0.8336           	0.00015  	h115@H9 * (-0.2885) + h135@H13 * ( 0.9575)	
  135	     H9-H13, antibonding (NB)      	  0.00002	h115@H9 * (-0.9575) + h135@H13 * (-0.2885)	
  136	(BD) H9-H12, Io = 0.1073           	0.00034  	h117@H9 * (-0.6681) + h132@H12 * ( 0.7441)	
  137	     H9-H12, antibonding (NB)      	  0.00007	h117@H9 * (-0.7441) + h132@H12 * (-0.6681)	
  138	(BD) H10-H12, Io = 0.0476          	0.00006  	h120@H10 * ( 0.7238) + h130@H12 * (-0.6901)	
  139	     H10-H12, antibonding (NB)     	  0.00001	h120@H10 * (-0.6901) + h130@H12 * (-0.7238)	
  140	(BD) H10-H11, Io = 0.1072          	0.00034  	h122@H10 * (-0.6681) + h127@H11 * ( 0.7441)	
  141	     H10-H11, antibonding (NB)     	  0.00007	h122@H10 * (-0.7441) + h127@H11 * (-0.6681)	
  142	(BD) H11-H17, Io = 0.0453          	0.00304  	h123@H11 * ( 0.6909) + h153@H17 * ( 0.7230)	
  143	     H11-H17, antibonding (NB)     	  0.00078	h123@H11 * (-0.7230) + h153@H17 * ( 0.6909)	
  144	(BD) H12-H16, Io = 0.8658          	0.00016  	h131@H12 * ( 0.2590) + h151@H16 * ( 0.9659)	
  145	     H12-H16, antibonding (NB)     	  0.00004	h131@H12 * (-0.9659) + h151@H16 * ( 0.2590)	
  146	(BD) H13-H15, Io = 0.0802          	0.00022  	h136@H13 * ( 0.6782) + h146@H15 * ( 0.7349)	
  147	     H13-H15, antibonding (NB)     	  0.00002	h136@H13 * (-0.7349) + h146@H15 * ( 0.6782)	
  148	(BD) H13-H14, Io = 0.0777          	0.00020  	h137@H13 * ( 0.6791) + h142@H14 * ( 0.7341)	
  149	     H13-H14, antibonding (NB)     	  0.00001	h137@H13 * (-0.7341) + h142@H14 * ( 0.6791)	
  150	(BD) H14-H15, Io = 0.2082          	0.00004  	h140@H14 * ( 0.7772) + h147@H15 * (-0.6292)	
  151	     H14-H15, antibonding (NB)     	  0.00000	h140@H14 * (-0.6292) + h147@H15 * (-0.7772)	
  152	(BD) H14-H15, Io = 0.0014          	0.00023  	h141@H14 * ( 0.7076) + h145@H15 * ( 0.7066)	
  153	     H14-H15, antibonding (NB)     	  0.00002	h141@H14 * ( 0.7066) + h145@H15 * (-0.7076)	
  154	(BD) H16-H17, Io = 0.0377          	0.00005  	h150@H16 * ( 0.7203) + h155@H17 * ( 0.6937)	
  155	     H16-H17, antibonding (NB)     	  0.00001	h150@H16 * ( 0.6937) + h155@H17 * (-0.7203)	
  156	(BD) H16-H17, Io = 0.0000          	0.00131  	h152@H16 * ( 0.7071) + h157@H17 * ( 0.7071)	
  157	     H16-H17, antibonding (NB)     	  0.00000	h152@H16 * ( 0.7071) + h157@H17 * (-0.7071)	

Note: 1 one-center RY orbitals, each having occupancy below 1.00e-03,
      were not printed (use the program option -RyOccPrintThreshold to change this behavior)
      Total occupancy of these RY orbitals is 0.00000


Number of two-center(2C) BD orbitals for each pair of atoms
Centr. A/B         1         2         3         4         5         6         7         8         9        10        11        12        13        14        15        16        17
      1    (     13)         1         3         2         1         0         0         2         0         0         1         0         0         0         0         2         1
      2              (     14)         2         5         2         0         1         3         0         0         0         0         0         0         0         0         0
      3                        (     14)         0         2         4         3         0         0         0         0         0         0         0         0         0         0
      4                                  (     14)         1         2         3         0         1         0         0         0         0         0         0         0         0
      5                                            (     14)         2         3         0         0         2         1         0         0         0         0         0         0
      6                                                      (     14)         2         1         1         0         1         0         0         0         0         0         1
      7                                                                (     14)         1         0         0         0         1         0         0         0         0         0
      8                                                                          (     14)         0         1         0         0         2         2         2         0         0
      9                                                                                    (      5)         0         0         2         1         0         0         0         0
     10                                                                                              (      5)         1         1         0         0         0         0         0
     11                                                                                                        (      5)         0         0         0         0         0         1
     12                                                                                                                  (      5)         0         0         0         1         0
     13                                                                                                                            (      5)         1         1         0         0
     14                                                                                                                                      (      5)         2         0         0
     15                                                                                                                                                (      5)         0         0
     16                                                                                                                                                          (      5)         2
     17                                                                                                                                                                    (      5)

>> LPO  occupancy summary >>
       bonding (BD):     56.54692 in   78 oribtals
  anti-bonding (NB):      1.45308 in   78 oribtals
 1c-lone pairs (LP):      0.00000 in    0 oribtals
 1c-unoccupied (RY):      0.00000 in    1 oribtals

Method        BD+LP....in      NB+RY     BD+NB+LP  BD+NB+LP+RY      trace(D)   Sum[Bd^2+Lp^2]    ||D||^2
  LPO      56.54692    78    1.45308     58.00000     58.00000       58.000       110.2789      116.0000


                          * * *                                         

Creating CLPOs (Chemist's Localized Property-optimized Orbitals)


Optimizing CLPOs...
Finding an optimal hybrid pairing...
    0    1    2    3    4    5    6    7    8    9   10   11   12   13   14   15   16   17   18   19   20   21   22   23   24   25   26   27   28   29   30   31   32   33   34   35   36   37   38   39   40   41   42   43   44   45   46   47   48   49   50   51   52   53   54   55   56   57   58   59   60   61   62   63   64   65   66   67   68   69   70   71   72   73   74   75   76   77   78   79   80   81   82   83   84   85   86   87   88   89   90   91   92   93   94   95   96   97   98   99  100  101  102  103  104  105  106  107  108  109  110  111  112  113  114  115  116  117  118  119  120  121  122  123  124  125  126  127  128  129  130  131  132  133  134  135  136  137  138  139  140  141  142  143  144  145  146  147  148  149  150  151  152  153  154  155  156  157  158  159  160  161  162  163  164  165  166  167  168  169  170  171  172  173  174  175  176  177  178  179  180  181  182  183  184  185  186  187  188  189  190  191  192  193  194  195  196  197  198  199  200  201  202  203  204  205  206  207  208  209  210  211  212  213  214  215  216  217  218  219  220  221  222  223  224  225  226  227  228  229  230  231  232  233  234  235  236  237  238  239  240  241  242  243  244  245  246  247  248  249  250  251  252  253  254  255  256  257  258  259  260  261  262  263  264  265  266  267  268  269  270  271  272  273  274  275  276  277  278  279  280  281  282  283  284  285  286  287  288  289  290  291  292  293  294  295  296  297  298  299  300  301  302  303  304  305  306  307  308  309  310  311  312  313
  157  153  159  160  161  162   34  148  165  166  167  168  169  170  171   43  173  174  175  176  104   57   50  180  181  182  183  184  185   71  187  188  189  190    6   85   78  194  195  196  197  198  199   15  201  202  203  204   76  113   22  208  209  210  211  212  213   21  215  216  217  218   90  118   92  222  223  224  225  226  227   29  229  230  231  232   48  123   36  236  237  238  239  240  241   35  243  244  245  246   62  128   64  250  251  252  253  254  255  133  257  258  259  260   20  138  143  264  265  266  267  268  269   49  271  272  273  274   63  276  277  278  279   77  281  282  283  284   91  286  287  288  289   99  291  292  293  294  105  296  297  298  299  106  301  302  303  304    7  306  307  308  309    1  311  312  313    0   -1    2    3    4    5   -1   -1    8    9   10   11   12   13   14   -1   16   17   18   19   -1   -1   -1   23   24   25   26   27   28   -1   30   31   32   33   -1   -1   -1   37   38   39   40   41   42   -1   44   45   46   47   -1   -1   -1   51   52   53   54   55   56   -1   58   59   60   61   -1   -1   -1   65   66   67   68   69   70   -1   72   73   74   75   -1   -1   -1   79   80   81   82   83   84   -1   86   87   88   89   -1   -1   -1   93   94   95   96   97   98   -1  100  101  102  103   -1   -1   -1  107  108  109  110  111  112   -1  114  115  116  117   -1  119  120  121  122   -1  124  125  126  127   -1  129  130  131  132   -1  134  135  136  137   -1  139  140  141  142   -1  144  145  146  147   -1  149  150  151  152   -1  154  155  156
CLPO iteration  1: hybrids reconnected, target function =  110.2601470
Iterative optimization of atomic hybrids
           Target                 Total        max.atomic       Total        max.atomic     Nxt.step
  Itr.    function    new-old  ||Unew-U||^2   ||unew-u||^2   ||Dnew-D||^2   ||dnew-d||^2     lambda 
    1     110.2601   +1.1e+02    3.205827      0.0673898      0.04868        0.0232997       (none)
    2     110.2611   +9.7e-04    1.677555      0.0389808      0.00706        0.0025496       (none)
    3     110.2611   +9.5e-06    << Converged! (threshold = 1.00e-05) >>
Optimization of hybrids finished
CLPO iteration  1: hybrids optimized, target function =  110.2611311
Finding an optimal hybrid pairing...
    0    1    2    3    4    5    6    7    8    9   10   11   12   13   14   15   16   17   18   19   20   21   22   23   24   25   26   27   28   29   30   31   32   33   34   35   36   37   38   39   40   41   42   43   44   45   46   47   48   49   50   51   52   53   54   55   56   57   58   59   60   61   62   63   64   65   66   67   68   69   70   71   72   73   74   75   76   77   78   79   80   81   82   83   84   85   86   87   88   89   90   91   92   93   94   95   96   97   98   99  100  101  102  103  104  105  106  107  108  109  110  111  112  113  114  115  116  117  118  119  120  121  122  123  124  125  126  127  128  129  130  131  132  133  134  135  136  137  138  139  140  141  142  143  144  145  146  147  148  149  150  151  152  153  154  155  156  157  158  159  160  161  162  163  164  165  166  167  168  169  170  171  172  173  174  175  176  177  178  179  180  181  182  183  184  185  186  187  188  189  190  191  192  193  194  195  196  197  198  199  200  201  202  203  204  205  206  207  208  209  210  211  212  213  214  215  216  217  218  219  220  221  222  223  224  225  226  227  228  229  230  231  232  233  234  235  236  237  238  239  240  241  242  243  244  245  246  247  248  249  250  251  252  253  254  255  256  257  258  259  260  261  262  263  264  265  266  267  268  269  270  271  272  273  274  275  276  277  278  279  280  281  282  283  284  285  286  287  288  289  290  291  292  293  294  295  296  297  298  299  300  301  302  303  304  305  306  307  308  309  310  311  312  313
  157  153  159  160  161  162   34  148  165  166  167  168  169  170  171   43  173  174  175  176  104   57   50  180  181  182  183  184  185   71  187  188  189  190    6   85   78  194  195  196  197  198  199   15  201  202  203  204   76  113   22  208  209  210  211  212  213   21  215  216  217  218   90  118   92  222  223  224  225  226  227   29  229  230  231  232   48  123   36  236  237  238  239  240  241   35  243  244  245  246   62  128   64  250  251  252  253  254  255  133  257  258  259  260   20  138  143  264  265  266  267  268  269   49  271  272  273  274   63  276  277  278  279   77  281  282  283  284   91  286  287  288  289   99  291  292  293  294  105  296  297  298  299  106  301  302  303  304    7  306  307  308  309    1  311  312  313    0   -1    2    3    4    5   -1   -1    8    9   10   11   12   13   14   -1   16   17   18   19   -1   -1   -1   23   24   25   26   27   28   -1   30   31   32   33   -1   -1   -1   37   38   39   40   41   42   -1   44   45   46   47   -1   -1   -1   51   52   53   54   55   56   -1   58   59   60   61   -1   -1   -1   65   66   67   68   69   70   -1   72   73   74   75   -1   -1   -1   79   80   81   82   83   84   -1   86   87   88   89   -1   -1   -1   93   94   95   96   97   98   -1  100  101  102  103   -1   -1   -1  107  108  109  110  111  112   -1  114  115  116  117   -1  119  120  121  122   -1  124  125  126  127   -1  129  130  131  132   -1  134  135  136  137   -1  139  140  141  142   -1  144  145  146  147   -1  149  150  151  152   -1  154  155  156
CLPO iteration  2: hybrids reconnected, target function =  110.2611311
Done! (in 1 iterations)


*** Summary of CLPO results

  CLPO	         D e s c r i p t i o n     	Occupancy	Composition
    2	(BD) N1-H17, Io = 0.3934           	1.99202  	h2@N1 * ( 0.8347) + h154@H17 * ( 0.5507)	
    3	     N1-H17, antibonding (NB)      	  0.00775	h2@N1 * ( 0.5507) + h154@H17 * (-0.8347)	
    4	(LP)  N1                           	1.99933  	1.0 * h3@N1
    6	                            N1 (RY)	  0.00203	1.0 * h5@N1
    7	                            N1 (RY)	  0.00240	1.0 * h6@N1
    8	(BD) N1-C3, Io = 0.2134            	1.98835  	h7@N1 * ( 0.7789) + h35@C3 * (-0.6271)	
    9	     N1-C3, antibonding (NB)       	  0.01921	h7@N1 * (-0.6271) + h35@C3 * (-0.7789)	
   10	(BD) N1-H16, Io = 0.3934           	1.99202  	h8@N1 * ( 0.8347) + h149@H16 * ( 0.5507)	
   11	     N1-H16, antibonding (NB)      	  0.00775	h8@N1 * ( 0.5507) + h149@H16 * (-0.8347)	
   12	(LP)  N1                           	1.81315  	1.0 * h9@N1
   19	(BD) C2-C4, Io = 0.0090            	1.96995  	h16@C2 * ( 0.7103) + h44@C4 * ( 0.7039)	
   20	     C2-C4, antibonding (NB)       	  0.02600	h16@C2 * ( 0.7039) + h44@C4 * (-0.7103)	
   21	(LP)  C2                           	1.99891  	1.0 * h17@C2
   22	                            C2 (RY)	  0.00365	1.0 * h18@C2
   23	                            C2 (RY)	  0.00365	1.0 * h19@C2
   24	                            C2 (RY)	  0.00234	1.0 * h20@C2
   25	(BD) C2-C8, Io = 0.0130            	1.97948  	h21@C2 * ( 0.7117) + h105@C8 * (-0.7025)	
   26	     C2-C8, antibonding (NB)       	  0.01719	h21@C2 * (-0.7025) + h105@C8 * (-0.7117)	
   27	(BD) C2-C5, Io = 0.0090            	1.96994  	h22@C2 * ( 0.7103) + h58@C5 * ( 0.7039)	
   28	     C2-C5, antibonding (NB)       	  0.02601	h22@C2 * ( 0.7039) + h58@C5 * (-0.7103)	
   29	(BD) C2-C4, Io = 0.0392            	1.66344  	h23@C2 * ( 0.7208) + h51@C4 * ( 0.6931)	
   30	     C2-C4, antibonding (NB)       	  0.37984	h23@C2 * ( 0.6931) + h51@C4 * (-0.7208)	
   34	                            C2 (RY)	  0.00175	1.0 * h27@C2
   37	(BD) C3-C6, Io = 0.0214            	1.96837  	h30@C3 * ( 0.7146) + h72@C6 * ( 0.6995)	
   38	     C3-C6, antibonding (NB)       	  0.02557	h30@C3 * ( 0.6995) + h72@C6 * (-0.7146)	
   39	(LP)  C3                           	1.99897  	1.0 * h31@C3
   40	                            C3 (RY)	  0.00425	1.0 * h32@C3
   41	                            C3 (RY)	  0.00425	1.0 * h33@C3
   43	(BD) C3-C7, Io = 0.0214            	1.96837  	h36@C3 * ( 0.7146) + h86@C7 * ( 0.6995)	
   44	     C3-C7, antibonding (NB)       	  0.02558	h36@C3 * ( 0.6995) + h86@C7 * (-0.7146)	
   45	(BD) C3-C6, Io = 0.0944            	1.63102  	h37@C3 * ( 0.6729) + h79@C6 * ( 0.7397)	
   46	     C3-C6, antibonding (NB)       	  0.42320	h37@C3 * (-0.7397) + h79@C6 * ( 0.6729)	
   48	                            C3 (RY)	  0.00199	1.0 * h39@C3
   50	                            C3 (RY)	  0.00154	1.0 * h41@C3
   53	(LP)  C4                           	1.99897  	1.0 * h45@C4
   54	                            C4 (RY)	  0.00540	1.0 * h46@C4
   55	                            C4 (RY)	  0.00296	1.0 * h47@C4
   57	(BD) C4-C6, Io = 0.0024            	1.97405  	h49@C4 * (-0.7063) + h77@C6 * ( 0.7079)	
   58	     C4-C6, antibonding (NB)       	  0.01410	h49@C4 * (-0.7079) + h77@C6 * (-0.7063)	
   59	(BD) C4-H9, Io = 0.2195            	1.97979  	h50@C4 * ( 0.7809) + h114@H9 * (-0.6247)	
   60	     C4-H9, antibonding (NB)       	  0.01520	h50@C4 * (-0.6247) + h114@H9 * (-0.7809)	
   67	(LP)  C5                           	1.99897  	1.0 * h59@C5
   68	                            C5 (RY)	  0.00297	1.0 * h60@C5
   69	                            C5 (RY)	  0.00539	1.0 * h61@C5
   71	(BD) C5-C7, Io = 0.0024            	1.97406  	h63@C5 * (-0.7063) + h91@C7 * ( 0.7079)	
   72	     C5-C7, antibonding (NB)       	  0.01410	h63@C5 * (-0.7079) + h91@C7 * (-0.7063)	
   73	(BD) C5-H10, Io = 0.2195           	1.97979  	h64@C5 * ( 0.7809) + h119@H10 * ( 0.6247)	
   74	     C5-H10, antibonding (NB)      	  0.01520	h64@C5 * ( 0.6247) + h119@H10 * (-0.7809)	
   75	(BD) C5-C7, Io = 0.0639            	1.72527  	h65@C5 * ( 0.6841) + h93@C7 * ( 0.7294)	
   76	     C5-C7, antibonding (NB)       	  0.35519	h65@C5 * (-0.7294) + h93@C7 * ( 0.6841)	
   82	                            C6 (RY)	  0.00115	1.0 * h71@C6
   83	(LP)  C6                           	1.99897  	1.0 * h73@C6
   84	                            C6 (RY)	  0.00512	1.0 * h74@C6
   85	                            C6 (RY)	  0.00255	1.0 * h75@C6
   87	(BD) C6-H11, Io = 0.2160           	1.97928  	h78@C6 * ( 0.7797) + h124@H11 * (-0.6261)	
   88	     C6-H11, antibonding (NB)      	  0.01469	h78@C6 * (-0.6261) + h124@H11 * (-0.7797)	
   95	(LP)  C7                           	1.99897  	1.0 * h87@C7
   96	                            C7 (RY)	  0.00391	1.0 * h88@C7
   97	                            C7 (RY)	  0.00393	1.0 * h89@C7
   99	(BD) C7-H12, Io = 0.2160           	1.97928  	h92@C7 * ( 0.7797) + h129@H12 * ( 0.6261)	
  100	     C7-H12, antibonding (NB)      	  0.01469	h92@C7 * ( 0.6261) + h129@H12 * (-0.7797)	
  102	                            C7 (RY)	  0.00107	1.0 * h95@C7
  107	(BD) C8-H13, Io = 0.2184           	1.98731  	h100@C8 * ( 0.7805) + h134@H13 * ( 0.6251)	
  108	     C8-H13, antibonding (NB)      	  0.00616	h100@C8 * ( 0.6251) + h134@H13 * (-0.7805)	
  109	(LP)  C8                           	1.99922  	1.0 * h101@C8
  111	                            C8 (RY)	  0.00389	1.0 * h103@C8
  112	                            C8 (RY)	  0.00117	1.0 * h104@C8
  113	(BD) C8-H14, Io = 0.2183           	1.98741  	h106@C8 * ( 0.7805) + h139@H14 * (-0.6252)	
  114	     C8-H14, antibonding (NB)      	  0.00609	h106@C8 * (-0.6252) + h139@H14 * (-0.7805)	
  115	(BD) C8-H15, Io = 0.2213           	1.97852  	h107@C8 * ( 0.7815) + h144@H15 * (-0.6240)	
  116	     C8-H15, antibonding (NB)      	  0.01247	h107@C8 * (-0.6240) + h144@H15 * (-0.7815)	
  122	                            H9 (RY)	  0.00186	1.0 * h113@H9
  126	                           H10 (RY)	  0.00186	1.0 * h118@H10
  130	                           H11 (RY)	  0.00186	1.0 * h123@H11
  134	                           H12 (RY)	  0.00186	1.0 * h128@H12
  138	                           H13 (RY)	  0.00153	1.0 * h133@H13
  142	                           H14 (RY)	  0.00152	1.0 * h138@H14
  146	                           H15 (RY)	  0.00187	1.0 * h143@H15
  150	                           H16 (RY)	  0.00196	1.0 * h148@H16
  154	                           H17 (RY)	  0.00196	1.0 * h153@H17

Note: 77 one-center RY orbitals, each having occupancy below 1.00e-03,
      were not printed (use the program option -RyOccPrintThreshold to change this behavior)
      Total occupancy of these RY orbitals is 0.01721


Number of two-center(2C) BD orbitals for each pair of atoms
Centr. A/B         1         2         3         4         5         6         7         8         9        10        11        12        13        14        15        16        17
      1    (      3)         0         1         0         0         0         0         0         0         0         0         0         0         0         0         1         1
      2              (      4)         0         2         1         0         0         1         0         0         0         0         0         0         0         0         0
      3                        (      4)         0         0         2         1         0         0         0         0         0         0         0         0         0         0
      4                                  (      4)         0         1         0         0         1         0         0         0         0         0         0         0         0
      5                                            (      4)         0         2         0         0         1         0         0         0         0         0         0         0
      6                                                      (      4)         0         0         0         0         1         0         0         0         0         0         0
      7                                                                (      4)         0         0         0         0         1         0         0         0         0         0
      8                                                                          (      4)         0         0         0         0         1         1         1         0         0
      9                                                                                    (      1)         0         0         0         0         0         0         0         0
     10                                                                                              (      1)         0         0         0         0         0         0         0
     11                                                                                                        (      1)         0         0         0         0         0         0
     12                                                                                                                  (      1)         0         0         0         0         0
     13                                                                                                                            (      1)         0         0         0         0
     14                                                                                                                                      (      1)         0         0         0
     15                                                                                                                                                (      1)         0         0
     16                                                                                                                                                          (      1)         0
     17                                                                                                                                                                    (      1)
VAL: 	  N 	 3 
VAL: 	  C 	 4 
VAL: 	  C 	 4 
VAL: 	  C 	 4 
VAL: 	  C 	 4 
VAL: 	  C 	 4 
VAL: 	  C 	 4 
VAL: 	  C 	 4 
VAL: 	  H 	 1 
VAL: 	  H 	 1 
VAL: 	  H 	 1 
VAL: 	  H 	 1 
VAL: 	  H 	 1 
VAL: 	  H 	 1 
VAL: 	  H 	 1 
VAL: 	  H 	 1 
VAL: 	  H 	 1 

>> CLPO occupancy summary >>
       bonding (BD):     38.66771 in   20 oribtals
  anti-bonding (NB):      1.42598 in   20 oribtals
 1c-lone pairs (LP):     17.80547 in    9 oribtals
 1c-unoccupied (RY):      0.10084 in  108 oribtals

Method        BD+LP....in      NB+RY     BD+NB+LP  BD+NB+LP+RY      trace(D)   Sum[Bd^2+Lp^2]    ||D||^2
  CLPO     56.47318    29    1.52682     57.89916     58.00000       58.000       110.2608      116.0000

                          * * *                                         

Atomic connectivity analysis based on CLPO bonding graph:

There are 1 molecule(s) in the system
(the 'molecule' is defined as the set of atoms linked with BD orbitals)

Molecule   TotalNPA    NumberOf   ListOf 
id         charge      atoms      atoms...
   1       +0.00000       17      N1 C2 C3 C4 C5 C6 C7 C8 H9 H10 H11 H12 H13 H14 H15 H16 H17

Note: The total NPA charge is computed as the sum of NPA charge of atoms belonging to each molecule

                          * * *                                         

Approximate charge transfer analysis in CLPO basis
NOTE: this is an experimental feature AND IS SUBJECT TO CHANGE!
 We expect to have the underlying theory published soon...

Threshold for printing: 0.01000 

IntrAfragment charge transfers (conjugation analysis, etc.)
CT within fragment 1

 orb.num.   description  occup.  -->  charge, e  -->   occup.   description  orb.num.
    12           N1:LP   1.8132  -->   0.01614   -->   0.3798         C2-C4:NB    30
    12           N1:LP   1.8132  -->   0.12102   -->   0.4232         C3-C6:NB    46
    29        C2-C4:BD   1.6634  -->   0.11546   -->   0.4232         C3-C6:NB    46
    29        C2-C4:BD   1.6634  -->   0.16802   -->   0.3552         C5-C7:NB    76
    45        C3-C6:BD   1.6310  -->   0.17580   -->   0.3798         C2-C4:NB    30
    45        C3-C6:BD   1.6310  -->   0.13972   -->   0.3552         C5-C7:NB    76
    75        C5-C7:BD   1.7253  -->   0.10506   -->   0.3798         C2-C4:NB    30
    75        C5-C7:BD   1.7253  -->   0.11159   -->   0.4232         C3-C6:NB    46
   115       C8-H15:BD   1.9785  -->   0.01173   -->   0.3798         C2-C4:NB    30

3703 orbital pairs with total charge transfer of 0.38086 were not printed


IntErfragment charge transfers (donor-acceptor analysis, etc.)

Inter-molecular charge transfer summary (NEW):
Mol  Accepted -Donated  =  got_electrons
  1  +0.00000 -0.00000  =   +0.00000

                          * * *                                         



0 warning(s)

Total run time: 0 min, 4.6 sec


                          * * *                                         

