Running Quantum ESPRESSO with 33 processes and input file: input.in
Process started: input.out (running in background)
--------------------------------------------------------------------------
By default, for Open MPI 4.0 and later, infiniband ports on a device
are not used by default.  The intent is to use UCX for these devices.
You can override this policy by setting the btl_openib_allow_ib MCA parameter
to true.

  Local host:              psid08
  Local adapter:           mlx4_0
  Local port:              1

--------------------------------------------------------------------------
--------------------------------------------------------------------------
WARNING: There was an error initializing an OpenFabrics device.

  Local host:   psid08
  Local device: mlx4_0
--------------------------------------------------------------------------
--------------------------------------------------------------------------
MPI_ABORT was invoked on rank 32 in communicator MPI_COMM_WORLD
with errorcode 1.

NOTE: invoking MPI_ABORT causes Open MPI to kill all MPI processes.
You may or may not see output from other processes, depending on
exactly when Open MPI kills them.
--------------------------------------------------------------------------
[psid08:186979] PMIX ERROR: UNREACHABLE in file server/pmix_server.c at line 2198
[psid08:186979] PMIX ERROR: UNREACHABLE in file server/pmix_server.c at line 2198
[psid08:186979] PMIX ERROR: UNREACHABLE in file server/pmix_server.c at line 2198
[psid08:186979] PMIX ERROR: UNREACHABLE in file server/pmix_server.c at line 2198
[psid08:186979] PMIX ERROR: UNREACHABLE in file server/pmix_server.c at line 2198
[psid08:186979] PMIX ERROR: UNREACHABLE in file server/pmix_server.c at line 2198
[psid08:186979] PMIX ERROR: UNREACHABLE in file server/pmix_server.c at line 2198
[psid08:186979] PMIX ERROR: UNREACHABLE in file server/pmix_server.c at line 2198
[psid08:186979] PMIX ERROR: UNREACHABLE in file server/pmix_server.c at line 2198
[psid08:186979] PMIX ERROR: UNREACHABLE in file server/pmix_server.c at line 2198
[psid08:186979] PMIX ERROR: UNREACHABLE in file server/pmix_server.c at line 2198
[psid08:186979] PMIX ERROR: UNREACHABLE in file server/pmix_server.c at line 2198
[psid08:186979] PMIX ERROR: UNREACHABLE in file server/pmix_server.c at line 2198
[psid08:186979] PMIX ERROR: UNREACHABLE in file server/pmix_server.c at line 2198
[psid08:186979] PMIX ERROR: UNREACHABLE in file server/pmix_server.c at line 2198
[psid08:186979] PMIX ERROR: UNREACHABLE in file server/pmix_server.c at line 2198
[psid08:186979] PMIX ERROR: UNREACHABLE in file server/pmix_server.c at line 2198
[psid08:186979] PMIX ERROR: UNREACHABLE in file server/pmix_server.c at line 2198
[psid08:186979] PMIX ERROR: UNREACHABLE in file server/pmix_server.c at line 2198
[psid08:186979] PMIX ERROR: UNREACHABLE in file server/pmix_server.c at line 2198
[psid08:186979] PMIX ERROR: UNREACHABLE in file server/pmix_server.c at line 2198
[psid08:186979] PMIX ERROR: UNREACHABLE in file server/pmix_server.c at line 2198
[psid08:186979] PMIX ERROR: UNREACHABLE in file server/pmix_server.c at line 2198
[psid08:186979] PMIX ERROR: UNREACHABLE in file server/pmix_server.c at line 2198
[psid08:186979] PMIX ERROR: UNREACHABLE in file server/pmix_server.c at line 2198
[psid08:186979] PMIX ERROR: UNREACHABLE in file server/pmix_server.c at line 2198
[psid08:186979] PMIX ERROR: UNREACHABLE in file server/pmix_server.c at line 2198
[psid08:186979] PMIX ERROR: UNREACHABLE in file server/pmix_server.c at line 2198
[psid08:186979] PMIX ERROR: UNREACHABLE in file server/pmix_server.c at line 2198
[psid08:186979] PMIX ERROR: UNREACHABLE in file server/pmix_server.c at line 2198
[psid08:186979] 32 more processes have sent help message help-mpi-btl-openib.txt / ib port not selected
[psid08:186979] Set MCA parameter "orte_base_help_aggregate" to 0 to see all help / error messages
[psid08:186979] 32 more processes have sent help message help-mpi-btl-openib.txt / error in device init
[psid08:186979] 32 more processes have sent help message help-mpi-api.txt / mpi-abort
Running Quantum ESPRESSO with 33 processes and input file: input.in
Process started: input.out (running in background)
--------------------------------------------------------------------------
By default, for Open MPI 4.0 and later, infiniband ports on a device
are not used by default.  The intent is to use UCX for these devices.
You can override this policy by setting the btl_openib_allow_ib MCA parameter
to true.

  Local host:              psid08
  Local adapter:           mlx4_0
  Local port:              1

--------------------------------------------------------------------------
--------------------------------------------------------------------------
WARNING: There was an error initializing an OpenFabrics device.

  Local host:   psid08
  Local device: mlx4_0
--------------------------------------------------------------------------
--------------------------------------------------------------------------
MPI_ABORT was invoked on rank 13 in communicator MPI_COMM_WORLD
with errorcode 1.

NOTE: invoking MPI_ABORT causes Open MPI to kill all MPI processes.
You may or may not see output from other processes, depending on
exactly when Open MPI kills them.
--------------------------------------------------------------------------
[psid08:187157] PMIX ERROR: UNREACHABLE in file server/pmix_server.c at line 2198
[psid08:187157] PMIX ERROR: UNREACHABLE in file server/pmix_server.c at line 2198
[psid08:187157] PMIX ERROR: UNREACHABLE in file server/pmix_server.c at line 2198
[psid08:187157] PMIX ERROR: UNREACHABLE in file server/pmix_server.c at line 2198
[psid08:187157] PMIX ERROR: UNREACHABLE in file server/pmix_server.c at line 2198
[psid08:187157] PMIX ERROR: UNREACHABLE in file server/pmix_server.c at line 2198
[psid08:187157] PMIX ERROR: UNREACHABLE in file server/pmix_server.c at line 2198
[psid08:187157] PMIX ERROR: UNREACHABLE in file server/pmix_server.c at line 2198
[psid08:187157] PMIX ERROR: UNREACHABLE in file server/pmix_server.c at line 2198
[psid08:187157] PMIX ERROR: UNREACHABLE in file server/pmix_server.c at line 2198
[psid08:187157] PMIX ERROR: UNREACHABLE in file server/pmix_server.c at line 2198
[psid08:187157] PMIX ERROR: UNREACHABLE in file server/pmix_server.c at line 2198
[psid08:187157] PMIX ERROR: UNREACHABLE in file server/pmix_server.c at line 2198
[psid08:187157] PMIX ERROR: UNREACHABLE in file server/pmix_server.c at line 2198
[psid08:187157] PMIX ERROR: UNREACHABLE in file server/pmix_server.c at line 2198
[psid08:187157] PMIX ERROR: UNREACHABLE in file server/pmix_server.c at line 2198
[psid08:187157] PMIX ERROR: UNREACHABLE in file server/pmix_server.c at line 2198
[psid08:187157] PMIX ERROR: UNREACHABLE in file server/pmix_server.c at line 2198
[psid08:187157] PMIX ERROR: UNREACHABLE in file server/pmix_server.c at line 2198
[psid08:187157] PMIX ERROR: UNREACHABLE in file server/pmix_server.c at line 2198
[psid08:187157] PMIX ERROR: UNREACHABLE in file server/pmix_server.c at line 2198
[psid08:187157] PMIX ERROR: UNREACHABLE in file server/pmix_server.c at line 2198
[psid08:187157] PMIX ERROR: UNREACHABLE in file server/pmix_server.c at line 2198
[psid08:187157] PMIX ERROR: UNREACHABLE in file server/pmix_server.c at line 2198
[psid08:187157] PMIX ERROR: UNREACHABLE in file server/pmix_server.c at line 2198
[psid08:187157] PMIX ERROR: UNREACHABLE in file server/pmix_server.c at line 2198
[psid08:187157] PMIX ERROR: UNREACHABLE in file server/pmix_server.c at line 2198
[psid08:187157] PMIX ERROR: UNREACHABLE in file server/pmix_server.c at line 2198
[psid08:187157] PMIX ERROR: UNREACHABLE in file server/pmix_server.c at line 2198
[psid08:187157] PMIX ERROR: UNREACHABLE in file server/pmix_server.c at line 2198
[psid08:187157] PMIX ERROR: UNREACHABLE in file server/pmix_server.c at line 2198
[psid08:187157] PMIX ERROR: UNREACHABLE in file server/pmix_server.c at line 2198
[psid08:187157] 32 more processes have sent help message help-mpi-btl-openib.txt / ib port not selected
[psid08:187157] Set MCA parameter "orte_base_help_aggregate" to 0 to see all help / error messages
[psid08:187157] 32 more processes have sent help message help-mpi-btl-openib.txt / error in device init
[psid08:187157] 32 more processes have sent help message help-mpi-api.txt / mpi-abort
Running Quantum ESPRESSO with 33 processes and input file: input.in
Process started: input.out (running in background)
--------------------------------------------------------------------------
By default, for Open MPI 4.0 and later, infiniband ports on a device
are not used by default.  The intent is to use UCX for these devices.
You can override this policy by setting the btl_openib_allow_ib MCA parameter
to true.

  Local host:              psid08
  Local adapter:           mlx4_0
  Local port:              1

--------------------------------------------------------------------------
--------------------------------------------------------------------------
WARNING: There was an error initializing an OpenFabrics device.

  Local host:   psid08
  Local device: mlx4_0
--------------------------------------------------------------------------
--------------------------------------------------------------------------
MPI_ABORT was invoked on rank 4 in communicator MPI_COMM_WORLD
with errorcode 1.

NOTE: invoking MPI_ABORT causes Open MPI to kill all MPI processes.
You may or may not see output from other processes, depending on
exactly when Open MPI kills them.
--------------------------------------------------------------------------
[psid08:187402] PMIX ERROR: UNREACHABLE in file server/pmix_server.c at line 2198
[psid08:187402] PMIX ERROR: UNREACHABLE in file server/pmix_server.c at line 2198
[psid08:187402] PMIX ERROR: UNREACHABLE in file server/pmix_server.c at line 2198
[psid08:187402] PMIX ERROR: UNREACHABLE in file server/pmix_server.c at line 2198
[psid08:187402] PMIX ERROR: UNREACHABLE in file server/pmix_server.c at line 2198
[psid08:187402] PMIX ERROR: UNREACHABLE in file server/pmix_server.c at line 2198
[psid08:187402] PMIX ERROR: UNREACHABLE in file server/pmix_server.c at line 2198
[psid08:187402] PMIX ERROR: UNREACHABLE in file server/pmix_server.c at line 2198
[psid08:187402] PMIX ERROR: UNREACHABLE in file server/pmix_server.c at line 2198
[psid08:187402] PMIX ERROR: UNREACHABLE in file server/pmix_server.c at line 2198
[psid08:187402] PMIX ERROR: UNREACHABLE in file server/pmix_server.c at line 2198
[psid08:187402] PMIX ERROR: UNREACHABLE in file server/pmix_server.c at line 2198
[psid08:187402] PMIX ERROR: UNREACHABLE in file server/pmix_server.c at line 2198
[psid08:187402] PMIX ERROR: UNREACHABLE in file server/pmix_server.c at line 2198
[psid08:187402] PMIX ERROR: UNREACHABLE in file server/pmix_server.c at line 2198
[psid08:187402] PMIX ERROR: UNREACHABLE in file server/pmix_server.c at line 2198
[psid08:187402] PMIX ERROR: UNREACHABLE in file server/pmix_server.c at line 2198
[psid08:187402] PMIX ERROR: UNREACHABLE in file server/pmix_server.c at line 2198
[psid08:187402] PMIX ERROR: UNREACHABLE in file server/pmix_server.c at line 2198
[psid08:187402] PMIX ERROR: UNREACHABLE in file server/pmix_server.c at line 2198
[psid08:187402] PMIX ERROR: UNREACHABLE in file server/pmix_server.c at line 2198
[psid08:187402] PMIX ERROR: UNREACHABLE in file server/pmix_server.c at line 2198
[psid08:187402] PMIX ERROR: UNREACHABLE in file server/pmix_server.c at line 2198
[psid08:187402] PMIX ERROR: UNREACHABLE in file server/pmix_server.c at line 2198
[psid08:187402] PMIX ERROR: UNREACHABLE in file server/pmix_server.c at line 2198
[psid08:187402] PMIX ERROR: UNREACHABLE in file server/pmix_server.c at line 2198
[psid08:187402] PMIX ERROR: UNREACHABLE in file server/pmix_server.c at line 2198
[psid08:187402] PMIX ERROR: UNREACHABLE in file server/pmix_server.c at line 2198
[psid08:187402] PMIX ERROR: UNREACHABLE in file server/pmix_server.c at line 2198
[psid08:187402] PMIX ERROR: UNREACHABLE in file server/pmix_server.c at line 2198
[psid08:187402] PMIX ERROR: UNREACHABLE in file server/pmix_server.c at line 2198
[psid08:187402] 32 more processes have sent help message help-mpi-btl-openib.txt / ib port not selected
[psid08:187402] Set MCA parameter "orte_base_help_aggregate" to 0 to see all help / error messages
[psid08:187402] 32 more processes have sent help message help-mpi-btl-openib.txt / error in device init
[psid08:187402] 32 more processes have sent help message help-mpi-api.txt / mpi-abort
Running Quantum ESPRESSO with 33 processes and input file: input.in
Process started: input.out (running in background)
--------------------------------------------------------------------------
By default, for Open MPI 4.0 and later, infiniband ports on a device
are not used by default.  The intent is to use UCX for these devices.
You can override this policy by setting the btl_openib_allow_ib MCA parameter
to true.

  Local host:              psid08
  Local adapter:           mlx4_0
  Local port:              1

--------------------------------------------------------------------------
--------------------------------------------------------------------------
WARNING: There was an error initializing an OpenFabrics device.

  Local host:   psid08
  Local device: mlx4_0
--------------------------------------------------------------------------
[psid08:187546] [[41450,0],0] ORTE_ERROR_LOG: Data unpack would read past end of buffer in file util/show_help.c at line 501
[psid08:187546] 32 more processes have sent help message help-mpi-btl-openib.txt / ib port not selected
[psid08:187546] Set MCA parameter "orte_base_help_aggregate" to 0 to see all help / error messages
[psid08:187546] 31 more processes have sent help message help-mpi-btl-openib.txt / error in device init
